<?xml version="1.0" encoding="UTF-8"?>
<coverage generated="1708024370555" clover="3.2.0">
  <project timestamp="1708024370555" name="All files">
    <metrics statements="718" coveredstatements="308" conditionals="401" coveredconditionals="141" methods="204" coveredmethods="61" elements="1323" coveredelements="510" complexity="0" loc="718" ncloc="718" packages="7" files="21" classes="21"/>
    <package name="src">
      <metrics statements="96" coveredstatements="3" conditionals="47" coveredconditionals="0" methods="28" coveredmethods="0"/>
      <file name="bitcoind.js" path="/home/runner/work/caravan/caravan/apps/coordinator/src/bitcoind.js">
        <metrics statements="43" coveredstatements="0" conditionals="19" coveredconditionals="0" methods="14" coveredmethods="0"/>
        <line num="8" count="0" type="stmt"/>
        <line num="9" count="0" type="stmt"/>
        <line num="23" count="0" type="stmt"/>
        <line num="35" count="0" type="stmt"/>
        <line num="44" count="0" type="stmt"/>
        <line num="45" count="0" type="stmt"/>
        <line num="46" count="0" type="stmt"/>
        <line num="58" count="0" type="stmt"/>
        <line num="59" count="0" type="cond" truecount="0" falsecount="2"/>
        <line num="60" count="0" type="stmt"/>
        <line num="65" count="0" type="stmt"/>
        <line num="66" count="0" type="stmt"/>
        <line num="67" count="0" type="stmt"/>
        <line num="69" count="0" type="stmt"/>
        <line num="70" count="0" type="stmt"/>
        <line num="71" count="0" type="stmt"/>
        <line num="72" count="0" type="stmt"/>
        <line num="84" count="0" type="stmt"/>
        <line num="85" count="0" type="stmt"/>
        <line num="90" count="0" type="stmt"/>
        <line num="91" count="0" type="stmt"/>
        <line num="94" count="0" type="cond" truecount="0" falsecount="2"/>
        <line num="95" count="0" type="stmt"/>
        <line num="97" count="0" type="stmt"/>
        <line num="101" count="0" type="cond" truecount="0" falsecount="2"/>
        <line num="103" count="0" type="stmt"/>
        <line num="106" count="0" type="stmt"/>
        <line num="107" count="0" type="stmt"/>
        <line num="112" count="0" type="stmt"/>
        <line num="113" count="0" type="stmt"/>
        <line num="114" count="0" type="stmt"/>
        <line num="118" count="0" type="stmt"/>
        <line num="119" count="0" type="stmt"/>
        <line num="120" count="0" type="stmt"/>
        <line num="123" count="0" type="stmt"/>
        <line num="124" count="0" type="cond" truecount="0" falsecount="3"/>
        <line num="129" count="0" type="stmt"/>
        <line num="130" count="0" type="stmt"/>
        <line num="138" count="0" type="stmt"/>
        <line num="139" count="0" type="cond" truecount="0" falsecount="2"/>
        <line num="140" count="0" type="stmt"/>
        <line num="141" count="0" type="stmt"/>
        <line num="143" count="0" type="stmt"/>
      </file>
      <file name="block_explorer.js" path="/home/runner/work/caravan/caravan/apps/coordinator/src/block_explorer.js">
        <metrics statements="27" coveredstatements="1" conditionals="14" coveredconditionals="0" methods="7" coveredmethods="0"/>
        <line num="6" count="1" type="stmt"/>
        <line num="7" count="0" type="stmt"/>
        <line num="17" count="0" type="stmt"/>
        <line num="18" count="0" type="stmt"/>
        <line num="21" count="0" type="stmt"/>
        <line num="22" count="0" type="stmt"/>
        <line num="26" count="0" type="stmt"/>
        <line num="28" count="0" type="stmt"/>
        <line num="31" count="0" type="stmt"/>
        <line num="32" count="0" type="stmt"/>
        <line num="33" count="0" type="stmt"/>
        <line num="45" count="0" type="cond" truecount="0" falsecount="3"/>
        <line num="50" count="0" type="stmt"/>
        <line num="52" count="0" type="stmt"/>
        <line num="54" count="0" type="stmt"/>
        <line num="57" count="0" type="stmt"/>
        <line num="58" count="0" type="stmt"/>
        <line num="64" count="0" type="cond" truecount="0" falsecount="3"/>
        <line num="69" count="0" type="stmt"/>
        <line num="70" count="0" type="stmt"/>
        <line num="73" count="0" type="stmt"/>
        <line num="74" count="0" type="stmt"/>
        <line num="76" count="0" type="cond" truecount="0" falsecount="3"/>
        <line num="84" count="0" type="stmt"/>
        <line num="85" count="0" type="stmt"/>
        <line num="89" count="0" type="stmt"/>
        <line num="91" count="0" type="cond" truecount="0" falsecount="3"/>
      </file>
      <file name="blockchain.js" path="/home/runner/work/caravan/caravan/apps/coordinator/src/blockchain.js">
        <metrics statements="26" coveredstatements="2" conditionals="14" coveredconditionals="0" methods="7" coveredmethods="0"/>
        <line num="18" count="1" type="stmt"/>
        <line num="19" count="1" type="stmt"/>
        <line num="22" count="0" type="cond" truecount="0" falsecount="2"/>
        <line num="23" count="0" type="stmt"/>
        <line num="25" count="0" type="stmt"/>
        <line num="42" count="0" type="stmt"/>
        <line num="48" count="0" type="stmt"/>
        <line num="49" count="0" type="stmt"/>
        <line num="51" count="0" type="cond" truecount="0" falsecount="4"/>
        <line num="52" count="0" type="stmt"/>
        <line num="60" count="0" type="stmt"/>
        <line num="65" count="0" type="cond" truecount="0" falsecount="2"/>
        <line num="68" count="0" type="stmt"/>
        <line num="71" count="0" type="stmt"/>
        <line num="72" count="0" type="stmt"/>
        <line num="74" count="0" type="stmt"/>
        <line num="78" count="0" type="stmt"/>
        <line num="88" count="0" type="cond" truecount="0" falsecount="2"/>
        <line num="89" count="0" type="stmt"/>
        <line num="91" count="0" type="stmt"/>
        <line num="98" count="0" type="cond" truecount="0" falsecount="2"/>
        <line num="99" count="0" type="stmt"/>
        <line num="101" count="0" type="stmt"/>
        <line num="108" count="0" type="cond" truecount="0" falsecount="2"/>
        <line num="109" count="0" type="stmt"/>
        <line num="111" count="0" type="stmt"/>
      </file>
    </package>
    <package name="src.actions">
      <metrics statements="235" coveredstatements="48" conditionals="72" coveredconditionals="0" methods="71" coveredmethods="0"/>
      <file name="errorNotificationActions.js" path="/home/runner/work/caravan/caravan/apps/coordinator/src/actions/errorNotificationActions.js">
        <metrics statements="4" coveredstatements="2" conditionals="0" coveredconditionals="0" methods="2" coveredmethods="0"/>
        <line num="1" count="1" type="stmt"/>
        <line num="2" count="1" type="stmt"/>
        <line num="5" count="0" type="stmt"/>
        <line num="12" count="0" type="stmt"/>
      </file>
      <file name="settingsActions.js" path="/home/runner/work/caravan/caravan/apps/coordinator/src/actions/settingsActions.js">
        <metrics statements="12" coveredstatements="6" conditionals="0" coveredconditionals="0" methods="6" coveredmethods="0"/>
        <line num="1" count="1" type="stmt"/>
        <line num="2" count="1" type="stmt"/>
        <line num="3" count="1" type="stmt"/>
        <line num="4" count="1" type="stmt"/>
        <line num="5" count="1" type="stmt"/>
        <line num="6" count="1" type="stmt"/>
        <line num="9" count="0" type="stmt"/>
        <line num="16" count="0" type="stmt"/>
        <line num="23" count="0" type="stmt"/>
        <line num="30" count="0" type="stmt"/>
        <line num="37" count="0" type="stmt"/>
        <line num="44" count="0" type="stmt"/>
      </file>
      <file name="transactionActions.js" path="/home/runner/work/caravan/caravan/apps/coordinator/src/actions/transactionActions.js">
        <metrics statements="140" coveredstatements="27" conditionals="39" coveredconditionals="0" methods="43" coveredmethods="0"/>
        <line num="12" count="1" type="stmt"/>
        <line num="14" count="1" type="stmt"/>
        <line num="15" count="1" type="stmt"/>
        <line num="17" count="1" type="stmt"/>
        <line num="19" count="1" type="stmt"/>
        <line num="20" count="1" type="stmt"/>
        <line num="21" count="1" type="stmt"/>
        <line num="22" count="1" type="stmt"/>
        <line num="24" count="1" type="stmt"/>
        <line num="25" count="1" type="stmt"/>
        <line num="27" count="1" type="stmt"/>
        <line num="28" count="1" type="stmt"/>
        <line num="30" count="1" type="stmt"/>
        <line num="31" count="1" type="stmt"/>
        <line num="32" count="1" type="stmt"/>
        <line num="33" count="1" type="stmt"/>
        <line num="34" count="1" type="stmt"/>
        <line num="35" count="1" type="stmt"/>
        <line num="36" count="1" type="stmt"/>
        <line num="37" count="1" type="stmt"/>
        <line num="38" count="1" type="stmt"/>
        <line num="39" count="1" type="stmt"/>
        <line num="40" count="1" type="stmt"/>
        <line num="41" count="1" type="stmt"/>
        <line num="42" count="1" type="stmt"/>
        <line num="43" count="1" type="stmt"/>
        <line num="44" count="1" type="stmt"/>
        <line num="47" count="0" type="stmt"/>
        <line num="53" count="0" type="stmt"/>
        <line num="60" count="0" type="stmt"/>
        <line num="67" count="0" type="stmt"/>
        <line num="74" count="0" type="stmt"/>
        <line num="80" count="0" type="stmt"/>
        <line num="87" count="0" type="stmt"/>
        <line num="95" count="0" type="stmt"/>
        <line num="103" count="0" type="stmt"/>
        <line num="111" count="0" type="stmt"/>
        <line num="118" count="0" type="stmt"/>
        <line num="123" count="0" type="stmt"/>
        <line num="127" count="0" type="cond" truecount="0" falsecount="2"/>
        <line num="130" count="0" type="cond" truecount="0" falsecount="2"/>
        <line num="131" count="0" type="stmt"/>
        <line num="132" count="0" type="stmt"/>
        <line num="133" count="0" type="stmt"/>
        <line num="134" count="0" type="stmt"/>
        <line num="139" count="0" type="stmt"/>
        <line num="146" count="0" type="stmt"/>
        <line num="147" count="0" type="stmt"/>
        <line num="148" count="0" type="cond" truecount="0" falsecount="2"/>
        <line num="150" count="0" type="stmt"/>
        <line num="155" count="0" type="stmt"/>
        <line num="162" count="0" type="stmt"/>
        <line num="169" count="0" type="stmt"/>
        <line num="176" count="0" type="stmt"/>
        <line num="182" count="0" type="stmt"/>
        <line num="189" count="0" type="stmt"/>
        <line num="196" count="0" type="stmt"/>
        <line num="202" count="0" type="stmt"/>
        <line num="208" count="0" type="stmt"/>
        <line num="215" count="0" type="stmt"/>
        <line num="221" count="0" type="stmt"/>
        <line num="228" count="0" type="stmt"/>
        <line num="236" count="0" type="stmt"/>
        <line num="251" count="0" type="stmt"/>
        <line num="252" count="0" type="stmt"/>
        <line num="253" count="0" type="stmt"/>
        <line num="259" count="0" type="stmt"/>
        <line num="260" count="0" type="stmt"/>
        <line num="261" count="0" type="stmt"/>
        <line num="264" count="0" type="stmt"/>
        <line num="273" count="0" type="stmt"/>
        <line num="275" count="0" type="cond" truecount="0" falsecount="2"/>
        <line num="279" count="0" type="stmt"/>
        <line num="288" count="0" type="cond" truecount="0" falsecount="2"/>
        <line num="293" count="0" type="stmt"/>
        <line num="298" count="0" type="stmt"/>
        <line num="303" count="0" type="stmt"/>
        <line num="304" count="0" type="stmt"/>
        <line num="305" count="0" type="stmt"/>
        <line num="306" count="0" type="stmt"/>
        <line num="307" count="0" type="cond" truecount="0" falsecount="2"/>
        <line num="308" count="0" type="stmt"/>
        <line num="311" count="0" type="cond" truecount="0" falsecount="2"/>
        <line num="312" count="0" type="stmt"/>
        <line num="314" count="0" type="cond" truecount="0" falsecount="2"/>
        <line num="315" count="0" type="stmt"/>
        <line num="318" count="0" type="stmt"/>
        <line num="319" count="0" type="stmt"/>
        <line num="321" count="0" type="stmt"/>
        <line num="323" count="0" type="stmt"/>
        <line num="325" count="0" type="stmt"/>
        <line num="326" count="0" type="stmt"/>
        <line num="330" count="0" type="stmt"/>
        <line num="331" count="0" type="stmt"/>
        <line num="332" count="0" type="stmt"/>
        <line num="333" count="0" type="stmt"/>
        <line num="334" count="0" type="cond" truecount="0" falsecount="2"/>
        <line num="335" count="0" type="stmt"/>
        <line num="341" count="0" type="stmt"/>
        <line num="346" count="0" type="cond" truecount="0" falsecount="2"/>
        <line num="347" count="0" type="stmt"/>
        <line num="349" count="0" type="cond" truecount="0" falsecount="2"/>
        <line num="350" count="0" type="stmt"/>
        <line num="355" count="0" type="stmt"/>
        <line num="357" count="0" type="stmt"/>
        <line num="358" count="0" type="stmt"/>
        <line num="359" count="0" type="stmt"/>
        <line num="360" count="0" type="stmt"/>
        <line num="361" count="0" type="cond" truecount="0" falsecount="2"/>
        <line num="362" count="0" type="stmt"/>
        <line num="365" count="0" type="cond" truecount="0" falsecount="2"/>
        <line num="366" count="0" type="stmt"/>
        <line num="367" count="0" type="stmt"/>
        <line num="369" count="0" type="stmt"/>
        <line num="370" count="0" type="stmt"/>
        <line num="373" count="0" type="stmt"/>
        <line num="374" count="0" type="stmt"/>
        <line num="375" count="0" type="stmt"/>
        <line num="376" count="0" type="stmt"/>
        <line num="377" count="0" type="stmt"/>
        <line num="379" count="0" type="stmt"/>
        <line num="389" count="0" type="stmt"/>
        <line num="390" count="0" type="stmt"/>
        <line num="391" count="0" type="stmt"/>
        <line num="392" count="0" type="stmt"/>
        <line num="393" count="0" type="cond" truecount="0" falsecount="2"/>
        <line num="394" count="0" type="stmt"/>
        <line num="397" count="0" type="cond" truecount="0" falsecount="2"/>
        <line num="398" count="0" type="stmt"/>
        <line num="400" count="0" type="cond" truecount="0" falsecount="2"/>
        <line num="401" count="0" type="stmt"/>
        <line num="404" count="0" type="stmt"/>
        <line num="405" count="0" type="stmt"/>
        <line num="417" count="0" type="stmt"/>
        <line num="418" count="0" type="stmt"/>
        <line num="419" count="0" type="stmt"/>
        <line num="420" count="0" type="stmt"/>
        <line num="421" count="0" type="cond" truecount="0" falsecount="2"/>
        <line num="422" count="0" type="stmt"/>
        <line num="424" count="0" type="stmt"/>
      </file>
      <file name="walletActions.js" path="/home/runner/work/caravan/caravan/apps/coordinator/src/actions/walletActions.js">
        <metrics statements="79" coveredstatements="13" conditionals="33" coveredconditionals="0" methods="20" coveredmethods="0"/>
        <line num="20" count="1" type="stmt"/>
        <line num="21" count="1" type="stmt"/>
        <line num="22" count="1" type="stmt"/>
        <line num="23" count="1" type="stmt"/>
        <line num="24" count="1" type="stmt"/>
        <line num="25" count="1" type="stmt"/>
        <line num="26" count="1" type="stmt"/>
        <line num="27" count="1" type="stmt"/>
        <line num="28" count="1" type="stmt"/>
        <line num="29" count="1" type="stmt"/>
        <line num="30" count="1" type="stmt"/>
        <line num="31" count="1" type="stmt"/>
        <line num="33" count="1" type="stmt"/>
        <line num="40" count="0" type="stmt"/>
        <line num="50" count="0" type="stmt"/>
        <line num="60" count="0" type="stmt"/>
        <line num="76" count="0" type="stmt"/>
        <line num="87" count="0" type="stmt"/>
        <line num="88" count="0" type="stmt"/>
        <line num="89" count="0" type="stmt"/>
        <line num="90" count="0" type="stmt"/>
        <line num="96" count="0" type="stmt"/>
        <line num="97" count="0" type="stmt"/>
        <line num="106" count="0" type="stmt"/>
        <line num="112" count="0" type="stmt"/>
        <line num="121" count="0" type="cond" truecount="0" falsecount="2"/>
        <line num="123" count="0" type="stmt"/>
        <line num="124" count="0" type="stmt"/>
        <line num="127" count="0" type="stmt"/>
        <line num="128" count="0" type="stmt"/>
        <line num="131" count="0" type="stmt"/>
        <line num="136" count="0" type="stmt"/>
        <line num="141" count="0" type="stmt"/>
        <line num="148" count="0" type="stmt"/>
        <line num="154" count="0" type="stmt"/>
        <line num="156" count="0" type="stmt"/>
        <line num="157" count="0" type="stmt"/>
        <line num="174" count="0" type="stmt"/>
        <line num="185" count="0" type="stmt"/>
        <line num="189" count="0" type="stmt"/>
        <line num="190" count="0" type="stmt"/>
        <line num="191" count="0" type="stmt"/>
        <line num="201" count="0" type="stmt"/>
        <line num="205" count="0" type="cond" truecount="0" falsecount="4"/>
        <line num="206" count="0" type="stmt"/>
        <line num="210" count="0" type="stmt"/>
        <line num="215" count="0" type="stmt"/>
        <line num="218" count="0" type="stmt"/>
        <line num="219" count="0" type="stmt"/>
        <line num="223" count="0" type="cond" truecount="0" falsecount="4"/>
        <line num="224" count="0" type="stmt"/>
        <line num="226" count="0" type="stmt"/>
        <line num="231" count="0" type="stmt"/>
        <line num="232" count="0" type="stmt"/>
        <line num="234" count="0" type="stmt"/>
        <line num="243" count="0" type="stmt"/>
        <line num="244" count="0" type="stmt"/>
        <line num="245" count="0" type="cond" truecount="0" falsecount="2"/>
        <line num="251" count="0" type="cond" truecount="0" falsecount="5"/>
        <line num="252" count="0" type="stmt"/>
        <line num="256" count="0" type="stmt"/>
        <line num="263" count="0" type="cond" truecount="0" falsecount="4"/>
        <line num="264" count="0" type="stmt"/>
        <line num="265" count="0" type="stmt"/>
        <line num="271" count="0" type="cond" truecount="0" falsecount="2"/>
        <line num="272" count="0" type="stmt"/>
        <line num="274" count="0" type="cond" truecount="0" falsecount="4"/>
        <line num="275" count="0" type="stmt"/>
        <line num="281" count="0" type="stmt"/>
        <line num="288" count="0" type="cond" truecount="0" falsecount="2"/>
        <line num="292" count="0" type="stmt"/>
        <line num="297" count="0" type="stmt"/>
        <line num="304" count="0" type="stmt"/>
        <line num="311" count="0" type="stmt"/>
        <line num="318" count="0" type="stmt"/>
        <line num="328" count="0" type="stmt"/>
        <line num="334" count="0" type="stmt"/>
        <line num="340" count="0" type="stmt"/>
        <line num="346" count="0" type="stmt"/>
      </file>
    </package>
    <package name="src.components">
      <metrics statements="32" coveredstatements="31" conditionals="12" coveredconditionals="9" methods="10" coveredmethods="9"/>
      <file name="BitcoinIcon.tsx" path="/home/runner/work/caravan/caravan/apps/coordinator/src/components/BitcoinIcon.tsx">
        <metrics statements="2" coveredstatements="2" conditionals="3" coveredconditionals="2" methods="1" coveredmethods="1"/>
        <line num="13" count="2" type="cond" truecount="0" falsecount="1"/>
        <line num="14" count="5" type="stmt"/>
      </file>
      <file name="EditableName.tsx" path="/home/runner/work/caravan/caravan/apps/coordinator/src/components/EditableName.tsx">
        <metrics statements="29" coveredstatements="28" conditionals="9" coveredconditionals="7" methods="9" coveredmethods="8"/>
        <line num="11" count="2" type="stmt"/>
        <line num="12" count="20" type="stmt"/>
        <line num="13" count="20" type="stmt"/>
        <line num="14" count="20" type="stmt"/>
        <line num="16" count="20" type="stmt"/>
        <line num="17" count="18" type="stmt"/>
        <line num="20" count="20" type="stmt"/>
        <line num="23" count="6" type="stmt"/>
        <line num="24" count="6" type="stmt"/>
        <line num="25" count="6" type="stmt"/>
        <line num="28" count="20" type="stmt"/>
        <line num="29" count="3" type="stmt"/>
        <line num="31" count="3" type="cond" truecount="2" falsecount="0"/>
        <line num="36" count="1" type="stmt"/>
        <line num="38" count="3" type="stmt"/>
        <line num="41" count="20" type="stmt"/>
        <line num="42" count="1" type="stmt"/>
        <line num="43" count="1" type="stmt"/>
        <line num="46" count="20" type="stmt"/>
        <line num="47" count="1" type="stmt"/>
        <line num="48" count="1" type="stmt"/>
        <line num="49" count="1" type="stmt"/>
        <line num="52" count="20" type="stmt"/>
        <line num="53" count="20" type="cond" truecount="2" falsecount="0"/>
        <line num="54" count="9" type="stmt"/>
        <line num="64" count="6" type="stmt"/>
        <line num="66" count="0" type="cond" truecount="0" falsecount="2"/>
        <line num="96" count="11" type="stmt"/>
        <line num="112" count="20" type="stmt"/>
      </file>
      <file name="theme.js" path="/home/runner/work/caravan/caravan/apps/coordinator/src/components/theme.js">
        <metrics statements="1" coveredstatements="1" conditionals="0" coveredconditionals="0" methods="0" coveredmethods="0"/>
        <line num="3" count="1" type="stmt"/>
      </file>
    </package>
    <package name="src.components.Wallet">
      <metrics statements="6" coveredstatements="6" conditionals="9" coveredconditionals="6" methods="2" coveredmethods="2"/>
      <file name="WalletInfoCard.jsx" path="/home/runner/work/caravan/caravan/apps/coordinator/src/components/Wallet/WalletInfoCard.jsx">
        <metrics statements="6" coveredstatements="6" conditionals="9" coveredconditionals="6" methods="2" coveredmethods="2"/>
        <line num="11" count="4" type="stmt"/>
        <line num="29" count="1" type="stmt"/>
        <line num="37" count="4" type="stmt"/>
        <line num="38" count="4" type="stmt"/>
        <line num="99" count="1" type="stmt"/>
        <line num="108" count="1" type="stmt"/>
      </file>
    </package>
    <package name="src.reducers">
      <metrics statements="139" coveredstatements="85" conditionals="91" coveredconditionals="42" methods="25" coveredmethods="19"/>
      <file name="transactionReducer.js" path="/home/runner/work/caravan/caravan/apps/coordinator/src/reducers/transactionReducer.js">
        <metrics statements="138" coveredstatements="84" conditionals="91" coveredconditionals="42" methods="24" coveredmethods="18"/>
        <line num="50" count="0" type="stmt"/>
        <line num="51" count="0" type="stmt"/>
        <line num="52" count="0" type="cond" truecount="0" falsecount="2"/>
        <line num="53" count="0" type="stmt"/>
        <line num="55" count="0" type="cond" truecount="0" falsecount="2"/>
        <line num="56" count="0" type="stmt"/>
        <line num="58" count="0" type="cond" truecount="0" falsecount="2"/>
        <line num="59" count="0" type="stmt"/>
        <line num="61" count="0" type="cond" truecount="0" falsecount="2"/>
        <line num="62" count="0" type="stmt"/>
        <line num="64" count="0" type="stmt"/>
        <line num="67" count="13" type="stmt"/>
        <line num="75" count="3" type="stmt"/>
        <line num="77" count="2" type="stmt"/>
        <line num="105" count="1" type="stmt"/>
        <line num="106" count="1" type="stmt"/>
        <line num="109" count="1" type="stmt"/>
        <line num="116" count="0" type="stmt"/>
        <line num="118" count="0" type="cond" truecount="0" falsecount="2"/>
        <line num="124" count="3" type="stmt"/>
        <line num="137" count="1" type="stmt"/>
        <line num="138" count="1" type="stmt"/>
        <line num="139" count="1" type="stmt"/>
        <line num="140" count="2" type="cond" truecount="2" falsecount="0"/>
        <line num="141" count="1" type="stmt"/>
        <line num="142" count="1" type="cond" truecount="1" falsecount="1"/>
        <line num="143" count="0" type="stmt"/>
        <line num="145" count="2" type="cond" truecount="1" falsecount="1"/>
        <line num="146" count="0" type="stmt"/>
        <line num="148" count="1" type="stmt"/>
        <line num="158" count="1" type="stmt"/>
        <line num="161" count="1" type="stmt"/>
        <line num="166" count="1" type="cond" truecount="2" falsecount="2"/>
        <line num="173" count="1" type="cond" truecount="1" falsecount="1"/>
        <line num="177" count="1" type="stmt"/>
        <line num="186" count="1" type="stmt"/>
        <line num="187" count="1" type="stmt"/>
        <line num="188" count="1" type="stmt"/>
        <line num="190" count="1" type="stmt"/>
        <line num="198" count="1" type="stmt"/>
        <line num="199" count="1" type="stmt"/>
        <line num="209" count="3" type="stmt"/>
        <line num="210" count="3" type="stmt"/>
        <line num="211" count="3" type="stmt"/>
        <line num="212" count="3" type="cond" truecount="2" falsecount="0"/>
        <line num="213" count="2" type="stmt"/>
        <line num="214" count="2" type="stmt"/>
        <line num="218" count="1" type="stmt"/>
        <line num="219" count="1" type="cond" truecount="3" falsecount="1"/>
        <line num="220" count="1" type="stmt"/>
        <line num="221" count="1" type="stmt"/>
        <line num="225" count="3" type="cond" truecount="2" falsecount="0"/>
        <line num="226" count="1" type="stmt"/>
        <line num="227" count="1" type="stmt"/>
        <line num="231" count="1" type="cond" truecount="1" falsecount="1"/>
        <line num="232" count="1" type="cond" truecount="1" falsecount="1"/>
        <line num="233" count="1" type="stmt"/>
        <line num="234" count="1" type="stmt"/>
        <line num="239" count="3" type="stmt"/>
        <line num="240" count="3" type="stmt"/>
        <line num="241" count="3" type="stmt"/>
        <line num="248" count="0" type="stmt"/>
        <line num="249" count="0" type="stmt"/>
        <line num="250" count="0" type="stmt"/>
        <line num="257" count="1" type="stmt"/>
        <line num="258" count="1" type="stmt"/>
        <line num="259" count="1" type="stmt"/>
        <line num="260" count="1" type="stmt"/>
        <line num="262" count="1" type="cond" truecount="2" falsecount="2"/>
        <line num="263" count="0" type="stmt"/>
        <line num="264" count="1" type="cond" truecount="2" falsecount="2"/>
        <line num="266" count="1" type="stmt"/>
        <line num="267" count="1" type="cond" truecount="1" falsecount="1"/>
        <line num="269" count="1" type="stmt"/>
        <line num="270" count="1" type="stmt"/>
        <line num="271" count="1" type="cond" truecount="1" falsecount="1"/>
        <line num="272" count="1" type="stmt"/>
        <line num="282" count="1" type="stmt"/>
        <line num="283" count="1" type="stmt"/>
        <line num="288" count="0" type="stmt"/>
        <line num="293" count="1" type="stmt"/>
        <line num="299" count="1" type="stmt"/>
        <line num="306" count="7" type="stmt"/>
        <line num="313" count="0" type="stmt"/>
        <line num="314" count="0" type="stmt"/>
        <line num="315" count="0" type="stmt"/>
        <line num="319" count="1" type="stmt"/>
        <line num="328" count="0" type="stmt"/>
        <line num="336" count="0" type="stmt"/>
        <line num="337" count="0" type="stmt"/>
        <line num="338" count="0" type="stmt"/>
        <line num="342" count="9" type="stmt"/>
        <line num="344" count="9" type="cond" truecount="1" falsecount="1"/>
        <line num="346" count="8" type="cond" truecount="2" falsecount="0"/>
        <line num="352" count="9" type="stmt"/>
        <line num="357" count="0" type="stmt"/>
        <line num="358" count="0" type="stmt"/>
        <line num="359" count="0" type="cond" truecount="0" falsecount="2"/>
        <line num="360" count="0" type="stmt"/>
        <line num="362" count="0" type="cond" truecount="0" falsecount="2"/>
        <line num="363" count="0" type="stmt"/>
        <line num="365" count="0" type="stmt"/>
        <line num="366" count="0" type="cond" truecount="0" falsecount="2"/>
        <line num="367" count="0" type="stmt"/>
        <line num="371" count="0" type="stmt"/>
        <line num="376" count="0" type="stmt"/>
        <line num="378" count="0" type="cond" truecount="0" falsecount="2"/>
        <line num="379" count="0" type="stmt"/>
        <line num="387" count="0" type="stmt"/>
        <line num="394" count="28" type="cond" truecount="15" falsecount="13"/>
        <line num="396" count="1" type="stmt"/>
        <line num="398" count="1" type="stmt"/>
        <line num="400" count="1" type="stmt"/>
        <line num="402" count="7" type="stmt"/>
        <line num="404" count="6" type="stmt"/>
        <line num="406" count="1" type="stmt"/>
        <line num="408" count="1" type="stmt"/>
        <line num="410" count="0" type="stmt"/>
        <line num="412" count="0" type="stmt"/>
        <line num="414" count="3" type="stmt"/>
        <line num="416" count="1" type="stmt"/>
        <line num="418" count="0" type="stmt"/>
        <line num="420" count="1" type="stmt"/>
        <line num="422" count="1" type="stmt"/>
        <line num="424" count="1" type="stmt"/>
        <line num="426" count="1" type="stmt"/>
        <line num="428" count="1" type="stmt"/>
        <line num="430" count="0" type="stmt"/>
        <line num="432" count="1" type="stmt"/>
        <line num="434" count="0" type="stmt"/>
        <line num="436" count="0" type="stmt"/>
        <line num="438" count="0" type="stmt"/>
        <line num="440" count="0" type="stmt"/>
        <line num="442" count="0" type="stmt"/>
        <line num="444" count="0" type="stmt"/>
        <line num="446" count="0" type="stmt"/>
        <line num="448" count="0" type="stmt"/>
        <line num="450" count="0" type="stmt"/>
      </file>
      <file name="utils.js" path="/home/runner/work/caravan/caravan/apps/coordinator/src/reducers/utils.js">
        <metrics statements="1" coveredstatements="1" conditionals="0" coveredconditionals="0" methods="1" coveredmethods="1"/>
        <line num="2" count="21" type="stmt"/>
      </file>
    </package>
    <package name="src.selectors">
      <metrics statements="78" coveredstatements="48" conditionals="38" coveredconditionals="19" methods="43" coveredmethods="14"/>
      <file name="wallet.js" path="/home/runner/work/caravan/caravan/apps/coordinator/src/selectors/wallet.js">
        <metrics statements="78" coveredstatements="48" conditionals="38" coveredconditionals="19" methods="43" coveredmethods="14"/>
        <line num="5" count="3" type="stmt"/>
        <line num="6" count="7" type="stmt"/>
        <line num="11" count="3" type="stmt"/>
        <line num="12" count="3" type="stmt"/>
        <line num="13" count="3" type="stmt"/>
        <line num="14" count="3" type="stmt"/>
        <line num="15" count="3" type="stmt"/>
        <line num="16" count="3" type="stmt"/>
        <line num="17" count="3" type="stmt"/>
        <line num="18" count="3" type="stmt"/>
        <line num="19" count="0" type="stmt"/>
        <line num="20" count="3" type="stmt"/>
        <line num="21" count="0" type="stmt"/>
        <line num="22" count="3" type="stmt"/>
        <line num="23" count="0" type="cond" truecount="0" falsecount="2"/>
        <line num="24" count="0" type="stmt"/>
        <line num="30" count="0" type="stmt"/>
        <line num="35" count="3" type="stmt"/>
        <line num="36" count="0" type="stmt"/>
        <line num="37" count="0" type="stmt"/>
        <line num="39" count="0" type="cond" truecount="0" falsecount="2"/>
        <line num="43" count="0" type="cond" truecount="0" falsecount="2"/>
        <line num="46" count="0" type="cond" truecount="0" falsecount="2"/>
        <line num="62" count="3" type="stmt"/>
        <line num="63" count="0" type="stmt"/>
        <line num="64" count="0" type="stmt"/>
        <line num="65" count="0" type="stmt"/>
        <line num="66" count="0" type="stmt"/>
        <line num="72" count="0" type="stmt"/>
        <line num="79" count="3" type="stmt"/>
        <line num="80" count="2" type="stmt"/>
        <line num="81" count="8" type="stmt"/>
        <line num="82" count="14" type="stmt"/>
        <line num="84" count="8" type="stmt"/>
        <line num="88" count="3" type="stmt"/>
        <line num="93" count="2" type="stmt"/>
        <line num="95" count="4" type="cond" truecount="1" falsecount="1"/>
        <line num="98" count="4" type="stmt"/>
        <line num="99" count="8" type="cond" truecount="2" falsecount="0"/>
        <line num="100" count="6" type="stmt"/>
        <line num="104" count="4" type="stmt"/>
        <line num="113" count="3" type="stmt"/>
        <line num="115" count="1" type="stmt"/>
        <line num="122" count="3" type="stmt"/>
        <line num="125" count="5" type="stmt"/>
        <line num="126" count="21" type="cond" truecount="3" falsecount="1"/>
        <line num="127" count="0" type="stmt"/>
        <line num="130" count="21" type="cond" truecount="4" falsecount="0"/>
        <line num="133" count="27" type="stmt"/>
        <line num="137" count="12" type="cond" truecount="2" falsecount="0"/>
        <line num="141" count="2" type="stmt"/>
        <line num="142" count="10" type="stmt"/>
        <line num="155" count="3" type="stmt"/>
        <line num="158" count="5" type="stmt"/>
        <line num="161" count="21" type="cond" truecount="4" falsecount="0"/>
        <line num="172" count="3" type="stmt"/>
        <line num="173" count="0" type="cond" truecount="0" falsecount="2"/>
        <line num="179" count="3" type="stmt"/>
        <line num="181" count="0" type="stmt"/>
        <line num="188" count="3" type="stmt"/>
        <line num="191" count="0" type="stmt"/>
        <line num="192" count="0" type="cond" truecount="0" falsecount="2"/>
        <line num="200" count="3" type="stmt"/>
        <line num="202" count="0" type="stmt"/>
        <line num="209" count="3" type="stmt"/>
        <line num="211" count="0" type="stmt"/>
        <line num="218" count="3" type="stmt"/>
        <line num="219" count="0" type="stmt"/>
        <line num="220" count="0" type="cond" truecount="0" falsecount="2"/>
        <line num="228" count="3" type="stmt"/>
        <line num="253" count="0" type="stmt"/>
        <line num="272" count="3" type="stmt"/>
        <line num="277" count="3" type="stmt"/>
        <line num="281" count="0" type="stmt"/>
        <line num="283" count="0" type="stmt"/>
        <line num="284" count="0" type="stmt"/>
        <line num="286" count="0" type="stmt"/>
        <line num="288" count="0" type="stmt"/>
      </file>
    </package>
    <package name="src.utils">
      <metrics statements="132" coveredstatements="87" conditionals="132" coveredconditionals="65" methods="25" coveredmethods="17"/>
      <file name="WrapText.jsx" path="/home/runner/work/caravan/caravan/apps/coordinator/src/utils/WrapText.jsx">
        <metrics statements="8" coveredstatements="0" conditionals="2" coveredconditionals="0" methods="1" coveredmethods="0"/>
        <line num="4" count="0" type="stmt"/>
        <line num="5" count="0" type="stmt"/>
        <line num="6" count="0" type="stmt"/>
        <line num="7" count="0" type="stmt"/>
        <line num="8" count="0" type="stmt"/>
        <line num="11" count="0" type="stmt"/>
        <line num="12" count="0" type="stmt"/>
        <line num="14" count="0" type="stmt"/>
      </file>
      <file name="constants.js" path="/home/runner/work/caravan/caravan/apps/coordinator/src/utils/constants.js">
        <metrics statements="5" coveredstatements="5" conditionals="0" coveredconditionals="0" methods="0" coveredmethods="0"/>
        <line num="3" count="3" type="stmt"/>
        <line num="4" count="3" type="stmt"/>
        <line num="5" count="3" type="stmt"/>
        <line num="6" count="3" type="stmt"/>
        <line num="7" count="3" type="stmt"/>
      </file>
      <file name="custom-test-queries.js" path="/home/runner/work/caravan/caravan/apps/coordinator/src/utils/custom-test-queries.js">
        <metrics statements="7" coveredstatements="5" conditionals="0" coveredconditionals="0" methods="3" coveredmethods="1"/>
        <line num="7" count="3" type="stmt"/>
        <line num="8" count="36" type="stmt"/>
        <line num="10" count="3" type="stmt"/>
        <line num="11" count="0" type="stmt"/>
        <line num="12" count="3" type="stmt"/>
        <line num="13" count="0" type="stmt"/>
        <line num="21" count="3" type="stmt"/>
      </file>
      <file name="fixtures.js" path="/home/runner/work/caravan/caravan/apps/coordinator/src/utils/fixtures.js">
        <metrics statements="11" coveredstatements="11" conditionals="6" coveredconditionals="6" methods="5" coveredmethods="5"/>
        <line num="17" count="8" type="stmt"/>
        <line num="19" count="8" type="stmt"/>
        <line num="26" count="8" type="cond" truecount="4" falsecount="0"/>
        <line num="38" count="8" type="stmt"/>
        <line num="72" count="8" type="stmt"/>
        <line num="73" count="16" type="stmt"/>
        <line num="74" count="28" type="stmt"/>
        <line num="79" count="8" type="stmt"/>
        <line num="80" count="16" type="stmt"/>
        <line num="81" count="20" type="stmt"/>
        <line num="85" count="8" type="stmt"/>
      </file>
      <file name="index.js" path="/home/runner/work/caravan/caravan/apps/coordinator/src/utils/index.js">
        <metrics statements="48" coveredstatements="33" conditionals="24" coveredconditionals="12" methods="7" coveredmethods="5"/>
        <line num="9" count="0" type="cond" truecount="0" falsecount="2"/>
        <line num="14" count="0" type="stmt"/>
        <line num="16" count="0" type="stmt"/>
        <line num="17" count="0" type="cond" truecount="0" falsecount="2"/>
        <line num="22" count="0" type="stmt"/>
        <line num="25" count="0" type="stmt"/>
        <line num="29" count="0" type="stmt"/>
        <line num="30" count="0" type="cond" truecount="0" falsecount="2"/>
        <line num="31" count="0" type="stmt"/>
        <line num="33" count="0" type="stmt"/>
        <line num="34" count="0" type="stmt"/>
        <line num="35" count="0" type="stmt"/>
        <line num="36" count="0" type="stmt"/>
        <line num="37" count="0" type="stmt"/>
        <line num="38" count="0" type="stmt"/>
        <line num="57" count="30" type="stmt"/>
        <line num="61" count="30" type="stmt"/>
        <line num="62" count="30" type="stmt"/>
        <line num="63" count="54" type="stmt"/>
        <line num="66" count="30" type="cond" truecount="2" falsecount="0"/>
        <line num="67" count="7" type="stmt"/>
        <line num="72" count="23" type="stmt"/>
        <line num="96" count="6" type="stmt"/>
        <line num="97" count="6" type="stmt"/>
        <line num="99" count="12" type="stmt"/>
        <line num="110" count="6" type="stmt"/>
        <line num="111" count="6" type="stmt"/>
        <line num="115" count="6" type="stmt"/>
        <line num="117" count="6" type="stmt"/>
        <line num="120" count="6" type="stmt"/>
        <line num="126" count="5" type="cond" truecount="2" falsecount="0"/>
        <line num="129" count="5" type="stmt"/>
        <line num="130" count="8" type="stmt"/>
        <line num="131" count="8" type="stmt"/>
        <line num="133" count="8" type="stmt"/>
        <line num="134" count="21" type="stmt"/>
        <line num="142" count="8" type="stmt"/>
        <line num="145" count="8" type="cond" truecount="2" falsecount="0"/>
        <line num="148" count="4" type="stmt"/>
        <line num="153" count="4" type="stmt"/>
        <line num="159" count="4" type="stmt"/>
        <line num="160" count="4" type="cond" truecount="2" falsecount="0"/>
        <line num="168" count="2" type="stmt"/>
        <line num="169" count="2" type="stmt"/>
        <line num="170" count="2" type="cond" truecount="2" falsecount="0"/>
        <line num="173" count="1" type="stmt"/>
        <line num="174" count="1" type="stmt"/>
        <line num="180" count="5" type="stmt"/>
      </file>
      <file name="slices.js" path="/home/runner/work/caravan/caravan/apps/coordinator/src/utils/slices.js">
        <metrics statements="51" coveredstatements="31" conditionals="100" coveredconditionals="47" methods="8" coveredmethods="5"/>
        <line num="3" count="15" type="cond" truecount="2" falsecount="0"/>
        <line num="13" count="0" type="cond" truecount="0" falsecount="4"/>
        <line num="14" count="0" type="stmt"/>
        <line num="16" count="0" type="stmt"/>
        <line num="18" count="0" type="cond" truecount="0" falsecount="4"/>
        <line num="19" count="0" type="cond" truecount="0" falsecount="4"/>
        <line num="20" count="0" type="stmt"/>
        <line num="21" count="0" type="stmt"/>
        <line num="22" count="0" type="cond" truecount="0" falsecount="2"/>
        <line num="33" count="0" type="cond" truecount="0" falsecount="4"/>
        <line num="34" count="0" type="stmt"/>
        <line num="36" count="0" type="stmt"/>
        <line num="38" count="0" type="cond" truecount="0" falsecount="2"/>
        <line num="39" count="0" type="cond" truecount="0" falsecount="2"/>
        <line num="50" count="0" type="cond" truecount="0" falsecount="4"/>
        <line num="51" count="0" type="stmt"/>
        <line num="52" count="0" type="stmt"/>
        <line num="53" count="0" type="cond" truecount="0" falsecount="2"/>
        <line num="54" count="0" type="cond" truecount="0" falsecount="2"/>
        <line num="66" count="15" type="stmt"/>
        <line num="67" count="15" type="cond" truecount="2" falsecount="4"/>
        <line num="70" count="15" type="cond" truecount="1" falsecount="1"/>
        <line num="71" count="0" type="cond" truecount="0" falsecount="4"/>
        <line num="72" count="15" type="cond" truecount="2" falsecount="0"/>
        <line num="73" count="4" type="cond" truecount="3" falsecount="1"/>
        <line num="76" count="11" type="cond" truecount="4" falsecount="0"/>
        <line num="77" count="4" type="cond" truecount="2" falsecount="0"/>
        <line num="78" count="3" type="cond" truecount="2" falsecount="0"/>
        <line num="81" count="7" type="cond" truecount="4" falsecount="1"/>
        <line num="82" count="1" type="stmt"/>
        <line num="85" count="6" type="cond" truecount="4" falsecount="1"/>
        <line num="86" count="1" type="stmt"/>
        <line num="89" count="5" type="cond" truecount="2" falsecount="0"/>
        <line num="90" count="3" type="cond" truecount="2" falsecount="0"/>
        <line num="92" count="2" type="cond" truecount="1" falsecount="1"/>
        <line num="93" count="0" type="cond" truecount="0" falsecount="2"/>
        <line num="95" count="4" type="stmt"/>
        <line num="96" count="4" type="stmt"/>
        <line num="98" count="2" type="cond" truecount="2" falsecount="2"/>
        <line num="99" count="2" type="cond" truecount="1" falsecount="1"/>
        <line num="100" count="2" type="cond" truecount="1" falsecount="1"/>
        <line num="101" count="2" type="cond" truecount="1" falsecount="1"/>
        <line num="107" count="9" type="stmt"/>
        <line num="108" count="9" type="cond" truecount="2" falsecount="0"/>
        <line num="113" count="2" type="stmt"/>
        <line num="117" count="7" type="stmt"/>
        <line num="118" count="7" type="stmt"/>
        <line num="121" count="7" type="stmt"/>
        <line num="124" count="11" type="cond" truecount="2" falsecount="0"/>
        <line num="129" count="6" type="cond" truecount="4" falsecount="0"/>
        <line num="130" count="5" type="stmt"/>
      </file>
      <file name="test-utils.js" path="/home/runner/work/caravan/caravan/apps/coordinator/src/utils/test-utils.js">
        <metrics statements="2" coveredstatements="2" conditionals="0" coveredconditionals="0" methods="1" coveredmethods="1"/>
        <line num="8" count="3" type="stmt"/>
        <line num="9" count="14" type="stmt"/>
      </file>
    </package>
  </project>
</coverage>
