{"/home/runner/work/caravan/caravan/apps/coordinator/src/bitcoind.js": {"path":"/home/runner/work/caravan/caravan/apps/coordinator/src/bitcoind.js","statementMap":{"0":{"start":{"line":8,"column":2},"end":{"line":25,"column":5}},"1":{"start":{"line":9,"column":4},"end":{"line":24,"column":21}},"2":{"start":{"line":23,"column":22},"end":{"line":23,"column":40}},"3":{"start":{"line":35,"column":2},"end":{"line":40,"column":4}},"4":{"start":{"line":44,"column":38},"end":{"line":44,"column":44}},"5":{"start":{"line":45,"column":15},"end":{"line":45,"column":37}},"6":{"start":{"line":46,"column":2},"end":{"line":46,"column":23}},"7":{"start":{"line":58,"column":2},"end":{"line":86,"column":3}},"8":{"start":{"line":59,"column":25},"end":{"line":59,"column":47}},"9":{"start":{"line":60,"column":17},"end":{"line":64,"column":6}},"10":{"start":{"line":65,"column":21},"end":{"line":65,"column":23}},"11":{"start":{"line":66,"column":4},"end":{"line":68,"column":7}},"12":{"start":{"line":67,"column":6},"end":{"line":67,"column":76}},"13":{"start":{"line":69,"column":33},"end":{"line":69,"column":60}},"14":{"start":{"line":70,"column":4},"end":{"line":81,"column":7}},"15":{"start":{"line":71,"column":21},"end":{"line":71,"column":47}},"16":{"start":{"line":72,"column":6},"end":{"line":80,"column":8}},"17":{"start":{"line":84,"column":4},"end":{"line":84,"column":53}},"18":{"start":{"line":85,"column":4},"end":{"line":85,"column":12}},"19":{"start":{"line":90,"column":2},"end":{"line":108,"column":3}},"20":{"start":{"line":91,"column":17},"end":{"line":93,"column":6}},"21":{"start":{"line":94,"column":4},"end":{"line":96,"column":5}},"22":{"start":{"line":95,"column":6},"end":{"line":95,"column":61}},"23":{"start":{"line":97,"column":4},"end":{"line":99,"column":6}},"24":{"start":{"line":101,"column":4},"end":{"line":106,"column":34}},"25":{"start":{"line":103,"column":6},"end":{"line":105,"column":8}},"26":{"start":{"line":106,"column":9},"end":{"line":106,"column":34}},"27":{"start":{"line":107,"column":4},"end":{"line":107,"column":13}},"28":{"start":{"line":112,"column":15},"end":{"line":112,"column":77}},"29":{"start":{"line":113,"column":18},"end":{"line":113,"column":37}},"30":{"start":{"line":114,"column":2},"end":{"line":114,"column":37}},"31":{"start":{"line":118,"column":2},"end":{"line":125,"column":3}},"32":{"start":{"line":119,"column":17},"end":{"line":119,"column":75}},"33":{"start":{"line":120,"column":4},"end":{"line":120,"column":23}},"34":{"start":{"line":123,"column":4},"end":{"line":123,"column":36}},"35":{"start":{"line":124,"column":4},"end":{"line":124,"column":61}},"36":{"start":{"line":129,"column":18},"end":{"line":137,"column":4}},"37":{"start":{"line":130,"column":4},"end":{"line":136,"column":6}},"38":{"start":{"line":138,"column":17},"end":{"line":138,"column":66}},"39":{"start":{"line":139,"column":2},"end":{"line":142,"column":3}},"40":{"start":{"line":140,"column":4},"end":{"line":140,"column":28}},"41":{"start":{"line":141,"column":4},"end":{"line":141,"column":61}},"42":{"start":{"line":141,"column":36},"end":{"line":141,"column":59}},"43":{"start":{"line":143,"column":2},"end":{"line":143,"column":33}}},"fnMap":{"0":{"name":"callBitcoind","decl":{"start":{"line":5,"column":15},"end":{"line":5,"column":27}},"loc":{"start":{"line":5,"column":60},"end":{"line":26,"column":1}},"line":5},"1":{"name":"(anonymous_1)","decl":{"start":{"line":8,"column":21},"end":{"line":8,"column":22}},"loc":{"start":{"line":8,"column":48},"end":{"line":25,"column":3}},"line":8},"2":{"name":"(anonymous_2)","decl":{"start":{"line":23,"column":12},"end":{"line":23,"column":13}},"loc":{"start":{"line":23,"column":22},"end":{"line":23,"column":40}},"line":23},"3":{"name":"isWalletAddressNotFoundError","decl":{"start":{"line":34,"column":16},"end":{"line":34,"column":44}},"loc":{"start":{"line":34,"column":48},"end":{"line":41,"column":1}},"line":34},"4":{"name":"bitcoindParams","decl":{"start":{"line":43,"column":16},"end":{"line":43,"column":30}},"loc":{"start":{"line":43,"column":39},"end":{"line":47,"column":1}},"line":43},"5":{"name":"bitcoindListUnspent","decl":{"start":{"line":57,"column":22},"end":{"line":57,"column":41}},"loc":{"start":{"line":57,"column":77},"end":{"line":87,"column":1}},"line":57},"6":{"name":"(anonymous_6)","decl":{"start":{"line":66,"column":24},"end":{"line":66,"column":25}},"loc":{"start":{"line":66,"column":34},"end":{"line":68,"column":5}},"line":66},"7":{"name":"(anonymous_7)","decl":{"start":{"line":70,"column":27},"end":{"line":70,"column":28}},"loc":{"start":{"line":70,"column":47},"end":{"line":81,"column":5}},"line":70},"8":{"name":"bitcoindGetAddressStatus","decl":{"start":{"line":89,"column":22},"end":{"line":89,"column":46}},"loc":{"start":{"line":89,"column":71},"end":{"line":109,"column":1}},"line":89},"9":{"name":"bitcoindEstimateSmartFee","decl":{"start":{"line":111,"column":22},"end":{"line":111,"column":46}},"loc":{"start":{"line":111,"column":77},"end":{"line":115,"column":1}},"line":111},"10":{"name":"bitcoindSendRawTransaction","decl":{"start":{"line":117,"column":22},"end":{"line":117,"column":48}},"loc":{"start":{"line":117,"column":69},"end":{"line":126,"column":1}},"line":117},"11":{"name":"bitcoindImportMulti","decl":{"start":{"line":128,"column":16},"end":{"line":128,"column":35}},"loc":{"start":{"line":128,"column":77},"end":{"line":144,"column":1}},"line":128},"12":{"name":"(anonymous_12)","decl":{"start":{"line":129,"column":32},"end":{"line":129,"column":33}},"loc":{"start":{"line":129,"column":45},"end":{"line":137,"column":3}},"line":129},"13":{"name":"(anonymous_13)","decl":{"start":{"line":141,"column":23},"end":{"line":141,"column":24}},"loc":{"start":{"line":141,"column":36},"end":{"line":141,"column":59}},"line":141}},"branchMap":{"0":{"loc":{"start":{"line":5,"column":47},"end":{"line":5,"column":58}},"type":"default-arg","locations":[{"start":{"line":5,"column":56},"end":{"line":5,"column":58}}],"line":5},"1":{"loc":{"start":{"line":36,"column":4},"end":{"line":39,"column":37}},"type":"binary-expr","locations":[{"start":{"line":36,"column":4},"end":{"line":36,"column":14}},{"start":{"line":37,"column":4},"end":{"line":37,"column":19}},{"start":{"line":38,"column":4},"end":{"line":38,"column":25}},{"start":{"line":39,"column":4},"end":{"line":39,"column":37}}],"line":36},"2":{"loc":{"start":{"line":59,"column":25},"end":{"line":59,"column":47}},"type":"binary-expr","locations":[{"start":{"line":59,"column":25},"end":{"line":59,"column":34}},{"start":{"line":59,"column":38},"end":{"line":59,"column":47}}],"line":59},"3":{"loc":{"start":{"line":73,"column":20},"end":{"line":73,"column":43}},"type":"binary-expr","locations":[{"start":{"line":73,"column":20},"end":{"line":73,"column":38}},{"start":{"line":73,"column":42},"end":{"line":73,"column":43}}],"line":73},"4":{"loc":{"start":{"line":94,"column":4},"end":{"line":96,"column":5}},"type":"if","locations":[{"start":{"line":94,"column":4},"end":{"line":96,"column":5}},{"start":{},"end":{}}],"line":94},"5":{"loc":{"start":{"line":101,"column":4},"end":{"line":106,"column":34}},"type":"if","locations":[{"start":{"line":101,"column":4},"end":{"line":106,"column":34}},{"start":{"line":106,"column":9},"end":{"line":106,"column":34}}],"line":101},"6":{"loc":{"start":{"line":111,"column":60},"end":{"line":111,"column":73}},"type":"default-arg","locations":[{"start":{"line":111,"column":72},"end":{"line":111,"column":73}}],"line":111},"7":{"loc":{"start":{"line":124,"column":10},"end":{"line":124,"column":60}},"type":"binary-expr","locations":[{"start":{"line":124,"column":11},"end":{"line":124,"column":21}},{"start":{"line":124,"column":25},"end":{"line":124,"column":54}},{"start":{"line":124,"column":59},"end":{"line":124,"column":60}}],"line":124},"8":{"loc":{"start":{"line":139,"column":2},"end":{"line":142,"column":3}},"type":"if","locations":[{"start":{"line":139,"column":2},"end":{"line":142,"column":3}},{"start":{},"end":{}}],"line":139}},"s":{"0":0,"1":0,"2":0,"3":0,"4":0,"5":0,"6":0,"7":0,"8":0,"9":0,"10":0,"11":0,"12":0,"13":0,"14":0,"15":0,"16":0,"17":0,"18":0,"19":0,"20":0,"21":0,"22":0,"23":0,"24":0,"25":0,"26":0,"27":0,"28":0,"29":0,"30":0,"31":0,"32":0,"33":0,"34":0,"35":0,"36":0,"37":0,"38":0,"39":0,"40":0,"41":0,"42":0,"43":0},"f":{"0":0,"1":0,"2":0,"3":0,"4":0,"5":0,"6":0,"7":0,"8":0,"9":0,"10":0,"11":0,"12":0,"13":0},"b":{"0":[0],"1":[0,0,0,0],"2":[0,0],"3":[0,0],"4":[0,0],"5":[0,0],"6":[0],"7":[0,0,0],"8":[0,0]},"_coverageSchema":"1a1c01bbd47fc00a2c39e90264f33305004495a9","hash":"add5a8c2696041f44f0b047c8b022ab7ec8b3710"}
,"/home/runner/work/caravan/caravan/apps/coordinator/src/block_explorer.js": {"path":"/home/runner/work/caravan/caravan/apps/coordinator/src/block_explorer.js","statementMap":{"0":{"start":{"line":6,"column":14},"end":{"line":8,"column":1}},"1":{"start":{"line":7,"column":2},"end":{"line":7,"column":60}},"2":{"start":{"line":7,"column":34},"end":{"line":7,"column":58}},"3":{"start":{"line":17,"column":2},"end":{"line":46,"column":3}},"4":{"start":{"line":18,"column":24},"end":{"line":20,"column":5}},"5":{"start":{"line":21,"column":18},"end":{"line":21,"column":34}},"6":{"start":{"line":22,"column":4},"end":{"line":43,"column":6}},"7":{"start":{"line":26,"column":8},"end":{"line":26,"column":22}},"8":{"start":{"line":28,"column":34},"end":{"line":30,"column":9}},"9":{"start":{"line":31,"column":31},"end":{"line":31,"column":53}},"10":{"start":{"line":32,"column":23},"end":{"line":32,"column":48}},"11":{"start":{"line":33,"column":8},"end":{"line":41,"column":10}},"12":{"start":{"line":45,"column":4},"end":{"line":45,"column":47}},"13":{"start":{"line":50,"column":2},"end":{"line":65,"column":3}},"14":{"start":{"line":52,"column":4},"end":{"line":52,"column":18}},"15":{"start":{"line":54,"column":25},"end":{"line":56,"column":5}},"16":{"start":{"line":57,"column":24},"end":{"line":57,"column":41}},"17":{"start":{"line":58,"column":4},"end":{"line":62,"column":6}},"18":{"start":{"line":64,"column":4},"end":{"line":64,"column":47}},"19":{"start":{"line":69,"column":2},"end":{"line":77,"column":3}},"20":{"start":{"line":70,"column":31},"end":{"line":72,"column":5}},"21":{"start":{"line":73,"column":25},"end":{"line":73,"column":48}},"22":{"start":{"line":74,"column":4},"end":{"line":74,"column":38}},"23":{"start":{"line":76,"column":4},"end":{"line":76,"column":47}},"24":{"start":{"line":84,"column":2},"end":{"line":92,"column":3}},"25":{"start":{"line":85,"column":28},"end":{"line":88,"column":5}},"26":{"start":{"line":89,"column":4},"end":{"line":89,"column":32}},"27":{"start":{"line":91,"column":4},"end":{"line":91,"column":47}}},"fnMap":{"0":{"name":"(anonymous_0)","decl":{"start":{"line":6,"column":14},"end":{"line":6,"column":15}},"loc":{"start":{"line":6,"column":20},"end":{"line":8,"column":1}},"line":6},"1":{"name":"(anonymous_1)","decl":{"start":{"line":7,"column":21},"end":{"line":7,"column":22}},"loc":{"start":{"line":7,"column":34},"end":{"line":7,"column":58}},"line":7},"2":{"name":"blockExplorerGetAddresesUTXOs","decl":{"start":{"line":16,"column":22},"end":{"line":16,"column":51}},"loc":{"start":{"line":16,"column":70},"end":{"line":47,"column":1}},"line":16},"3":{"name":"(anonymous_3)","decl":{"start":{"line":23,"column":16},"end":{"line":23,"column":17}},"loc":{"start":{"line":23,"column":32},"end":{"line":42,"column":7}},"line":23},"4":{"name":"blockExplorerGetAddressStatus","decl":{"start":{"line":49,"column":22},"end":{"line":49,"column":51}},"loc":{"start":{"line":49,"column":70},"end":{"line":66,"column":1}},"line":49},"5":{"name":"blockExplorerGetFeeEstimate","decl":{"start":{"line":68,"column":22},"end":{"line":68,"column":49}},"loc":{"start":{"line":68,"column":59},"end":{"line":78,"column":1}},"line":68},"6":{"name":"blockExplorerBroadcastTransaction","decl":{"start":{"line":80,"column":22},"end":{"line":80,"column":55}},"loc":{"start":{"line":83,"column":2},"end":{"line":93,"column":1}},"line":83}},"branchMap":{"0":{"loc":{"start":{"line":45,"column":10},"end":{"line":45,"column":46}},"type":"binary-expr","locations":[{"start":{"line":45,"column":11},"end":{"line":45,"column":21}},{"start":{"line":45,"column":25},"end":{"line":45,"column":40}},{"start":{"line":45,"column":45},"end":{"line":45,"column":46}}],"line":45},"1":{"loc":{"start":{"line":60,"column":8},"end":{"line":61,"column":54}},"type":"binary-expr","locations":[{"start":{"line":60,"column":8},"end":{"line":60,"column":52}},{"start":{"line":61,"column":8},"end":{"line":61,"column":54}}],"line":60},"2":{"loc":{"start":{"line":64,"column":10},"end":{"line":64,"column":46}},"type":"binary-expr","locations":[{"start":{"line":64,"column":11},"end":{"line":64,"column":21}},{"start":{"line":64,"column":25},"end":{"line":64,"column":40}},{"start":{"line":64,"column":45},"end":{"line":64,"column":46}}],"line":64},"3":{"loc":{"start":{"line":76,"column":10},"end":{"line":76,"column":46}},"type":"binary-expr","locations":[{"start":{"line":76,"column":11},"end":{"line":76,"column":21}},{"start":{"line":76,"column":25},"end":{"line":76,"column":40}},{"start":{"line":76,"column":45},"end":{"line":76,"column":46}}],"line":76},"4":{"loc":{"start":{"line":91,"column":10},"end":{"line":91,"column":46}},"type":"binary-expr","locations":[{"start":{"line":91,"column":11},"end":{"line":91,"column":21}},{"start":{"line":91,"column":25},"end":{"line":91,"column":40}},{"start":{"line":91,"column":45},"end":{"line":91,"column":46}}],"line":91}},"s":{"0":1,"1":0,"2":0,"3":0,"4":0,"5":0,"6":0,"7":0,"8":0,"9":0,"10":0,"11":0,"12":0,"13":0,"14":0,"15":0,"16":0,"17":0,"18":0,"19":0,"20":0,"21":0,"22":0,"23":0,"24":0,"25":0,"26":0,"27":0},"f":{"0":0,"1":0,"2":0,"3":0,"4":0,"5":0,"6":0},"b":{"0":[0,0,0],"1":[0,0],"2":[0,0,0],"3":[0,0,0],"4":[0,0,0]},"_coverageSchema":"1a1c01bbd47fc00a2c39e90264f33305004495a9","hash":"7cf01647499bf71378be67503fe6d197d50ebb9f"}
,"/home/runner/work/caravan/caravan/apps/coordinator/src/blockchain.js": {"path":"/home/runner/work/caravan/caravan/apps/coordinator/src/blockchain.js","statementMap":{"0":{"start":{"line":18,"column":30},"end":{"line":18,"column":38}},"1":{"start":{"line":19,"column":24},"end":{"line":19,"column":33}},"2":{"start":{"line":22,"column":2},"end":{"line":24,"column":3}},"3":{"start":{"line":23,"column":4},"end":{"line":23,"column":59}},"4":{"start":{"line":25,"column":2},"end":{"line":28,"column":5}},"5":{"start":{"line":42,"column":16},"end":{"line":47,"column":3}},"6":{"start":{"line":48,"column":2},"end":{"line":62,"column":3}},"7":{"start":{"line":49,"column":4},"end":{"line":49,"column":78}},"8":{"start":{"line":51,"column":4},"end":{"line":61,"column":5}},"9":{"start":{"line":52,"column":6},"end":{"line":58,"column":8}},"10":{"start":{"line":60,"column":6},"end":{"line":60,"column":50}},"11":{"start":{"line":65,"column":2},"end":{"line":65,"column":37}},"12":{"start":{"line":65,"column":22},"end":{"line":65,"column":37}},"13":{"start":{"line":68,"column":16},"end":{"line":68,"column":41}},"14":{"start":{"line":71,"column":22},"end":{"line":76,"column":5}},"15":{"start":{"line":72,"column":19},"end":{"line":72,"column":34}},"16":{"start":{"line":74,"column":37},"end":{"line":74,"column":67}},"17":{"start":{"line":78,"column":2},"end":{"line":84,"column":4}},"18":{"start":{"line":88,"column":2},"end":{"line":90,"column":3}},"19":{"start":{"line":89,"column":4},"end":{"line":89,"column":59}},"20":{"start":{"line":91,"column":2},"end":{"line":94,"column":5}},"21":{"start":{"line":98,"column":2},"end":{"line":100,"column":3}},"22":{"start":{"line":99,"column":4},"end":{"line":99,"column":48}},"23":{"start":{"line":101,"column":2},"end":{"line":104,"column":5}},"24":{"start":{"line":108,"column":2},"end":{"line":110,"column":3}},"25":{"start":{"line":109,"column":4},"end":{"line":109,"column":70}},"26":{"start":{"line":111,"column":2},"end":{"line":114,"column":5}}},"fnMap":{"0":{"name":"fetchAddressUTXOsUnsorted","decl":{"start":{"line":21,"column":9},"end":{"line":21,"column":34}},"loc":{"start":{"line":21,"column":61},"end":{"line":29,"column":1}},"line":21},"1":{"name":"fetchAddressUTXOs","decl":{"start":{"line":39,"column":22},"end":{"line":39,"column":39}},"loc":{"start":{"line":39,"column":66},"end":{"line":85,"column":1}},"line":39},"2":{"name":"(anonymous_2)","decl":{"start":{"line":72,"column":9},"end":{"line":72,"column":10}},"loc":{"start":{"line":72,"column":19},"end":{"line":72,"column":34}},"line":72},"3":{"name":"(anonymous_3)","decl":{"start":{"line":74,"column":6},"end":{"line":74,"column":7}},"loc":{"start":{"line":74,"column":37},"end":{"line":74,"column":67}},"line":74},"4":{"name":"getAddressStatus","decl":{"start":{"line":87,"column":16},"end":{"line":87,"column":32}},"loc":{"start":{"line":87,"column":59},"end":{"line":95,"column":1}},"line":87},"5":{"name":"fetchFeeEstimate","decl":{"start":{"line":97,"column":16},"end":{"line":97,"column":32}},"loc":{"start":{"line":97,"column":50},"end":{"line":105,"column":1}},"line":97},"6":{"name":"broadcastTransaction","decl":{"start":{"line":107,"column":16},"end":{"line":107,"column":36}},"loc":{"start":{"line":107,"column":70},"end":{"line":115,"column":1}},"line":107}},"branchMap":{"0":{"loc":{"start":{"line":22,"column":2},"end":{"line":24,"column":3}},"type":"if","locations":[{"start":{"line":22,"column":2},"end":{"line":24,"column":3}},{"start":{},"end":{}}],"line":22},"1":{"loc":{"start":{"line":51,"column":4},"end":{"line":61,"column":5}},"type":"if","locations":[{"start":{"line":51,"column":4},"end":{"line":61,"column":5}},{"start":{"line":59,"column":11},"end":{"line":61,"column":5}}],"line":51},"2":{"loc":{"start":{"line":51,"column":8},"end":{"line":51,"column":68}},"type":"binary-expr","locations":[{"start":{"line":51,"column":8},"end":{"line":51,"column":33}},{"start":{"line":51,"column":37},"end":{"line":51,"column":68}}],"line":51},"3":{"loc":{"start":{"line":65,"column":2},"end":{"line":65,"column":37}},"type":"if","locations":[{"start":{"line":65,"column":2},"end":{"line":65,"column":37}},{"start":{},"end":{}}],"line":65},"4":{"loc":{"start":{"line":88,"column":2},"end":{"line":90,"column":3}},"type":"if","locations":[{"start":{"line":88,"column":2},"end":{"line":90,"column":3}},{"start":{},"end":{}}],"line":88},"5":{"loc":{"start":{"line":98,"column":2},"end":{"line":100,"column":3}},"type":"if","locations":[{"start":{"line":98,"column":2},"end":{"line":100,"column":3}},{"start":{},"end":{}}],"line":98},"6":{"loc":{"start":{"line":108,"column":2},"end":{"line":110,"column":3}},"type":"if","locations":[{"start":{"line":108,"column":2},"end":{"line":110,"column":3}},{"start":{},"end":{}}],"line":108}},"s":{"0":1,"1":1,"2":0,"3":0,"4":0,"5":0,"6":0,"7":0,"8":0,"9":0,"10":0,"11":0,"12":0,"13":0,"14":0,"15":0,"16":0,"17":0,"18":0,"19":0,"20":0,"21":0,"22":0,"23":0,"24":0,"25":0,"26":0},"f":{"0":0,"1":0,"2":0,"3":0,"4":0,"5":0,"6":0},"b":{"0":[0,0],"1":[0,0],"2":[0,0],"3":[0,0],"4":[0,0],"5":[0,0],"6":[0,0]},"_coverageSchema":"1a1c01bbd47fc00a2c39e90264f33305004495a9","hash":"9888e557360e96e5e07e870921fa93ef08b21a90"}
,"/home/runner/work/caravan/caravan/apps/coordinator/src/actions/errorNotificationActions.js": {"path":"/home/runner/work/caravan/caravan/apps/coordinator/src/actions/errorNotificationActions.js","statementMap":{"0":{"start":{"line":1,"column":38},"end":{"line":1,"column":62}},"1":{"start":{"line":2,"column":40},"end":{"line":2,"column":66}},"2":{"start":{"line":5,"column":2},"end":{"line":8,"column":4}},"3":{"start":{"line":12,"column":2},"end":{"line":14,"column":4}}},"fnMap":{"0":{"name":"setErrorNotification","decl":{"start":{"line":4,"column":16},"end":{"line":4,"column":36}},"loc":{"start":{"line":4,"column":46},"end":{"line":9,"column":1}},"line":4},"1":{"name":"clearErrorNotification","decl":{"start":{"line":11,"column":16},"end":{"line":11,"column":38}},"loc":{"start":{"line":11,"column":41},"end":{"line":15,"column":1}},"line":11}},"branchMap":{},"s":{"0":1,"1":1,"2":0,"3":0},"f":{"0":0,"1":0},"b":{},"_coverageSchema":"1a1c01bbd47fc00a2c39e90264f33305004495a9","hash":"563b19420ba8ef0cc66256c92747c41b90b13d30"}
,"/home/runner/work/caravan/caravan/apps/coordinator/src/actions/settingsActions.js": {"path":"/home/runner/work/caravan/caravan/apps/coordinator/src/actions/settingsActions.js","statementMap":{"0":{"start":{"line":1,"column":27},"end":{"line":1,"column":40}},"1":{"start":{"line":2,"column":33},"end":{"line":2,"column":52}},"2":{"start":{"line":3,"column":36},"end":{"line":3,"column":58}},"3":{"start":{"line":4,"column":42},"end":{"line":4,"column":70}},"4":{"start":{"line":5,"column":32},"end":{"line":5,"column":50}},"5":{"start":{"line":6,"column":26},"end":{"line":6,"column":38}},"6":{"start":{"line":9,"column":2},"end":{"line":12,"column":4}},"7":{"start":{"line":16,"column":2},"end":{"line":19,"column":4}},"8":{"start":{"line":23,"column":2},"end":{"line":26,"column":4}},"9":{"start":{"line":30,"column":2},"end":{"line":33,"column":4}},"10":{"start":{"line":37,"column":2},"end":{"line":40,"column":4}},"11":{"start":{"line":44,"column":2},"end":{"line":47,"column":4}}},"fnMap":{"0":{"name":"setNetwork","decl":{"start":{"line":8,"column":16},"end":{"line":8,"column":26}},"loc":{"start":{"line":8,"column":34},"end":{"line":13,"column":1}},"line":8},"1":{"name":"setTotalSigners","decl":{"start":{"line":15,"column":16},"end":{"line":15,"column":31}},"loc":{"start":{"line":15,"column":40},"end":{"line":20,"column":1}},"line":15},"2":{"name":"setRequiredSigners","decl":{"start":{"line":22,"column":16},"end":{"line":22,"column":34}},"loc":{"start":{"line":22,"column":43},"end":{"line":27,"column":1}},"line":22},"3":{"name":"setStartingAddressIndex","decl":{"start":{"line":29,"column":16},"end":{"line":29,"column":39}},"loc":{"start":{"line":29,"column":48},"end":{"line":34,"column":1}},"line":29},"4":{"name":"setAddressType","decl":{"start":{"line":36,"column":16},"end":{"line":36,"column":30}},"loc":{"start":{"line":36,"column":38},"end":{"line":41,"column":1}},"line":36},"5":{"name":"setFrozen","decl":{"start":{"line":43,"column":16},"end":{"line":43,"column":25}},"loc":{"start":{"line":43,"column":33},"end":{"line":48,"column":1}},"line":43}},"branchMap":{},"s":{"0":1,"1":1,"2":1,"3":1,"4":1,"5":1,"6":0,"7":0,"8":0,"9":0,"10":0,"11":0},"f":{"0":0,"1":0,"2":0,"3":0,"4":0,"5":0},"b":{},"_coverageSchema":"1a1c01bbd47fc00a2c39e90264f33305004495a9","hash":"3ff6de0bccec7fe1ebe94b89198cf306faa78bdc"}
,"/home/runner/work/caravan/caravan/apps/coordinator/src/actions/transactionActions.js": {"path":"/home/runner/work/caravan/caravan/apps/coordinator/src/actions/transactionActions.js","statementMap":{"0":{"start":{"line":12,"column":36},"end":{"line":12,"column":58}},"1":{"start":{"line":14,"column":36},"end":{"line":14,"column":58}},"2":{"start":{"line":15,"column":33},"end":{"line":15,"column":52}},"3":{"start":{"line":17,"column":26},"end":{"line":17,"column":38}},"4":{"start":{"line":19,"column":26},"end":{"line":19,"column":38}},"5":{"start":{"line":20,"column":34},"end":{"line":20,"column":54}},"6":{"start":{"line":21,"column":33},"end":{"line":21,"column":52}},"7":{"start":{"line":22,"column":29},"end":{"line":22,"column":44}},"8":{"start":{"line":24,"column":28},"end":{"line":24,"column":42}},"9":{"start":{"line":25,"column":23},"end":{"line":25,"column":32}},"10":{"start":{"line":27,"column":32},"end":{"line":27,"column":50}},"11":{"start":{"line":28,"column":29},"end":{"line":28,"column":44}},"12":{"start":{"line":30,"column":24},"end":{"line":30,"column":34}},"13":{"start":{"line":31,"column":33},"end":{"line":31,"column":52}},"14":{"start":{"line":32,"column":29},"end":{"line":32,"column":44}},"15":{"start":{"line":33,"column":39},"end":{"line":33,"column":64}},"16":{"start":{"line":34,"column":42},"end":{"line":34,"column":70}},"17":{"start":{"line":35,"column":33},"end":{"line":35,"column":52}},"18":{"start":{"line":36,"column":26},"end":{"line":36,"column":38}},"19":{"start":{"line":37,"column":33},"end":{"line":37,"column":52}},"20":{"start":{"line":38,"column":34},"end":{"line":38,"column":54}},"21":{"start":{"line":39,"column":31},"end":{"line":39,"column":48}},"22":{"start":{"line":40,"column":30},"end":{"line":40,"column":46}},"23":{"start":{"line":41,"column":33},"end":{"line":41,"column":52}},"24":{"start":{"line":42,"column":33},"end":{"line":42,"column":34}},"25":{"start":{"line":43,"column":34},"end":{"line":43,"column":35}},"26":{"start":{"line":44,"column":31},"end":{"line":44,"column":32}},"27":{"start":{"line":47,"column":2},"end":{"line":49,"column":4}},"28":{"start":{"line":53,"column":2},"end":{"line":56,"column":4}},"29":{"start":{"line":60,"column":2},"end":{"line":63,"column":4}},"30":{"start":{"line":67,"column":2},"end":{"line":70,"column":4}},"31":{"start":{"line":74,"column":2},"end":{"line":76,"column":4}},"32":{"start":{"line":80,"column":2},"end":{"line":83,"column":4}},"33":{"start":{"line":87,"column":2},"end":{"line":91,"column":4}},"34":{"start":{"line":95,"column":2},"end":{"line":99,"column":4}},"35":{"start":{"line":103,"column":2},"end":{"line":107,"column":4}},"36":{"start":{"line":111,"column":2},"end":{"line":114,"column":4}},"37":{"start":{"line":118,"column":2},"end":{"line":135,"column":4}},"38":{"start":{"line":123,"column":8},"end":{"line":123,"column":18}},"39":{"start":{"line":127,"column":4},"end":{"line":127,"column":50}},"40":{"start":{"line":127,"column":28},"end":{"line":127,"column":50}},"41":{"start":{"line":130,"column":18},"end":{"line":130,"column":57}},"42":{"start":{"line":131,"column":4},"end":{"line":131,"column":42}},"43":{"start":{"line":132,"column":4},"end":{"line":132,"column":46}},"44":{"start":{"line":133,"column":4},"end":{"line":133,"column":47}},"45":{"start":{"line":134,"column":4},"end":{"line":134,"column":44}},"46":{"start":{"line":139,"column":2},"end":{"line":142,"column":4}},"47":{"start":{"line":146,"column":2},"end":{"line":151,"column":4}},"48":{"start":{"line":147,"column":34},"end":{"line":147,"column":62}},"49":{"start":{"line":148,"column":4},"end":{"line":148,"column":35}},"50":{"start":{"line":148,"column":28},"end":{"line":148,"column":35}},"51":{"start":{"line":150,"column":4},"end":{"line":150,"column":46}},"52":{"start":{"line":155,"column":2},"end":{"line":158,"column":4}},"53":{"start":{"line":162,"column":2},"end":{"line":165,"column":4}},"54":{"start":{"line":169,"column":2},"end":{"line":172,"column":4}},"55":{"start":{"line":176,"column":2},"end":{"line":178,"column":4}},"56":{"start":{"line":182,"column":2},"end":{"line":185,"column":4}},"57":{"start":{"line":189,"column":2},"end":{"line":192,"column":4}},"58":{"start":{"line":196,"column":2},"end":{"line":198,"column":4}},"59":{"start":{"line":202,"column":2},"end":{"line":204,"column":4}},"60":{"start":{"line":208,"column":2},"end":{"line":211,"column":4}},"61":{"start":{"line":215,"column":2},"end":{"line":217,"column":4}},"62":{"start":{"line":221,"column":2},"end":{"line":224,"column":4}},"63":{"start":{"line":228,"column":2},"end":{"line":232,"column":4}},"64":{"start":{"line":236,"column":2},"end":{"line":239,"column":4}},"65":{"start":{"line":251,"column":2},"end":{"line":299,"column":4}},"66":{"start":{"line":252,"column":28},"end":{"line":252,"column":58}},"67":{"start":{"line":253,"column":29},"end":{"line":253,"column":60}},"68":{"start":{"line":259,"column":8},"end":{"line":259,"column":18}},"69":{"start":{"line":260,"column":22},"end":{"line":263,"column":5}},"70":{"start":{"line":261,"column":24},"end":{"line":261,"column":50}},"71":{"start":{"line":264,"column":25},"end":{"line":271,"column":6}},"72":{"start":{"line":273,"column":29},"end":{"line":277,"column":5}},"73":{"start":{"line":275,"column":8},"end":{"line":275,"column":64}},"74":{"start":{"line":279,"column":27},"end":{"line":286,"column":5}},"75":{"start":{"line":288,"column":4},"end":{"line":297,"column":8}},"76":{"start":{"line":293,"column":6},"end":{"line":297,"column":8}},"77":{"start":{"line":298,"column":4},"end":{"line":298,"column":77}},"78":{"start":{"line":303,"column":2},"end":{"line":385,"column":4}},"79":{"start":{"line":304,"column":16},"end":{"line":304,"column":26}},"80":{"start":{"line":305,"column":24},"end":{"line":305,"column":38}},"81":{"start":{"line":306,"column":17},"end":{"line":306,"column":74}},"82":{"start":{"line":307,"column":4},"end":{"line":309,"column":5}},"83":{"start":{"line":308,"column":6},"end":{"line":308,"column":47}},"84":{"start":{"line":311,"column":4},"end":{"line":313,"column":5}},"85":{"start":{"line":312,"column":6},"end":{"line":312,"column":59}},"86":{"start":{"line":314,"column":4},"end":{"line":316,"column":5}},"87":{"start":{"line":315,"column":6},"end":{"line":315,"column":60}},"88":{"start":{"line":318,"column":4},"end":{"line":318,"column":29}},"89":{"start":{"line":319,"column":4},"end":{"line":319,"column":47}},"90":{"start":{"line":321,"column":34},"end":{"line":321,"column":69}},"91":{"start":{"line":321,"column":51},"end":{"line":321,"column":69}},"92":{"start":{"line":323,"column":29},"end":{"line":328,"column":5}},"93":{"start":{"line":325,"column":21},"end":{"line":325,"column":62}},"94":{"start":{"line":326,"column":8},"end":{"line":326,"column":56}},"95":{"start":{"line":330,"column":19},"end":{"line":330,"column":21}},"96":{"start":{"line":331,"column":4},"end":{"line":344,"column":7}},"97":{"start":{"line":332,"column":6},"end":{"line":343,"column":9}},"98":{"start":{"line":333,"column":32},"end":{"line":333,"column":76}},"99":{"start":{"line":334,"column":8},"end":{"line":342,"column":9}},"100":{"start":{"line":335,"column":24},"end":{"line":340,"column":11}},"101":{"start":{"line":341,"column":10},"end":{"line":341,"column":29}},"102":{"start":{"line":346,"column":4},"end":{"line":348,"column":5}},"103":{"start":{"line":347,"column":6},"end":{"line":347,"column":75}},"104":{"start":{"line":349,"column":4},"end":{"line":353,"column":5}},"105":{"start":{"line":350,"column":6},"end":{"line":352,"column":8}},"106":{"start":{"line":355,"column":4},"end":{"line":355,"column":32}},"107":{"start":{"line":357,"column":27},"end":{"line":357,"column":43}},"108":{"start":{"line":358,"column":4},"end":{"line":371,"column":7}},"109":{"start":{"line":359,"column":21},"end":{"line":359,"column":36}},"110":{"start":{"line":360,"column":6},"end":{"line":360,"column":72}},"111":{"start":{"line":361,"column":6},"end":{"line":363,"column":7}},"112":{"start":{"line":362,"column":8},"end":{"line":362,"column":30}},"113":{"start":{"line":365,"column":6},"end":{"line":368,"column":7}},"114":{"start":{"line":366,"column":8},"end":{"line":366,"column":47}},"115":{"start":{"line":367,"column":8},"end":{"line":367,"column":57}},"116":{"start":{"line":369,"column":6},"end":{"line":369,"column":57}},"117":{"start":{"line":370,"column":6},"end":{"line":370,"column":74}},"118":{"start":{"line":373,"column":4},"end":{"line":373,"column":23}},"119":{"start":{"line":374,"column":28},"end":{"line":374,"column":78}},"120":{"start":{"line":375,"column":20},"end":{"line":375,"column":54}},"121":{"start":{"line":376,"column":16},"end":{"line":376,"column":43}},"122":{"start":{"line":377,"column":4},"end":{"line":377,"column":26}},"123":{"start":{"line":379,"column":4},"end":{"line":379,"column":36}},"124":{"start":{"line":389,"column":2},"end":{"line":410,"column":4}},"125":{"start":{"line":390,"column":18},"end":{"line":390,"column":28}},"126":{"start":{"line":391,"column":24},"end":{"line":391,"column":38}},"127":{"start":{"line":392,"column":17},"end":{"line":392,"column":74}},"128":{"start":{"line":393,"column":4},"end":{"line":395,"column":5}},"129":{"start":{"line":394,"column":6},"end":{"line":394,"column":47}},"130":{"start":{"line":397,"column":4},"end":{"line":399,"column":5}},"131":{"start":{"line":398,"column":6},"end":{"line":398,"column":59}},"132":{"start":{"line":400,"column":4},"end":{"line":402,"column":5}},"133":{"start":{"line":401,"column":6},"end":{"line":401,"column":60}},"134":{"start":{"line":404,"column":4},"end":{"line":404,"column":29}},"135":{"start":{"line":405,"column":4},"end":{"line":405,"column":47}},"136":{"start":{"line":417,"column":2},"end":{"line":425,"column":4}},"137":{"start":{"line":418,"column":18},"end":{"line":418,"column":28}},"138":{"start":{"line":419,"column":24},"end":{"line":419,"column":38}},"139":{"start":{"line":420,"column":17},"end":{"line":420,"column":74}},"140":{"start":{"line":421,"column":4},"end":{"line":423,"column":5}},"141":{"start":{"line":422,"column":6},"end":{"line":422,"column":47}},"142":{"start":{"line":424,"column":4},"end":{"line":424,"column":16}}},"fnMap":{"0":{"name":"choosePerformSpend","decl":{"start":{"line":46,"column":16},"end":{"line":46,"column":34}},"loc":{"start":{"line":46,"column":37},"end":{"line":50,"column":1}},"line":46},"1":{"name":"setRequiredSigners","decl":{"start":{"line":52,"column":16},"end":{"line":52,"column":34}},"loc":{"start":{"line":52,"column":43},"end":{"line":57,"column":1}},"line":52},"2":{"name":"setTotalSigners","decl":{"start":{"line":59,"column":16},"end":{"line":59,"column":31}},"loc":{"start":{"line":59,"column":40},"end":{"line":64,"column":1}},"line":59},"3":{"name":"setInputs","decl":{"start":{"line":66,"column":16},"end":{"line":66,"column":25}},"loc":{"start":{"line":66,"column":34},"end":{"line":71,"column":1}},"line":66},"4":{"name":"addOutput","decl":{"start":{"line":73,"column":16},"end":{"line":73,"column":25}},"loc":{"start":{"line":73,"column":28},"end":{"line":77,"column":1}},"line":73},"5":{"name":"setChangeOutputIndex","decl":{"start":{"line":79,"column":16},"end":{"line":79,"column":36}},"loc":{"start":{"line":79,"column":45},"end":{"line":84,"column":1}},"line":79},"6":{"name":"setChangeOutputMultisig","decl":{"start":{"line":86,"column":16},"end":{"line":86,"column":39}},"loc":{"start":{"line":86,"column":58},"end":{"line":92,"column":1}},"line":86},"7":{"name":"setOutputAddress","decl":{"start":{"line":94,"column":16},"end":{"line":94,"column":32}},"loc":{"start":{"line":94,"column":50},"end":{"line":100,"column":1}},"line":94},"8":{"name":"setOutputAmount","decl":{"start":{"line":102,"column":16},"end":{"line":102,"column":31}},"loc":{"start":{"line":102,"column":54},"end":{"line":108,"column":1}},"line":102},"9":{"name":"setChangeAddressAction","decl":{"start":{"line":110,"column":16},"end":{"line":110,"column":38}},"loc":{"start":{"line":110,"column":46},"end":{"line":115,"column":1}},"line":110},"10":{"name":"setChangeOutput","decl":{"start":{"line":117,"column":16},"end":{"line":117,"column":31}},"loc":{"start":{"line":117,"column":52},"end":{"line":136,"column":1}},"line":117},"11":{"name":"(anonymous_11)","decl":{"start":{"line":118,"column":9},"end":{"line":118,"column":10}},"loc":{"start":{"line":118,"column":33},"end":{"line":135,"column":3}},"line":118},"12":{"name":"deleteOutput","decl":{"start":{"line":138,"column":16},"end":{"line":138,"column":28}},"loc":{"start":{"line":138,"column":37},"end":{"line":143,"column":1}},"line":138},"13":{"name":"deleteChangeOutput","decl":{"start":{"line":145,"column":16},"end":{"line":145,"column":34}},"loc":{"start":{"line":145,"column":37},"end":{"line":152,"column":1}},"line":145},"14":{"name":"(anonymous_14)","decl":{"start":{"line":146,"column":9},"end":{"line":146,"column":10}},"loc":{"start":{"line":146,"column":33},"end":{"line":151,"column":3}},"line":146},"15":{"name":"setFeeRate","decl":{"start":{"line":154,"column":16},"end":{"line":154,"column":26}},"loc":{"start":{"line":154,"column":40},"end":{"line":159,"column":1}},"line":154},"16":{"name":"setFee","decl":{"start":{"line":161,"column":16},"end":{"line":161,"column":22}},"loc":{"start":{"line":161,"column":36},"end":{"line":166,"column":1}},"line":161},"17":{"name":"finalizeOutputs","decl":{"start":{"line":168,"column":16},"end":{"line":168,"column":31}},"loc":{"start":{"line":168,"column":43},"end":{"line":173,"column":1}},"line":168},"18":{"name":"resetOutputs","decl":{"start":{"line":175,"column":16},"end":{"line":175,"column":28}},"loc":{"start":{"line":175,"column":31},"end":{"line":179,"column":1}},"line":175},"19":{"name":"setBalanceError","decl":{"start":{"line":181,"column":16},"end":{"line":181,"column":31}},"loc":{"start":{"line":181,"column":41},"end":{"line":186,"column":1}},"line":181},"20":{"name":"setUnsignedPSBT","decl":{"start":{"line":188,"column":16},"end":{"line":188,"column":31}},"loc":{"start":{"line":188,"column":39},"end":{"line":193,"column":1}},"line":188},"21":{"name":"resetPSBT","decl":{"start":{"line":195,"column":16},"end":{"line":195,"column":25}},"loc":{"start":{"line":195,"column":28},"end":{"line":199,"column":1}},"line":195},"22":{"name":"resetTransaction","decl":{"start":{"line":201,"column":16},"end":{"line":201,"column":32}},"loc":{"start":{"line":201,"column":35},"end":{"line":205,"column":1}},"line":201},"23":{"name":"setTXID","decl":{"start":{"line":207,"column":16},"end":{"line":207,"column":23}},"loc":{"start":{"line":207,"column":30},"end":{"line":212,"column":1}},"line":207},"24":{"name":"setIsWallet","decl":{"start":{"line":214,"column":16},"end":{"line":214,"column":27}},"loc":{"start":{"line":214,"column":30},"end":{"line":218,"column":1}},"line":214},"25":{"name":"updateAutoSpendAction","decl":{"start":{"line":220,"column":16},"end":{"line":220,"column":37}},"loc":{"start":{"line":220,"column":45},"end":{"line":225,"column":1}},"line":220},"26":{"name":"setSigningKey","decl":{"start":{"line":227,"column":16},"end":{"line":227,"column":29}},"loc":{"start":{"line":227,"column":70},"end":{"line":233,"column":1}},"line":227},"27":{"name":"setSpendStep","decl":{"start":{"line":235,"column":16},"end":{"line":235,"column":28}},"loc":{"start":{"line":235,"column":36},"end":{"line":240,"column":1}},"line":235},"28":{"name":"setMaxSpendOnOutput","decl":{"start":{"line":250,"column":16},"end":{"line":250,"column":35}},"loc":{"start":{"line":250,"column":49},"end":{"line":300,"column":1}},"line":250},"29":{"name":"(anonymous_29)","decl":{"start":{"line":251,"column":9},"end":{"line":251,"column":10}},"loc":{"start":{"line":251,"column":33},"end":{"line":299,"column":3}},"line":251},"30":{"name":"(anonymous_30)","decl":{"start":{"line":261,"column":6},"end":{"line":261,"column":7}},"loc":{"start":{"line":261,"column":24},"end":{"line":261,"column":50}},"line":261},"31":{"name":"(anonymous_31)","decl":{"start":{"line":274,"column":6},"end":{"line":274,"column":7}},"loc":{"start":{"line":275,"column":8},"end":{"line":275,"column":64}},"line":275},"32":{"name":"importPSBT","decl":{"start":{"line":302,"column":16},"end":{"line":302,"column":26}},"loc":{"start":{"line":302,"column":37},"end":{"line":386,"column":1}},"line":302},"33":{"name":"(anonymous_33)","decl":{"start":{"line":303,"column":9},"end":{"line":303,"column":10}},"loc":{"start":{"line":303,"column":33},"end":{"line":385,"column":3}},"line":303},"34":{"name":"(anonymous_34)","decl":{"start":{"line":321,"column":34},"end":{"line":321,"column":35}},"loc":{"start":{"line":321,"column":51},"end":{"line":321,"column":69}},"line":321},"35":{"name":"(anonymous_35)","decl":{"start":{"line":324,"column":24},"end":{"line":324,"column":25}},"loc":{"start":{"line":324,"column":35},"end":{"line":327,"column":7}},"line":324},"36":{"name":"(anonymous_36)","decl":{"start":{"line":331,"column":38},"end":{"line":331,"column":39}},"loc":{"start":{"line":331,"column":49},"end":{"line":344,"column":5}},"line":331},"37":{"name":"(anonymous_37)","decl":{"start":{"line":332,"column":42},"end":{"line":332,"column":43}},"loc":{"start":{"line":332,"column":56},"end":{"line":343,"column":7}},"line":332},"38":{"name":"(anonymous_38)","decl":{"start":{"line":358,"column":27},"end":{"line":358,"column":28}},"loc":{"start":{"line":358,"column":52},"end":{"line":371,"column":5}},"line":358},"39":{"name":"importHermitPSBT","decl":{"start":{"line":388,"column":16},"end":{"line":388,"column":32}},"loc":{"start":{"line":388,"column":43},"end":{"line":411,"column":1}},"line":388},"40":{"name":"(anonymous_40)","decl":{"start":{"line":389,"column":9},"end":{"line":389,"column":10}},"loc":{"start":{"line":389,"column":33},"end":{"line":410,"column":3}},"line":389},"41":{"name":"importLegacyPSBT","decl":{"start":{"line":416,"column":16},"end":{"line":416,"column":32}},"loc":{"start":{"line":416,"column":43},"end":{"line":426,"column":1}},"line":416},"42":{"name":"(anonymous_42)","decl":{"start":{"line":417,"column":9},"end":{"line":417,"column":10}},"loc":{"start":{"line":417,"column":33},"end":{"line":425,"column":3}},"line":417}},"branchMap":{"0":{"loc":{"start":{"line":127,"column":4},"end":{"line":127,"column":50}},"type":"if","locations":[{"start":{"line":127,"column":4},"end":{"line":127,"column":50}},{"start":{},"end":{}}],"line":127},"1":{"loc":{"start":{"line":130,"column":18},"end":{"line":130,"column":57}},"type":"binary-expr","locations":[{"start":{"line":130,"column":18},"end":{"line":130,"column":35}},{"start":{"line":130,"column":39},"end":{"line":130,"column":57}}],"line":130},"2":{"loc":{"start":{"line":148,"column":4},"end":{"line":148,"column":35}},"type":"if","locations":[{"start":{"line":148,"column":4},"end":{"line":148,"column":35}},{"start":{},"end":{}}],"line":148},"3":{"loc":{"start":{"line":275,"column":19},"end":{"line":275,"column":63}},"type":"cond-expr","locations":[{"start":{"line":275,"column":42},"end":{"line":275,"column":59}},{"start":{"line":275,"column":62},"end":{"line":275,"column":63}}],"line":275},"4":{"loc":{"start":{"line":282,"column":17},"end":{"line":282,"column":58}},"type":"cond-expr","locations":[{"start":{"line":282,"column":38},"end":{"line":282,"column":54}},{"start":{"line":282,"column":57},"end":{"line":282,"column":58}}],"line":282},"5":{"loc":{"start":{"line":288,"column":4},"end":{"line":297,"column":8}},"type":"if","locations":[{"start":{"line":288,"column":4},"end":{"line":297,"column":8}},{"start":{},"end":{}}],"line":288},"6":{"loc":{"start":{"line":289,"column":6},"end":{"line":291,"column":44}},"type":"binary-expr","locations":[{"start":{"line":289,"column":7},"end":{"line":289,"column":75}},{"start":{"line":290,"column":8},"end":{"line":290,"column":26}},{"start":{"line":291,"column":6},"end":{"line":291,"column":44}}],"line":289},"7":{"loc":{"start":{"line":307,"column":4},"end":{"line":309,"column":5}},"type":"if","locations":[{"start":{"line":307,"column":4},"end":{"line":309,"column":5}},{"start":{},"end":{}}],"line":307},"8":{"loc":{"start":{"line":311,"column":4},"end":{"line":313,"column":5}},"type":"if","locations":[{"start":{"line":311,"column":4},"end":{"line":313,"column":5}},{"start":{},"end":{}}],"line":311},"9":{"loc":{"start":{"line":314,"column":4},"end":{"line":316,"column":5}},"type":"if","locations":[{"start":{"line":314,"column":4},"end":{"line":316,"column":5}},{"start":{},"end":{}}],"line":314},"10":{"loc":{"start":{"line":334,"column":8},"end":{"line":342,"column":9}},"type":"if","locations":[{"start":{"line":334,"column":8},"end":{"line":342,"column":9}},{"start":{},"end":{}}],"line":334},"11":{"loc":{"start":{"line":346,"column":4},"end":{"line":348,"column":5}},"type":"if","locations":[{"start":{"line":346,"column":4},"end":{"line":348,"column":5}},{"start":{},"end":{}}],"line":346},"12":{"loc":{"start":{"line":349,"column":4},"end":{"line":353,"column":5}},"type":"if","locations":[{"start":{"line":349,"column":4},"end":{"line":353,"column":5}},{"start":{},"end":{}}],"line":349},"13":{"loc":{"start":{"line":361,"column":6},"end":{"line":363,"column":7}},"type":"if","locations":[{"start":{"line":361,"column":6},"end":{"line":363,"column":7}},{"start":{},"end":{}}],"line":361},"14":{"loc":{"start":{"line":365,"column":6},"end":{"line":368,"column":7}},"type":"if","locations":[{"start":{"line":365,"column":6},"end":{"line":368,"column":7}},{"start":{},"end":{}}],"line":365},"15":{"loc":{"start":{"line":393,"column":4},"end":{"line":395,"column":5}},"type":"if","locations":[{"start":{"line":393,"column":4},"end":{"line":395,"column":5}},{"start":{},"end":{}}],"line":393},"16":{"loc":{"start":{"line":397,"column":4},"end":{"line":399,"column":5}},"type":"if","locations":[{"start":{"line":397,"column":4},"end":{"line":399,"column":5}},{"start":{},"end":{}}],"line":397},"17":{"loc":{"start":{"line":400,"column":4},"end":{"line":402,"column":5}},"type":"if","locations":[{"start":{"line":400,"column":4},"end":{"line":402,"column":5}},{"start":{},"end":{}}],"line":400},"18":{"loc":{"start":{"line":421,"column":4},"end":{"line":423,"column":5}},"type":"if","locations":[{"start":{"line":421,"column":4},"end":{"line":423,"column":5}},{"start":{},"end":{}}],"line":421}},"s":{"0":1,"1":1,"2":1,"3":1,"4":1,"5":1,"6":1,"7":1,"8":1,"9":1,"10":1,"11":1,"12":1,"13":1,"14":1,"15":1,"16":1,"17":1,"18":1,"19":1,"20":1,"21":1,"22":1,"23":1,"24":1,"25":1,"26":1,"27":0,"28":0,"29":0,"30":0,"31":0,"32":0,"33":0,"34":0,"35":0,"36":0,"37":0,"38":0,"39":0,"40":0,"41":0,"42":0,"43":0,"44":0,"45":0,"46":0,"47":0,"48":0,"49":0,"50":0,"51":0,"52":0,"53":0,"54":0,"55":0,"56":0,"57":0,"58":0,"59":0,"60":0,"61":0,"62":0,"63":0,"64":0,"65":0,"66":0,"67":0,"68":0,"69":0,"70":0,"71":0,"72":0,"73":0,"74":0,"75":0,"76":0,"77":0,"78":0,"79":0,"80":0,"81":0,"82":0,"83":0,"84":0,"85":0,"86":0,"87":0,"88":0,"89":0,"90":0,"91":0,"92":0,"93":0,"94":0,"95":0,"96":0,"97":0,"98":0,"99":0,"100":0,"101":0,"102":0,"103":0,"104":0,"105":0,"106":0,"107":0,"108":0,"109":0,"110":0,"111":0,"112":0,"113":0,"114":0,"115":0,"116":0,"117":0,"118":0,"119":0,"120":0,"121":0,"122":0,"123":0,"124":0,"125":0,"126":0,"127":0,"128":0,"129":0,"130":0,"131":0,"132":0,"133":0,"134":0,"135":0,"136":0,"137":0,"138":0,"139":0,"140":0,"141":0,"142":0},"f":{"0":0,"1":0,"2":0,"3":0,"4":0,"5":0,"6":0,"7":0,"8":0,"9":0,"10":0,"11":0,"12":0,"13":0,"14":0,"15":0,"16":0,"17":0,"18":0,"19":0,"20":0,"21":0,"22":0,"23":0,"24":0,"25":0,"26":0,"27":0,"28":0,"29":0,"30":0,"31":0,"32":0,"33":0,"34":0,"35":0,"36":0,"37":0,"38":0,"39":0,"40":0,"41":0,"42":0},"b":{"0":[0,0],"1":[0,0],"2":[0,0],"3":[0,0],"4":[0,0],"5":[0,0],"6":[0,0,0],"7":[0,0],"8":[0,0],"9":[0,0],"10":[0,0],"11":[0,0],"12":[0,0],"13":[0,0],"14":[0,0],"15":[0,0],"16":[0,0],"17":[0,0],"18":[0,0]},"_coverageSchema":"1a1c01bbd47fc00a2c39e90264f33305004495a9","hash":"e9ef9ae5493feaa4a7d2ab2a87dfb8967f0d93cc"}
,"/home/runner/work/caravan/caravan/apps/coordinator/src/actions/walletActions.js": {"path":"/home/runner/work/caravan/caravan/apps/coordinator/src/actions/walletActions.js","statementMap":{"0":{"start":{"line":20,"column":36},"end":{"line":20,"column":58}},"1":{"start":{"line":21,"column":35},"end":{"line":21,"column":56}},"2":{"start":{"line":22,"column":33},"end":{"line":22,"column":52}},"3":{"start":{"line":23,"column":34},"end":{"line":23,"column":54}},"4":{"start":{"line":24,"column":34},"end":{"line":24,"column":54}},"5":{"start":{"line":25,"column":34},"end":{"line":25,"column":54}},"6":{"start":{"line":26,"column":33},"end":{"line":26,"column":52}},"7":{"start":{"line":27,"column":28},"end":{"line":27,"column":42}},"8":{"start":{"line":28,"column":28},"end":{"line":28,"column":42}},"9":{"start":{"line":29,"column":37},"end":{"line":29,"column":60}},"10":{"start":{"line":30,"column":40},"end":{"line":30,"column":66}},"11":{"start":{"line":31,"column":43},"end":{"line":31,"column":71}},"12":{"start":{"line":33,"column":28},"end":{"line":37,"column":1}},"13":{"start":{"line":40,"column":2},"end":{"line":46,"column":4}},"14":{"start":{"line":50,"column":2},"end":{"line":56,"column":4}},"15":{"start":{"line":60,"column":2},"end":{"line":62,"column":4}},"16":{"start":{"line":76,"column":2},"end":{"line":158,"column":4}},"17":{"start":{"line":87,"column":8},"end":{"line":87,"column":18}},"18":{"start":{"line":88,"column":65},"end":{"line":88,"column":73}},"19":{"start":{"line":89,"column":56},"end":{"line":89,"column":67}},"20":{"start":{"line":90,"column":28},"end":{"line":90,"column":58}},"21":{"start":{"line":96,"column":4},"end":{"line":107,"column":5}},"22":{"start":{"line":97,"column":6},"end":{"line":104,"column":9}},"23":{"start":{"line":106,"column":6},"end":{"line":106,"column":50}},"24":{"start":{"line":112,"column":20},"end":{"line":118,"column":5}},"25":{"start":{"line":121,"column":4},"end":{"line":152,"column":5}},"26":{"start":{"line":123,"column":27},"end":{"line":126,"column":7}},"27":{"start":{"line":124,"column":27},"end":{"line":124,"column":56}},"28":{"start":{"line":127,"column":30},"end":{"line":130,"column":7}},"29":{"start":{"line":128,"column":25},"end":{"line":128,"column":52}},"30":{"start":{"line":131,"column":6},"end":{"line":134,"column":9}},"31":{"start":{"line":136,"column":27},"end":{"line":139,"column":19}},"32":{"start":{"line":141,"column":6},"end":{"line":146,"column":8}},"33":{"start":{"line":148,"column":6},"end":{"line":151,"column":9}},"34":{"start":{"line":154,"column":4},"end":{"line":154,"column":46}},"35":{"start":{"line":156,"column":4},"end":{"line":156,"column":39}},"36":{"start":{"line":157,"column":4},"end":{"line":157,"column":36}},"37":{"start":{"line":174,"column":2},"end":{"line":293,"column":4}},"38":{"start":{"line":185,"column":8},"end":{"line":185,"column":18}},"39":{"start":{"line":189,"column":29},"end":{"line":198,"column":5}},"40":{"start":{"line":190,"column":20},"end":{"line":190,"column":69}},"41":{"start":{"line":191,"column":6},"end":{"line":197,"column":8}},"42":{"start":{"line":201,"column":19},"end":{"line":201,"column":30}},"43":{"start":{"line":205,"column":4},"end":{"line":207,"column":5}},"44":{"start":{"line":206,"column":6},"end":{"line":206,"column":31}},"45":{"start":{"line":210,"column":25},"end":{"line":210,"column":27}},"46":{"start":{"line":215,"column":23},"end":{"line":215,"column":32}},"47":{"start":{"line":218,"column":4},"end":{"line":228,"column":7}},"48":{"start":{"line":219,"column":26},"end":{"line":219,"column":40}},"49":{"start":{"line":223,"column":6},"end":{"line":227,"column":7}},"50":{"start":{"line":224,"column":8},"end":{"line":224,"column":32}},"51":{"start":{"line":226,"column":8},"end":{"line":226,"column":70}},"52":{"start":{"line":231,"column":4},"end":{"line":239,"column":5}},"53":{"start":{"line":232,"column":6},"end":{"line":232,"column":54}},"54":{"start":{"line":234,"column":6},"end":{"line":238,"column":8}},"55":{"start":{"line":243,"column":4},"end":{"line":258,"column":5}},"56":{"start":{"line":243,"column":17},"end":{"line":243,"column":18}},"57":{"start":{"line":244,"column":20},"end":{"line":244,"column":36}},"58":{"start":{"line":245,"column":24},"end":{"line":247,"column":53}},"59":{"start":{"line":251,"column":6},"end":{"line":257,"column":7}},"60":{"start":{"line":252,"column":8},"end":{"line":255,"column":11}},"61":{"start":{"line":256,"column":8},"end":{"line":256,"column":41}},"62":{"start":{"line":263,"column":4},"end":{"line":267,"column":8}},"63":{"start":{"line":264,"column":6},"end":{"line":267,"column":8}},"64":{"start":{"line":265,"column":14},"end":{"line":265,"column":79}},"65":{"start":{"line":271,"column":4},"end":{"line":276,"column":5}},"66":{"start":{"line":272,"column":20},"end":{"line":273,"column":92}},"67":{"start":{"line":274,"column":6},"end":{"line":274,"column":69}},"68":{"start":{"line":274,"column":31},"end":{"line":274,"column":69}},"69":{"start":{"line":275,"column":6},"end":{"line":275,"column":53}},"70":{"start":{"line":281,"column":25},"end":{"line":284,"column":5}},"71":{"start":{"line":288,"column":4},"end":{"line":292,"column":75}},"72":{"start":{"line":292,"column":6},"end":{"line":292,"column":75}},"73":{"start":{"line":297,"column":2},"end":{"line":300,"column":4}},"74":{"start":{"line":304,"column":2},"end":{"line":307,"column":4}},"75":{"start":{"line":311,"column":2},"end":{"line":314,"column":4}},"76":{"start":{"line":318,"column":2},"end":{"line":324,"column":4}},"77":{"start":{"line":328,"column":2},"end":{"line":330,"column":4}},"78":{"start":{"line":334,"column":2},"end":{"line":336,"column":4}},"79":{"start":{"line":340,"column":2},"end":{"line":342,"column":4}},"80":{"start":{"line":346,"column":2},"end":{"line":348,"column":4}}},"fnMap":{"0":{"name":"updateDepositSliceAction","decl":{"start":{"line":39,"column":16},"end":{"line":39,"column":40}},"loc":{"start":{"line":39,"column":48},"end":{"line":47,"column":1}},"line":39},"1":{"name":"updateChangeSliceAction","decl":{"start":{"line":49,"column":16},"end":{"line":49,"column":39}},"loc":{"start":{"line":49,"column":47},"end":{"line":57,"column":1}},"line":49},"2":{"name":"resetNodesSpend","decl":{"start":{"line":59,"column":16},"end":{"line":59,"column":31}},"loc":{"start":{"line":59,"column":34},"end":{"line":63,"column":1}},"line":59},"3":{"name":"autoSelectCoins","decl":{"start":{"line":74,"column":16},"end":{"line":74,"column":31}},"loc":{"start":{"line":74,"column":34},"end":{"line":159,"column":1}},"line":74},"4":{"name":"(anonymous_4)","decl":{"start":{"line":76,"column":9},"end":{"line":76,"column":10}},"loc":{"start":{"line":76,"column":33},"end":{"line":158,"column":3}},"line":76},"5":{"name":"(anonymous_5)","decl":{"start":{"line":124,"column":8},"end":{"line":124,"column":9}},"loc":{"start":{"line":124,"column":27},"end":{"line":124,"column":56}},"line":124},"6":{"name":"(anonymous_6)","decl":{"start":{"line":128,"column":8},"end":{"line":128,"column":9}},"loc":{"start":{"line":128,"column":25},"end":{"line":128,"column":52}},"line":128},"7":{"name":"updateTxSlices","decl":{"start":{"line":168,"column":16},"end":{"line":168,"column":30}},"loc":{"start":{"line":172,"column":2},"end":{"line":294,"column":1}},"line":172},"8":{"name":"(anonymous_8)","decl":{"start":{"line":174,"column":9},"end":{"line":174,"column":10}},"loc":{"start":{"line":174,"column":39},"end":{"line":293,"column":3}},"line":174},"9":{"name":"(anonymous_9)","decl":{"start":{"line":189,"column":29},"end":{"line":189,"column":30}},"loc":{"start":{"line":189,"column":59},"end":{"line":198,"column":5}},"line":189},"10":{"name":"(anonymous_10)","decl":{"start":{"line":218,"column":19},"end":{"line":218,"column":20}},"loc":{"start":{"line":218,"column":30},"end":{"line":228,"column":5}},"line":218},"11":{"name":"(anonymous_11)","decl":{"start":{"line":265,"column":8},"end":{"line":265,"column":9}},"loc":{"start":{"line":265,"column":14},"end":{"line":265,"column":79}},"line":265},"12":{"name":"setWalletModeAction","decl":{"start":{"line":296,"column":16},"end":{"line":296,"column":35}},"loc":{"start":{"line":296,"column":43},"end":{"line":301,"column":1}},"line":296},"13":{"name":"updateWalletNameAction","decl":{"start":{"line":303,"column":16},"end":{"line":303,"column":38}},"loc":{"start":{"line":303,"column":54},"end":{"line":308,"column":1}},"line":303},"14":{"name":"updateWalletUuidAction","decl":{"start":{"line":310,"column":16},"end":{"line":310,"column":38}},"loc":{"start":{"line":310,"column":46},"end":{"line":315,"column":1}},"line":310},"15":{"name":"updateWalletPolicyRegistrationsAction","decl":{"start":{"line":317,"column":16},"end":{"line":317,"column":53}},"loc":{"start":{"line":317,"column":75},"end":{"line":325,"column":1}},"line":317},"16":{"name":"resetWalletView","decl":{"start":{"line":327,"column":16},"end":{"line":327,"column":31}},"loc":{"start":{"line":327,"column":34},"end":{"line":331,"column":1}},"line":327},"17":{"name":"resetWallet","decl":{"start":{"line":333,"column":16},"end":{"line":333,"column":27}},"loc":{"start":{"line":333,"column":30},"end":{"line":337,"column":1}},"line":333},"18":{"name":"initialLoadComplete","decl":{"start":{"line":339,"column":16},"end":{"line":339,"column":35}},"loc":{"start":{"line":339,"column":38},"end":{"line":343,"column":1}},"line":339},"19":{"name":"resetNodesFetchErrors","decl":{"start":{"line":345,"column":16},"end":{"line":345,"column":37}},"loc":{"start":{"line":345,"column":40},"end":{"line":349,"column":1}},"line":345}},"branchMap":{"0":{"loc":{"start":{"line":121,"column":4},"end":{"line":152,"column":5}},"type":"if","locations":[{"start":{"line":121,"column":4},"end":{"line":152,"column":5}},{"start":{"line":147,"column":11},"end":{"line":152,"column":5}}],"line":121},"1":{"loc":{"start":{"line":170,"column":2},"end":{"line":170,"column":14}},"type":"default-arg","locations":[{"start":{"line":170,"column":12},"end":{"line":170,"column":14}}],"line":170},"2":{"loc":{"start":{"line":171,"column":2},"end":{"line":171,"column":27}},"type":"default-arg","locations":[{"start":{"line":171,"column":18},"end":{"line":171,"column":27}}],"line":171},"3":{"loc":{"start":{"line":205,"column":4},"end":{"line":207,"column":5}},"type":"if","locations":[{"start":{"line":205,"column":4},"end":{"line":207,"column":5}},{"start":{},"end":{}}],"line":205},"4":{"loc":{"start":{"line":205,"column":8},"end":{"line":205,"column":69}},"type":"binary-expr","locations":[{"start":{"line":205,"column":8},"end":{"line":205,"column":19}},{"start":{"line":205,"column":23},"end":{"line":205,"column":69}}],"line":205},"5":{"loc":{"start":{"line":223,"column":6},"end":{"line":227,"column":7}},"type":"if","locations":[{"start":{"line":223,"column":6},"end":{"line":227,"column":7}},{"start":{},"end":{}}],"line":223},"6":{"loc":{"start":{"line":223,"column":10},"end":{"line":223,"column":65}},"type":"binary-expr","locations":[{"start":{"line":223,"column":10},"end":{"line":223,"column":34}},{"start":{"line":223,"column":38},"end":{"line":223,"column":65}}],"line":223},"7":{"loc":{"start":{"line":245,"column":24},"end":{"line":247,"column":53}},"type":"cond-expr","locations":[{"start":{"line":246,"column":10},"end":{"line":246,"column":52}},{"start":{"line":247,"column":10},"end":{"line":247,"column":53}}],"line":245},"8":{"loc":{"start":{"line":251,"column":6},"end":{"line":257,"column":7}},"type":"if","locations":[{"start":{"line":251,"column":6},"end":{"line":257,"column":7}},{"start":{},"end":{}}],"line":251},"9":{"loc":{"start":{"line":251,"column":10},"end":{"line":251,"column":66}},"type":"binary-expr","locations":[{"start":{"line":251,"column":10},"end":{"line":251,"column":15}},{"start":{"line":251,"column":19},"end":{"line":251,"column":30}},{"start":{"line":251,"column":34},"end":{"line":251,"column":66}}],"line":251},"10":{"loc":{"start":{"line":253,"column":16},"end":{"line":253,"column":73}},"type":"cond-expr","locations":[{"start":{"line":253,"column":31},"end":{"line":253,"column":50}},{"start":{"line":253,"column":53},"end":{"line":253,"column":73}}],"line":253},"11":{"loc":{"start":{"line":263,"column":4},"end":{"line":267,"column":8}},"type":"if","locations":[{"start":{"line":263,"column":4},"end":{"line":267,"column":8}},{"start":{},"end":{}}],"line":263},"12":{"loc":{"start":{"line":263,"column":8},"end":{"line":263,"column":62}},"type":"binary-expr","locations":[{"start":{"line":263,"column":8},"end":{"line":263,"column":51}},{"start":{"line":263,"column":55},"end":{"line":263,"column":62}}],"line":263},"13":{"loc":{"start":{"line":271,"column":4},"end":{"line":276,"column":5}},"type":"if","locations":[{"start":{"line":271,"column":4},"end":{"line":276,"column":5}},{"start":{},"end":{}}],"line":271},"14":{"loc":{"start":{"line":274,"column":6},"end":{"line":274,"column":69}},"type":"if","locations":[{"start":{"line":274,"column":6},"end":{"line":274,"column":69}},{"start":{},"end":{}}],"line":274},"15":{"loc":{"start":{"line":274,"column":10},"end":{"line":274,"column":29}},"type":"binary-expr","locations":[{"start":{"line":274,"column":10},"end":{"line":274,"column":14}},{"start":{"line":274,"column":18},"end":{"line":274,"column":29}}],"line":274},"16":{"loc":{"start":{"line":288,"column":4},"end":{"line":292,"column":75}},"type":"if","locations":[{"start":{"line":288,"column":4},"end":{"line":292,"column":75}},{"start":{},"end":{}}],"line":288}},"s":{"0":1,"1":1,"2":1,"3":1,"4":1,"5":1,"6":1,"7":1,"8":1,"9":1,"10":1,"11":1,"12":1,"13":0,"14":0,"15":0,"16":0,"17":0,"18":0,"19":0,"20":0,"21":0,"22":0,"23":0,"24":0,"25":0,"26":0,"27":0,"28":0,"29":0,"30":0,"31":0,"32":0,"33":0,"34":0,"35":0,"36":0,"37":0,"38":0,"39":0,"40":0,"41":0,"42":0,"43":0,"44":0,"45":0,"46":0,"47":0,"48":0,"49":0,"50":0,"51":0,"52":0,"53":0,"54":0,"55":0,"56":0,"57":0,"58":0,"59":0,"60":0,"61":0,"62":0,"63":0,"64":0,"65":0,"66":0,"67":0,"68":0,"69":0,"70":0,"71":0,"72":0,"73":0,"74":0,"75":0,"76":0,"77":0,"78":0,"79":0,"80":0},"f":{"0":0,"1":0,"2":0,"3":0,"4":0,"5":0,"6":0,"7":0,"8":0,"9":0,"10":0,"11":0,"12":0,"13":0,"14":0,"15":0,"16":0,"17":0,"18":0,"19":0},"b":{"0":[0,0],"1":[0],"2":[0],"3":[0,0],"4":[0,0],"5":[0,0],"6":[0,0],"7":[0,0],"8":[0,0],"9":[0,0,0],"10":[0,0],"11":[0,0],"12":[0,0],"13":[0,0],"14":[0,0],"15":[0,0],"16":[0,0]},"_coverageSchema":"1a1c01bbd47fc00a2c39e90264f33305004495a9","hash":"94100f075002b03e4f81fb1fe553ea29f61ef8f2"}
,"/home/runner/work/caravan/caravan/apps/coordinator/src/components/BitcoinIcon.tsx": {"path":"/home/runner/work/caravan/caravan/apps/coordinator/src/components/BitcoinIcon.tsx","statementMap":{"0":{"start":{"line":13,"column":20},"end":{"line":34,"column":1}},"1":{"start":{"line":14,"column":2},"end":{"line":33,"column":12}}},"fnMap":{"0":{"name":"(anonymous_0)","decl":{"start":{"line":13,"column":20},"end":{"line":13,"column":21}},"loc":{"start":{"line":14,"column":2},"end":{"line":33,"column":12}},"line":14}},"branchMap":{"0":{"loc":{"start":{"line":13,"column":23},"end":{"line":13,"column":48}},"type":"default-arg","locations":[{"start":{"line":13,"column":33},"end":{"line":13,"column":48}}],"line":13},"1":{"loc":{"start":{"line":16,"column":15},"end":{"line":16,"column":62}},"type":"cond-expr","locations":[{"start":{"line":16,"column":45},"end":{"line":16,"column":53}},{"start":{"line":16,"column":56},"end":{"line":16,"column":62}}],"line":16}},"s":{"0":2,"1":5},"f":{"0":5},"b":{"0":[0],"1":[1,4]},"_coverageSchema":"1a1c01bbd47fc00a2c39e90264f33305004495a9","hash":"413eef0b0f012ac773af952b4ec8fba55a251eb0"}
,"/home/runner/work/caravan/caravan/apps/coordinator/src/components/EditableName.tsx": {"path":"/home/runner/work/caravan/caravan/apps/coordinator/src/components/EditableName.tsx","statementMap":{"0":{"start":{"line":11,"column":21},"end":{"line":113,"column":1}},"1":{"start":{"line":12,"column":32},"end":{"line":12,"column":47}},"2":{"start":{"line":13,"column":32},"end":{"line":13,"column":46}},"3":{"start":{"line":14,"column":28},"end":{"line":14,"column":40}},"4":{"start":{"line":16,"column":19},"end":{"line":18,"column":3}},"5":{"start":{"line":17,"column":4},"end":{"line":17,"column":24}},"6":{"start":{"line":20,"column":23},"end":{"line":26,"column":3}},"7":{"start":{"line":23,"column":4},"end":{"line":23,"column":27}},"8":{"start":{"line":24,"column":4},"end":{"line":24,"column":21}},"9":{"start":{"line":25,"column":4},"end":{"line":25,"column":21}},"10":{"start":{"line":28,"column":23},"end":{"line":39,"column":3}},"11":{"start":{"line":29,"column":24},"end":{"line":29,"column":42}},"12":{"start":{"line":31,"column":4},"end":{"line":37,"column":5}},"13":{"start":{"line":36,"column":6},"end":{"line":36,"column":40}},"14":{"start":{"line":38,"column":4},"end":{"line":38,"column":28}},"15":{"start":{"line":41,"column":17},"end":{"line":44,"column":3}},"16":{"start":{"line":42,"column":4},"end":{"line":42,"column":29}},"17":{"start":{"line":43,"column":4},"end":{"line":43,"column":22}},"18":{"start":{"line":46,"column":17},"end":{"line":50,"column":3}},"19":{"start":{"line":47,"column":4},"end":{"line":47,"column":22}},"20":{"start":{"line":48,"column":4},"end":{"line":48,"column":21}},"21":{"start":{"line":49,"column":4},"end":{"line":49,"column":17}},"22":{"start":{"line":52,"column":29},"end":{"line":111,"column":3}},"23":{"start":{"line":53,"column":4},"end":{"line":95,"column":5}},"24":{"start":{"line":54,"column":6},"end":{"line":94,"column":8}},"25":{"start":{"line":64,"column":16},"end":{"line":64,"column":71}},"26":{"start":{"line":66,"column":33},"end":{"line":66,"column":68}},"27":{"start":{"line":96,"column":4},"end":{"line":110,"column":6}},"28":{"start":{"line":112,"column":2},"end":{"line":112,"column":30}}},"fnMap":{"0":{"name":"(anonymous_0)","decl":{"start":{"line":11,"column":21},"end":{"line":11,"column":22}},"loc":{"start":{"line":11,"column":71},"end":{"line":113,"column":1}},"line":11},"1":{"name":"(anonymous_1)","decl":{"start":{"line":16,"column":19},"end":{"line":16,"column":20}},"loc":{"start":{"line":16,"column":25},"end":{"line":18,"column":3}},"line":16},"2":{"name":"(anonymous_2)","decl":{"start":{"line":20,"column":23},"end":{"line":20,"column":24}},"loc":{"start":{"line":22,"column":7},"end":{"line":26,"column":3}},"line":22},"3":{"name":"(anonymous_3)","decl":{"start":{"line":28,"column":23},"end":{"line":28,"column":24}},"loc":{"start":{"line":28,"column":71},"end":{"line":39,"column":3}},"line":28},"4":{"name":"(anonymous_4)","decl":{"start":{"line":41,"column":17},"end":{"line":41,"column":18}},"loc":{"start":{"line":41,"column":23},"end":{"line":44,"column":3}},"line":41},"5":{"name":"(anonymous_5)","decl":{"start":{"line":46,"column":17},"end":{"line":46,"column":18}},"loc":{"start":{"line":46,"column":23},"end":{"line":50,"column":3}},"line":46},"6":{"name":"(anonymous_6)","decl":{"start":{"line":52,"column":29},"end":{"line":52,"column":30}},"loc":{"start":{"line":52,"column":35},"end":{"line":111,"column":3}},"line":52},"7":{"name":"(anonymous_7)","decl":{"start":{"line":63,"column":23},"end":{"line":63,"column":24}},"loc":{"start":{"line":63,"column":34},"end":{"line":65,"column":15}},"line":63},"8":{"name":"(anonymous_8)","decl":{"start":{"line":66,"column":25},"end":{"line":66,"column":26}},"loc":{"start":{"line":66,"column":33},"end":{"line":66,"column":68}},"line":66}},"branchMap":{"0":{"loc":{"start":{"line":31,"column":4},"end":{"line":37,"column":5}},"type":"if","locations":[{"start":{"line":31,"column":4},"end":{"line":37,"column":5}},{"start":{},"end":{}}],"line":31},"1":{"loc":{"start":{"line":32,"column":6},"end":{"line":34,"column":24}},"type":"binary-expr","locations":[{"start":{"line":32,"column":6},"end":{"line":32,"column":26}},{"start":{"line":33,"column":6},"end":{"line":33,"column":31}},{"start":{"line":34,"column":6},"end":{"line":34,"column":24}}],"line":32},"2":{"loc":{"start":{"line":53,"column":4},"end":{"line":95,"column":5}},"type":"if","locations":[{"start":{"line":53,"column":4},"end":{"line":95,"column":5}},{"start":{},"end":{}}],"line":53},"3":{"loc":{"start":{"line":66,"column":33},"end":{"line":66,"column":68}},"type":"cond-expr","locations":[{"start":{"line":66,"column":53},"end":{"line":66,"column":61}},{"start":{"line":66,"column":64},"end":{"line":66,"column":68}}],"line":66}},"s":{"0":2,"1":20,"2":20,"3":20,"4":20,"5":18,"6":20,"7":6,"8":6,"9":6,"10":20,"11":3,"12":3,"13":1,"14":3,"15":20,"16":1,"17":1,"18":20,"19":1,"20":1,"21":1,"22":20,"23":20,"24":9,"25":6,"26":0,"27":11,"28":20},"f":{"0":20,"1":18,"2":6,"3":3,"4":1,"5":1,"6":20,"7":6,"8":0},"b":{"0":[1,2],"1":[3,3,3],"2":[9,11],"3":[0,0]},"_coverageSchema":"1a1c01bbd47fc00a2c39e90264f33305004495a9","hash":"d021bcfaeddd477ce0daff4dd5c2140760b70f3b"}
,"/home/runner/work/caravan/caravan/apps/coordinator/src/components/theme.js": {"path":"/home/runner/work/caravan/caravan/apps/coordinator/src/components/theme.js","statementMap":{"0":{"start":{"line":3,"column":14},"end":{"line":12,"column":2}}},"fnMap":{},"branchMap":{},"s":{"0":1},"f":{},"b":{},"_coverageSchema":"1a1c01bbd47fc00a2c39e90264f33305004495a9","hash":"b69be778978fbc2e34883889f1cc92163ff4fad4"}
,"/home/runner/work/caravan/caravan/apps/coordinator/src/components/Wallet/WalletInfoCard.jsx": {"path":"/home/runner/work/caravan/caravan/apps/coordinator/src/components/Wallet/WalletInfoCard.jsx","statementMap":{"0":{"start":{"line":11,"column":18},"end":{"line":27,"column":3}},"1":{"start":{"line":11,"column":41},"end":{"line":27,"column":1}},"2":{"start":{"line":29,"column":23},"end":{"line":97,"column":1}},"3":{"start":{"line":37,"column":18},"end":{"line":37,"column":29}},"4":{"start":{"line":38,"column":2},"end":{"line":96,"column":4}},"5":{"start":{"line":99,"column":0},"end":{"line":106,"column":2}},"6":{"start":{"line":108,"column":0},"end":{"line":112,"column":2}}},"fnMap":{"0":{"name":"(anonymous_0)","decl":{"start":{"line":11,"column":29},"end":{"line":11,"column":30}},"loc":{"start":{"line":11,"column":41},"end":{"line":27,"column":1}},"line":11},"1":{"name":"(anonymous_1)","decl":{"start":{"line":29,"column":23},"end":{"line":29,"column":24}},"loc":{"start":{"line":36,"column":6},"end":{"line":97,"column":1}},"line":36}},"branchMap":{"0":{"loc":{"start":{"line":32,"column":2},"end":{"line":32,"column":13}},"type":"default-arg","locations":[{"start":{"line":32,"column":12},"end":{"line":32,"column":13}}],"line":32},"1":{"loc":{"start":{"line":42,"column":11},"end":{"line":92,"column":11}},"type":"cond-expr","locations":[{"start":{"line":43,"column":12},"end":{"line":47,"column":19}},{"start":{"line":49,"column":12},"end":{"line":91,"column":15}}],"line":42},"2":{"loc":{"start":{"line":72,"column":21},"end":{"line":87,"column":21}},"type":"cond-expr","locations":[{"start":{"line":73,"column":22},"end":{"line":84,"column":25}},{"start":{"line":86,"column":22},"end":{"line":86,"column":24}}],"line":72},"3":{"loc":{"start":{"line":76,"column":35},"end":{"line":76,"column":71}},"type":"cond-expr","locations":[{"start":{"line":76,"column":56},"end":{"line":76,"column":63}},{"start":{"line":76,"column":66},"end":{"line":76,"column":71}}],"line":76},"4":{"loc":{"start":{"line":80,"column":27},"end":{"line":80,"column":56}},"type":"cond-expr","locations":[{"start":{"line":80,"column":48},"end":{"line":80,"column":51}},{"start":{"line":80,"column":54},"end":{"line":80,"column":56}}],"line":80}},"s":{"0":1,"1":4,"2":1,"3":4,"4":4,"5":1,"6":1},"f":{"0":4,"1":4},"b":{"0":[0],"1":[1,3],"2":[1,2],"3":[1,0],"4":[1,0]},"_coverageSchema":"1a1c01bbd47fc00a2c39e90264f33305004495a9","hash":"d856c46c425eb7baf57e8641aec00838862aaa17"}
,"/home/runner/work/caravan/caravan/apps/coordinator/src/reducers/transactionReducer.js": {"path":"/home/runner/work/caravan/caravan/apps/coordinator/src/reducers/transactionReducer.js","statementMap":{"0":{"start":{"line":50,"column":12},"end":{"line":50,"column":32}},"1":{"start":{"line":51,"column":12},"end":{"line":51,"column":32}},"2":{"start":{"line":52,"column":2},"end":{"line":54,"column":3}},"3":{"start":{"line":53,"column":4},"end":{"line":53,"column":14}},"4":{"start":{"line":55,"column":2},"end":{"line":57,"column":3}},"5":{"start":{"line":56,"column":4},"end":{"line":56,"column":13}},"6":{"start":{"line":58,"column":2},"end":{"line":60,"column":3}},"7":{"start":{"line":59,"column":4},"end":{"line":59,"column":14}},"8":{"start":{"line":61,"column":2},"end":{"line":63,"column":3}},"9":{"start":{"line":62,"column":4},"end":{"line":62,"column":13}},"10":{"start":{"line":64,"column":2},"end":{"line":64,"column":11}},"11":{"start":{"line":67,"column":34},"end":{"line":73,"column":2}},"12":{"start":{"line":67,"column":41},"end":{"line":73,"column":1}},"13":{"start":{"line":75,"column":28},"end":{"line":75,"column":56}},"14":{"start":{"line":75,"column":34},"end":{"line":75,"column":56}},"15":{"start":{"line":77,"column":28},"end":{"line":102,"column":2}},"16":{"start":{"line":77,"column":35},"end":{"line":102,"column":1}},"17":{"start":{"line":105,"column":26},"end":{"line":108,"column":3}},"18":{"start":{"line":106,"column":28},"end":{"line":106,"column":62}},"19":{"start":{"line":109,"column":2},"end":{"line":112,"column":5}},"20":{"start":{"line":116,"column":2},"end":{"line":120,"column":4}},"21":{"start":{"line":118,"column":6},"end":{"line":118,"column":70}},"22":{"start":{"line":124,"column":2},"end":{"line":133,"column":4}},"23":{"start":{"line":137,"column":19},"end":{"line":137,"column":31}},"24":{"start":{"line":138,"column":21},"end":{"line":138,"column":23}},"25":{"start":{"line":139,"column":2},"end":{"line":147,"column":3}},"26":{"start":{"line":139,"column":15},"end":{"line":139,"column":16}},"27":{"start":{"line":140,"column":4},"end":{"line":144,"column":5}},"28":{"start":{"line":141,"column":6},"end":{"line":141,"column":43}},"29":{"start":{"line":142,"column":11},"end":{"line":144,"column":5}},"30":{"start":{"line":143,"column":6},"end":{"line":143,"column":37}},"31":{"start":{"line":145,"column":4},"end":{"line":146,"column":38}},"32":{"start":{"line":146,"column":6},"end":{"line":146,"column":38}},"33":{"start":{"line":148,"column":2},"end":{"line":154,"column":4}},"34":{"start":{"line":158,"column":24},"end":{"line":158,"column":36}},"35":{"start":{"line":161,"column":23},"end":{"line":161,"column":55}},"36":{"start":{"line":166,"column":4},"end":{"line":169,"column":10}},"37":{"start":{"line":173,"column":4},"end":{"line":175,"column":10}},"38":{"start":{"line":177,"column":2},"end":{"line":182,"column":5}},"39":{"start":{"line":186,"column":20},"end":{"line":186,"column":32}},"40":{"start":{"line":187,"column":18},"end":{"line":187,"column":47}},"41":{"start":{"line":188,"column":19},"end":{"line":188,"column":62}},"42":{"start":{"line":190,"column":2},"end":{"line":194,"column":5}},"43":{"start":{"line":198,"column":21},"end":{"line":198,"column":63}},"44":{"start":{"line":199,"column":2},"end":{"line":205,"column":4}},"45":{"start":{"line":209,"column":21},"end":{"line":209,"column":39}},"46":{"start":{"line":210,"column":18},"end":{"line":210,"column":30}},"47":{"start":{"line":211,"column":14},"end":{"line":211,"column":53}},"48":{"start":{"line":212,"column":2},"end":{"line":224,"column":3}},"49":{"start":{"line":213,"column":4},"end":{"line":223,"column":5}},"50":{"start":{"line":214,"column":23},"end":{"line":214,"column":24}},"51":{"start":{"line":218,"column":20},"end":{"line":218,"column":44}},"52":{"start":{"line":219,"column":6},"end":{"line":222,"column":7}},"53":{"start":{"line":220,"column":8},"end":{"line":220,"column":61}},"54":{"start":{"line":221,"column":8},"end":{"line":221,"column":14}},"55":{"start":{"line":225,"column":2},"end":{"line":238,"column":3}},"56":{"start":{"line":226,"column":4},"end":{"line":237,"column":5}},"57":{"start":{"line":227,"column":24},"end":{"line":227,"column":25}},"58":{"start":{"line":231,"column":6},"end":{"line":236,"column":7}},"59":{"start":{"line":232,"column":8},"end":{"line":235,"column":9}},"60":{"start":{"line":233,"column":10},"end":{"line":233,"column":46}},"61":{"start":{"line":234,"column":10},"end":{"line":234,"column":16}},"62":{"start":{"line":239,"column":2},"end":{"line":239,"column":50}},"63":{"start":{"line":240,"column":2},"end":{"line":240,"column":53}},"64":{"start":{"line":241,"column":2},"end":{"line":244,"column":4}},"65":{"start":{"line":248,"column":21},"end":{"line":248,"column":39}},"66":{"start":{"line":249,"column":2},"end":{"line":249,"column":56}},"67":{"start":{"line":250,"column":2},"end":{"line":253,"column":4}},"68":{"start":{"line":257,"column":21},"end":{"line":257,"column":39}},"69":{"start":{"line":258,"column":15},"end":{"line":258,"column":27}},"70":{"start":{"line":259,"column":21},"end":{"line":259,"column":58}},"71":{"start":{"line":260,"column":14},"end":{"line":260,"column":69}},"72":{"start":{"line":262,"column":2},"end":{"line":263,"column":15}},"73":{"start":{"line":263,"column":4},"end":{"line":263,"column":15}},"74":{"start":{"line":264,"column":2},"end":{"line":264,"column":76}},"75":{"start":{"line":264,"column":65},"end":{"line":264,"column":76}},"76":{"start":{"line":266,"column":13},"end":{"line":266,"column":35}},"77":{"start":{"line":267,"column":2},"end":{"line":267,"column":47}},"78":{"start":{"line":267,"column":14},"end":{"line":267,"column":47}},"79":{"start":{"line":269,"column":2},"end":{"line":269,"column":48}},"80":{"start":{"line":270,"column":2},"end":{"line":270,"column":52}},"81":{"start":{"line":271,"column":2},"end":{"line":271,"column":69}},"82":{"start":{"line":272,"column":2},"end":{"line":275,"column":4}},"83":{"start":{"line":282,"column":2},"end":{"line":298,"column":3}},"84":{"start":{"line":283,"column":36},"end":{"line":287,"column":5}},"85":{"start":{"line":288,"column":4},"end":{"line":290,"column":6}},"86":{"start":{"line":293,"column":4},"end":{"line":297,"column":6}},"87":{"start":{"line":299,"column":2},"end":{"line":302,"column":4}},"88":{"start":{"line":306,"column":2},"end":{"line":309,"column":5}},"89":{"start":{"line":313,"column":22},"end":{"line":313,"column":44}},"90":{"start":{"line":314,"column":2},"end":{"line":314,"column":48}},"91":{"start":{"line":315,"column":2},"end":{"line":315,"column":45}},"92":{"start":{"line":319,"column":2},"end":{"line":324,"column":5}},"93":{"start":{"line":328,"column":17},"end":{"line":335,"column":4}},"94":{"start":{"line":336,"column":2},"end":{"line":336,"column":79}},"95":{"start":{"line":337,"column":2},"end":{"line":337,"column":49}},"96":{"start":{"line":338,"column":2},"end":{"line":338,"column":18}},"97":{"start":{"line":342,"column":17},"end":{"line":342,"column":29}},"98":{"start":{"line":344,"column":2},"end":{"line":356,"column":3}},"99":{"start":{"line":346,"column":18},"end":{"line":346,"column":73}},"100":{"start":{"line":352,"column":4},"end":{"line":355,"column":6}},"101":{"start":{"line":357,"column":18},"end":{"line":357,"column":65}},"102":{"start":{"line":358,"column":26},"end":{"line":358,"column":55}},"103":{"start":{"line":359,"column":2},"end":{"line":375,"column":3}},"104":{"start":{"line":360,"column":17},"end":{"line":360,"column":78}},"105":{"start":{"line":362,"column":4},"end":{"line":370,"column":5}},"106":{"start":{"line":363,"column":6},"end":{"line":363,"column":47}},"107":{"start":{"line":365,"column":6},"end":{"line":365,"column":66}},"108":{"start":{"line":366,"column":21},"end":{"line":366,"column":65}},"109":{"start":{"line":367,"column":6},"end":{"line":369,"column":11}},"110":{"start":{"line":371,"column":4},"end":{"line":374,"column":6}},"111":{"start":{"line":376,"column":17},"end":{"line":376,"column":63}},"112":{"start":{"line":378,"column":2},"end":{"line":385,"column":3}},"113":{"start":{"line":379,"column":4},"end":{"line":384,"column":6}},"114":{"start":{"line":387,"column":2},"end":{"line":390,"column":4}},"115":{"start":{"line":394,"column":2},"end":{"line":451,"column":3}},"116":{"start":{"line":396,"column":6},"end":{"line":396,"column":50}},"117":{"start":{"line":398,"column":6},"end":{"line":398,"column":59}},"118":{"start":{"line":400,"column":6},"end":{"line":400,"column":63}},"119":{"start":{"line":402,"column":6},"end":{"line":402,"column":50}},"120":{"start":{"line":404,"column":6},"end":{"line":404,"column":64}},"121":{"start":{"line":406,"column":6},"end":{"line":406,"column":62}},"122":{"start":{"line":408,"column":6},"end":{"line":408,"column":59}},"123":{"start":{"line":410,"column":6},"end":{"line":410,"column":69}},"124":{"start":{"line":412,"column":6},"end":{"line":412,"column":49}},"125":{"start":{"line":414,"column":6},"end":{"line":414,"column":69}},"126":{"start":{"line":416,"column":6},"end":{"line":416,"column":68}},"127":{"start":{"line":418,"column":6},"end":{"line":418,"column":64}},"128":{"start":{"line":420,"column":6},"end":{"line":420,"column":62}},"129":{"start":{"line":422,"column":6},"end":{"line":422,"column":63}},"130":{"start":{"line":424,"column":6},"end":{"line":424,"column":59}},"131":{"start":{"line":426,"column":6},"end":{"line":426,"column":44}},"132":{"start":{"line":428,"column":6},"end":{"line":428,"column":46}},"133":{"start":{"line":430,"column":6},"end":{"line":430,"column":32}},"134":{"start":{"line":432,"column":6},"end":{"line":432,"column":56}},"135":{"start":{"line":434,"column":6},"end":{"line":434,"column":52}},"136":{"start":{"line":436,"column":6},"end":{"line":436,"column":42}},"137":{"start":{"line":438,"column":6},"end":{"line":438,"column":61}},"138":{"start":{"line":440,"column":6},"end":{"line":440,"column":45}},"139":{"start":{"line":442,"column":6},"end":{"lin
[...]
,"/home/runner/work/caravan/caravan/apps/coordinator/src/utils/slices.js": {"path":"/home/runner/work/caravan/caravan/apps/coordinator/src/utils/slices.js","statementMap":{"0":{"start":{"line":3,"column":20},"end":{"line":3,"column":57}},"1":{"start":{"line":3,"column":32},"end":{"line":3,"column":56}},"2":{"start":{"line":13,"column":2},"end":{"line":14,"column":63}},"3":{"start":{"line":14,"column":4},"end":{"line":14,"column":63}},"4":{"start":{"line":16,"column":20},"end":{"line":16,"column":41}},"5":{"start":{"line":18,"column":2},"end":{"line":18,"column":46}},"6":{"start":{"line":18,"column":29},"end":{"line":18,"column":46}},"7":{"start":{"line":19,"column":2},"end":{"line":19,"column":47}},"8":{"start":{"line":19,"column":29},"end":{"line":19,"column":47}},"9":{"start":{"line":20,"column":15},"end":{"line":20,"column":64}},"10":{"start":{"line":21,"column":15},"end":{"line":21,"column":64}},"11":{"start":{"line":22,"column":2},"end":{"line":22,"column":46}},"12":{"start":{"line":33,"column":2},"end":{"line":34,"column":60}},"13":{"start":{"line":34,"column":4},"end":{"line":34,"column":60}},"14":{"start":{"line":36,"column":20},"end":{"line":36,"column":41}},"15":{"start":{"line":38,"column":2},"end":{"line":38,"column":55}},"16":{"start":{"line":38,"column":46},"end":{"line":38,"column":55}},"17":{"start":{"line":39,"column":2},"end":{"line":39,"column":77}},"18":{"start":{"line":50,"column":2},"end":{"line":51,"column":63}},"19":{"start":{"line":51,"column":4},"end":{"line":51,"column":63}},"20":{"start":{"line":52,"column":20},"end":{"line":52,"column":41}},"21":{"start":{"line":53,"column":2},"end":{"line":53,"column":50}},"22":{"start":{"line":53,"column":41},"end":{"line":53,"column":50}},"23":{"start":{"line":54,"column":2},"end":{"line":54,"column":66}},"24":{"start":{"line":66,"column":20},"end":{"line":66,"column":41}},"25":{"start":{"line":67,"column":2},"end":{"line":67,"column":67}},"26":{"start":{"line":67,"column":58},"end":{"line":67,"column":67}},"27":{"start":{"line":70,"column":2},"end":{"line":71,"column":73}},"28":{"start":{"line":71,"column":4},"end":{"line":71,"column":73}},"29":{"start":{"line":72,"column":2},"end":{"line":73,"column":73}},"30":{"start":{"line":73,"column":4},"end":{"line":73,"column":73}},"31":{"start":{"line":76,"column":2},"end":{"line":79,"column":3}},"32":{"start":{"line":77,"column":4},"end":{"line":77,"column":52}},"33":{"start":{"line":77,"column":43},"end":{"line":77,"column":52}},"34":{"start":{"line":78,"column":4},"end":{"line":78,"column":69}},"35":{"start":{"line":81,"column":2},"end":{"line":83,"column":3}},"36":{"start":{"line":82,"column":4},"end":{"line":82,"column":21}},"37":{"start":{"line":85,"column":2},"end":{"line":87,"column":3}},"38":{"start":{"line":86,"column":4},"end":{"line":86,"column":22}},"39":{"start":{"line":89,"column":2},"end":{"line":91,"column":3}},"40":{"start":{"line":90,"column":4},"end":{"line":90,"column":48}},"41":{"start":{"line":92,"column":2},"end":{"line":94,"column":3}},"42":{"start":{"line":93,"column":4},"end":{"line":93,"column":49}},"43":{"start":{"line":95,"column":15},"end":{"line":95,"column":60}},"44":{"start":{"line":95,"column":49},"end":{"line":95,"column":58}},"45":{"start":{"line":96,"column":15},"end":{"line":96,"column":60}},"46":{"start":{"line":96,"column":49},"end":{"line":96,"column":58}},"47":{"start":{"line":98,"column":2},"end":{"line":98,"column":64}},"48":{"start":{"line":98,"column":55},"end":{"line":98,"column":64}},"49":{"start":{"line":99,"column":2},"end":{"line":99,"column":43}},"50":{"start":{"line":99,"column":26},"end":{"line":99,"column":43}},"51":{"start":{"line":100,"column":2},"end":{"line":100,"column":44}},"52":{"start":{"line":100,"column":26},"end":{"line":100,"column":44}},"53":{"start":{"line":101,"column":2},"end":{"line":101,"column":46}},"54":{"start":{"line":107,"column":23},"end":{"line":107,"column":51}},"55":{"start":{"line":108,"column":2},"end":{"line":113,"column":16}},"56":{"start":{"line":113,"column":4},"end":{"line":113,"column":16}},"57":{"start":{"line":117,"column":27},"end":{"line":117,"column":44}},"58":{"start":{"line":118,"column":18},"end":{"line":118,"column":56}},"59":{"start":{"line":121,"column":2},"end":{"line":125,"column":3}},"60":{"start":{"line":124,"column":4},"end":{"line":124,"column":42}},"61":{"start":{"line":124,"column":29},"end":{"line":124,"column":42}},"62":{"start":{"line":129,"column":2},"end":{"line":129,"column":71}},"63":{"start":{"line":129,"column":59},"end":{"line":129,"column":71}},"64":{"start":{"line":130,"column":2},"end":{"line":130,"column":15}}},"fnMap":{"0":{"name":"(anonymous_0)","decl":{"start":{"line":3,"column":20},"end":{"line":3,"column":21}},"loc":{"start":{"line":3,"column":32},"end":{"line":3,"column":56}},"line":3},"1":{"name":"compareSlicesByPath","decl":{"start":{"line":12,"column":16},"end":{"line":12,"column":35}},"loc":{"start":{"line":12,"column":60},"end":{"line":23,"column":1}},"line":12},"2":{"name":"compareSlicesByBalance","decl":{"start":{"line":32,"column":16},"end":{"line":32,"column":38}},"loc":{"start":{"line":32,"column":63},"end":{"line":40,"column":1}},"line":32},"3":{"name":"compareSlicesByUTXOCount","decl":{"start":{"line":49,"column":16},"end":{"line":49,"column":40}},"loc":{"start":{"line":49,"column":65},"end":{"line":55,"column":1}},"line":49},"4":{"name":"compareSlicesByTime","decl":{"start":{"line":65,"column":16},"end":{"line":65,"column":35}},"loc":{"start":{"line":65,"column":60},"end":{"line":102,"column":1}},"line":65},"5":{"name":"(anonymous_5)","decl":{"start":{"line":95,"column":39},"end":{"line":95,"column":40}},"loc":{"start":{"line":95,"column":49},"end":{"line":95,"column":58}},"line":95},"6":{"name":"(anonymous_6)","decl":{"start":{"line":96,"column":39},"end":{"line":96,"column":40}},"loc":{"start":{"line":96,"column":49},"end":{"line":96,"column":58}},"line":96},"7":{"name":"isChange","decl":{"start":{"line":104,"column":16},"end":{"line":104,"column":24}},"loc":{"start":{"line":104,"column":31},"end":{"line":131,"column":1}},"line":104}},"branchMap":{"0":{"loc":{"start":{"line":3,"column":32},"end":{"line":3,"column":56}},"type":"cond-expr","locations":[{"start":{"line":3,"column":50},"end":{"line":3,"column":52}},{"start":{"line":3,"column":55},"end":{"line":3,"column":56}}],"line":3},"1":{"loc":{"start":{"line":12,"column":42},"end":{"line":12,"column":58}},"type":"default-arg","locations":[{"start":{"line":12,"column":53},"end":{"line":12,"column":58}}],"line":12},"2":{"loc":{"start":{"line":13,"column":2},"end":{"line":14,"column":63}},"type":"if","locations":[{"start":{"line":13,"column":2},"end":{"line":14,"column":63}},{"start":{},"end":{}}],"line":13},"3":{"loc":{"start":{"line":13,"column":6},"end":{"line":13,"column":34}},"type":"binary-expr","locations":[{"start":{"line":13,"column":6},"end":{"line":13,"column":18}},{"start":{"line":13,"column":22},"end":{"line":13,"column":34}}],"line":13},"4":{"loc":{"start":{"line":18,"column":2},"end":{"line":18,"column":46}},"type":"if","locations":[{"start":{"line":18,"column":2},"end":{"line":18,"column":46}},{"start":{},"end":{}}],"line":18},"5":{"loc":{"start":{"line":18,"column":6},"end":{"line":18,"column":27}},"type":"binary-expr","locations":[{"start":{"line":18,"column":6},"end":{"line":18,"column":14}},{"start":{"line":18,"column":18},"end":{"line":18,"column":27}}],"line":18},"6":{"loc":{"start":{"line":19,"column":2},"end":{"line":19,"column":47}},"type":"if","locations":[{"start":{"line":19,"column":2},"end":{"line":19,"column":47}},{"start":{},"end":{}}],"line":19},"7":{"loc":{"start":{"line":19,"column":6},"end":{"line":19,"column":27}},"type":"binary-expr","locations":[{"start":{"line":19,"column":6},"end":{"line":19,"column":15}},{"start":{"line":19,"column":19},"end":{"line":19,"column":27}}],"line":19},"8":{"loc":{"start":{"line":22,"column":9},"end":{"line":22,"column":45}},"type":"cond-expr","locations":[{"start":{"line":22,"column":23},"end":{"line":22,"column":32}},{"start":{"line":22,"column":35},"end":{"line":22,"column":45}}],"line":22},"9":{"loc":{"start":{"line":32,"column":45},"end":{"line":32,"column":61}},"type":"default-arg","locations":[{"start":{"line":32,"column":56},"end":{"line":32,"column":61}}],"line":32},"10":{"loc":{"start":{"line":33,"column":2},"end":{"line":34,"column":60}},"type":"if","locations":[{"start":{"line":33,"column":2},"end":{"line":34,"column":60}},{"start":{},"end":{}}],"line":33},"11":{"loc":{"start":{"line":33,"column":6},"end":{"line":33,"column":38}},"type":"binary-expr","locations":[{"start":{"line":33,"column":6},"end":{"line":33,"column":20}},{"start":{"line":33,"column":24},"end":{"line":33,"column":38}}],"line":33},"12":{"loc":{"start":{"line":38,"column":2},"end":{"line":38,"column":55}},"type":"if","locations":[{"start":{"line":38,"column":2},"end":{"line":38,"column":55}},{"start":{},"end":{}}],"line":38},"13":{"loc":{"start":{"line":39,"column":9},"end":{"line":39,"column":76}},"type":"cond-expr","locations":[{"start":{"line":39,"column":54},"end":{"line":39,"column":63}},{"start":{"line":39,"column":66},"end":{"line":39,"column":76}}],"line":39},"14":{"loc":{"start":{"line":49,"column":47},"end":{"line":49,"column":63}},"type":"default-arg","locations":[{"start":{"line":49,"column":58},"end":{"line":49,"column":63}}],"line":49},"15":{"loc":{"start":{"line":50,"column":2},"end":{"line":51,"column":63}},"type":"if","locations":[{"start":{"line":50,"column":2},"end":{"line":51,"column":63}},{"start":{},"end":{}}],"line":50},"16":{"loc":{"start":{"line":50,"column":6},"end":{"line":50,"column":26}},"type":"binary-expr","locations":[{"start":{"line":50,"column":6},"end":{"line":50,"column":14}},{"start":{"line":50,"column":18},"end":{"line":50,"column":26}}],"line":50},"17":{"loc":{"start":{"line":53,"column":2},"end":{"line":53,"column":50}},"type":"if","locations":[{"start":{"line":53,"column":2},"end":{"line":53,"column":50}},{"start":{},"end":{}}],"line":53},"18":{"loc":{"start":{"line":54,"column":9},"end":{"line":54,"column":65}},"type":"cond-expr","locations":[{"start":{"line":54,"column":43},"end":{"line":54,"column":52}},{"start":{"line":54,"column":55},"end":{"line":54,"column":65}}],"line":54},"19":{"loc":{"start":{"line":65,"column":42},"end":{"line":65,"column":58}},"type":"default-arg","locations":[{"start":{"line":65,"column":53},"end":{"line":65,"column":58}}],"line":65},"20":{"loc":{"start":{"line":67,"column":2},"end":{"line":67,"column":67}},"type":"if","locations":[{"start":{"line":67,"column":2},"end":{"line":67,"column":67}},{"start":{},"end":{}}],"line":67},"21":{"loc":{"start":{"line":67,"column":6},"end":{"line":67,"column":56}},"type":"binary-expr","locations":[{"start":{"line":67,"column":6},"end":{"line":67,"column":14}},{"start":{"line":67,"column":18},"end":{"line":67,"column":26}},{"start":{"line":67,"column":30},"end":{"line":67,"column":41}},{"start":{"line":67,"column":45},"end":{"line":67,"column":56}}],"line":67},"22":{"loc":{"start":{"line":70,"column":2},"end":{"line":71,"column":73}},"type":"if","locations":[{"start":{"line":70,"column":2},"end":{"line":71,"column":73}},{"start":{},"end":{}}],"line":70},"23":{"loc":{"start":{"line":71,"column":11},"end":{"line":71,"column":72}},"type":"cond-expr","locations":[{"start":{"line":71,"column":50},"end":{"line":71,"column":60}},{"start":{"line":71,"column":63},"end":{"line":71,"column":72}}],"line":71},"24":{"loc":{"start":{"line":71,"column":11},"end":{"line":71,"column":47}},"type":"binary-expr","locations":[{"start":{"line":71,"column":11},"end":{"line":71,"column":21}},{"start":{"line":71,"column":25},"end":{"line":71,"column":47}}],"line":71},"25":{"loc":{"start":{"line":72,"column":2},"end":{"line":73,"column":73}},"type":"if","locations":[{"start":{"line":72,"column":2},"end":{"line":73,"column":73}},{"start":{},"end":{}}],"line":72},"26":{"loc":{"start":{"line":73,"column":11},"end":{"line":73,"column":72}},"type":"cond-expr","locations":[{"start":{"line":73,"column":50},"end":{"line":73,"column":59}},{"start":{"line":73,"column":62},"end":{"line":73,"column":72}}],"line":73},"27":{"loc":{"start":{"line":73,"column":11},"end":{"line":73,"column":47}},"type":"binary-expr","locations":[{"start":{"line":73,"column":11},"end":{"line":73,"column":21}},{"start":{"line":73,"column":25},"end":{"line":73,"column":47}}],"line":73},"28":{"loc":{"start":{"line":76,"column":2},"end":{"line":79,"column":3}},"type":"if","locations":[{"start":{"line":76,"column":2},"end":{"line":79,"column":3}},{"start":{},"end":{}}],"line":76},"29":{"loc":{"start":{"line":76,"column":6},"end":{"line":76,"column":38}},"type":"binary-expr","locations":[{"start":{"line":76,"column":6},"end":{"line":76,"column":20}},{"start":{"line":76,"column":24},"end":{"line":76,"column":38}}],"line":76},"30":{"loc":{"start":{"line":77,"column":4},"end":{"line":77,"column":52}},"type":"if","locations":[{"start":{"line":77,"column":4},"end":{"line":77,"column":52}},{"start":{},"end":{}}],"line":77},"31":{"loc":{"start":{"line":78,"column":11},"end":{"line":78,"column":68}},"type":"cond-expr","locations":[{"start":{"line":78,"column":46},"end":{"line":78,"column":55}},{"start":{"line":78,"column":58},"end":{"line":78,"column":68}}],"line":78},"32":{"loc":{"start":{"line":81,"column":2},"end":{"line":83,"column":3}},"type":"if","locations":[{"start":{"line":81,"column":2},"end":{"line":83,"column":3}},{"start":{},"end":{}}],"line":81},"33":{"loc":{"start":{"line":81,"column":6},"end":{"line":81,"column":65}},"type":"binary-expr","locations":[{"start":{"line":81,"column":6},"end":{"line":81,"column":20}},{"start":{"line":81,"column":25},"end":{"line":81,"column":40}},{"start":{"line":81,"column":44},"end":{"line":81,"column":64}}],"line":81},"34":{"loc":{"start":{"line":85,"column":2},"end":{"line":87,"column":3}},"type":"if","locations":[{"start":{"line":85,"column":2},"end":{"line":87,"column":3}},{"start":{},"end":{}}],"line":85},"35":{"loc":{"start":{"line":85,"column":6},"end":{"line":85,"column":65}},"type":"binary-expr","locations":[{"start":{"line":85,"column":6},"end":{"line":85,"column":20}},{"start":{"line":85,"column":25},"end":{"line":85,"column":40}},{"start":{"line":85,"column":44},"end":{"line":85,"column":64}}],"line":85},"36":{"loc":{"start":{"line":89,"column":2},"end":{"line":91,"column":3}},"type":"if","locations":[{"start":{"line":89,"column":2},"end":{"line":91,"column":3}},{"start":{},"end":{}}],"line":89},"37":{"loc":{"start":{"line":90,"column":11},"end":{"line":90,"column":47}},"type":"cond-expr","locations":[{"start":{"line":90,"column":34},"end":{"line":90,"column":35}},{"start":{"line":90,"column":38},"end":{"line":90,"column":47}}],"line":90},"38":{"loc":{"start":{"line":92,"column":2},"end":{"line":94,"column":3}},"type":"if","locations":[{"start":{"line":92,"column":2},"end":{"line":94,"column":3}},{"start":{},"end":{}}],"line":92},"39":{"loc":{"start":{"line":93,"column":11},"end":{"line":93,"column":48}},"type":"cond-expr","locations":[{"start":{"line":93,"column":34},"end":{"line":93,"column":35}},{"start":{"line":93,"column":38},"end":{"line":93,"column":48}}],"line":93},"40":{"loc":{"start":{"line":98,"column":2},"end":{"line":98,"column":64}},"type":"if","locations":[{"start":{"line":98,"column":2},"end":{"line":98,"column":64}},{"start":{},"end":{}}],"line":98},"41":{"loc":{"start":{"line":98,"column":6},"end":{"line":98,"column":53}},"type":"binary-expr","locations":[{"start":{"line":98,"column":6},"end":{"line":98,"column":24}},{"start":{"line":98,"column":28},"end":{"line":98,"column":53}}],"line":98},"42":{"loc":{"start":{"line":99,"column":2},"end":{"line":99,"column":43}},"type":"if","locations":[{"start":{"line":99,"column":2},"end":{"line":99,"column":43}},{"start":{},"end":{}}],"line":99},"43":{"loc":{"start":{"line":100,"column":2},"end":{"line":100,"column":44}},"type":"if","locations":[{"start":{"line":100,"column":2},"end":{"line":100,"column":44}},{"start":{},"end":{}}],"line":100},"44":{"loc":{"start":{"line":101,"column":9},"end":{"line":101,"column":45}},"type":"cond-expr","locations":[{"start":{"line":101,"column":23},"end":{"line":101,"column":32}},{"start":{"line":101,"column":35},"end":{"line":101,"column":45}}],"line":101},"45":{"loc":{"start":{"line":108,"column":2},"end":{"line":113,"column":16}},"type":"if","locations":[{"start":{"line":108,"column":2},"end":{"line":113,"column":16}},{"start":{},"end":{}}],"line":108},"46":{"loc":{"start":{"line":109,"column":4},"end":{"line":111,"column":49}},"type":"binary-expr","locations":[{"start":{"line":109,"column":4},"end":{"line":109,"column":57}},{"start":{"line":111,"column":4},"end":{"line":111,"column":49}}],"line":109},"47":{"loc":{"start":{"line":124,"column":4},"end":{"line":124,"column":42}},"type":"if","locations":[{"start":{"line":124,"column":4},"end":{"line":124,"column":42}},{"start":{},"end":{}}],"line":124},"48":{"loc":{"start":{"line":129,"column":2},"end":{"line":129,"column":71}},"type":"if","locations":[{"start":{"line":129,"column":2},"end":{"line":129,"column":71}},{"start":{},"end":{}}],"line":129},"49":{"loc":{"start":{"line":129,"column":6},"end":{"line":129,"column":57}},"type":"binary-expr","locations":[{"start":{"line":129,"column":6},"end":{"line":129,"column":33}},{"start":{"line":129,"column":37},"end":{"line":129,"column":57}}],"line":129}},"s":{"0":2,"1":15,"2":0,"3":0,"4":0,"5":0,"6":0,"7":0,"8":0,"9":0,"10":0,"11":0,"12":0,"13":0,"14":0,"15":0,"16":0,"17":0,"18":0,"19":0,"20":0,"21":0,"22":0,"23":0,"24":15,"25":15,"26":0,"27":15,"28":0,"29":15,"30":4,"31":11,"32":4,"33":1,"34":3,"35":7,"36":1,"37":6,"38":1,"39":5,"40":3,"41":2,"42":0,"43":2,"44":4,"45":2,"46":4,"47":2,"48":0,"49":2,"50":0,"51":2,"52":0,"53":2,"54":9,"55":9,"56":2,"57":7,"58":7,"59":7,"60":11,"61":1,"62":6,"63":1,"64":5},"f":{"0":15,"1":0,"2":0,"3":0,"4":15,"5":4,"6":4,"7":9},"b":{"0":[10,5],"1":[0],"2":[0,0],"3":[0,0],"4":[0,0],"5":[0,0],"6":[0,0],"7":[0,0],"8":[0,0],"9":[0],"10":[0,0],"11":[0,0],"12":[0,0],"13":[0,0],"14":[0],"15":[0,0],"16":[0,0],"17":[0,0],"18":[0,0],"19":[10],"20":[0,15],"21":[15,0,0,0],"22":[0,15],"23":[0,0],"24":[0,0],"25":[4,11],"26":[4,0],"27":[4,4],"28":[4,7],"29":[11,5],"30":[1,3],"31":[1,2],"32":[1,6],"33":[7,1,0],"34":[1,5],"35":[6,1,0],"36":[3,2],"37":[1,2],"38":[0,2],"39":[0,0],"40":[0,2],"41":[2,0],"42":[0,2],"43":[0,2],"44":[0,2],"45":[2,7],"46":[9,2],"47":[1,10],"48":[1,5],"49":[6,3]},"_coverageSchema":"1a1c01bbd47fc00a2c39e90264f33305004495a9","hash":"66ee1884922fbc11deee77e13c9c4b39cca4a316"}
,"/home/runner/work/caravan/caravan/apps/coordinator/src/utils/test-utils.js": {"path":"/home/runner/work/caravan/caravan/apps/coordinator/src/utils/test-utils.js","statementMap":{"0":{"start":{"line":8,"column":21},"end":{"line":9,"column":71}},"1":{"start":{"line":9,"column":2},"end":{"line":9,"column":71}}},"fnMap":{"0":{"name":"(anonymous_0)","decl":{"start":{"line":8,"column":21},"end":{"line":8,"column":22}},"loc":{"start":{"line":9,"column":2},"end":{"line":9,"column":71}},"line":9}},"branchMap":{},"s":{"0":3,"1":14},"f":{"0":14},"b":{},"_coverageSchema":"1a1c01bbd47fc00a2c39e90264f33305004495a9","hash":"fb1294a7792d9e3c2b24d104adfc10436798eef7"}
}
