TN:
SF:src/bitcoind.js
FN:5,callBitcoind
FN:8,(anonymous_1)
FN:23,(anonymous_2)
FN:34,isWalletAddressNotFoundError
FN:43,bitcoindParams
FN:57,bitcoindListUnspent
FN:66,(anonymous_6)
FN:70,(anonymous_7)
FN:89,bitcoindGetAddressStatus
FN:111,bitcoindEstimateSmartFee
FN:117,bitcoindSendRawTransaction
FN:128,bitcoindImportMulti
FN:129,(anonymous_12)
FN:141,(anonymous_13)
FNF:14
FNH:0
FNDA:0,callBitcoind
FNDA:0,(anonymous_1)
FNDA:0,(anonymous_2)
FNDA:0,isWalletAddressNotFoundError
FNDA:0,bitcoindParams
FNDA:0,bitcoindListUnspent
FNDA:0,(anonymous_6)
FNDA:0,(anonymous_7)
FNDA:0,bitcoindGetAddressStatus
FNDA:0,bitcoindEstimateSmartFee
FNDA:0,bitcoindSendRawTransaction
FNDA:0,bitcoindImportMulti
FNDA:0,(anonymous_12)
FNDA:0,(anonymous_13)
DA:8,0
DA:9,0
DA:23,0
DA:35,0
DA:44,0
DA:45,0
DA:46,0
DA:58,0
DA:59,0
DA:60,0
DA:65,0
DA:66,0
DA:67,0
DA:69,0
DA:70,0
DA:71,0
DA:72,0
DA:84,0
DA:85,0
DA:90,0
DA:91,0
DA:94,0
DA:95,0
DA:97,0
DA:101,0
DA:103,0
DA:106,0
DA:107,0
DA:112,0
DA:113,0
DA:114,0
DA:118,0
DA:119,0
DA:120,0
DA:123,0
DA:124,0
DA:129,0
DA:130,0
DA:138,0
DA:139,0
DA:140,0
DA:141,0
DA:143,0
LF:43
LH:0
BRDA:5,0,0,0
BRDA:36,1,0,0
BRDA:36,1,1,0
BRDA:36,1,2,0
BRDA:36,1,3,0
BRDA:59,2,0,0
BRDA:59,2,1,0
BRDA:73,3,0,0
BRDA:73,3,1,0
BRDA:94,4,0,0
BRDA:94,4,1,0
BRDA:101,5,0,0
BRDA:101,5,1,0
BRDA:111,6,0,0
BRDA:124,7,0,0
BRDA:124,7,1,0
BRDA:124,7,2,0
BRDA:139,8,0,0
BRDA:139,8,1,0
BRF:19
BRH:0
end_of_record
TN:
SF:src/block_explorer.js
FN:6,(anonymous_0)
FN:7,(anonymous_1)
FN:16,blockExplorerGetAddresesUTXOs
FN:23,(anonymous_3)
FN:49,blockExplorerGetAddressStatus
FN:68,blockExplorerGetFeeEstimate
FN:80,blockExplorerBroadcastTransaction
FNF:7
FNH:0
FNDA:0,(anonymous_0)
FNDA:0,(anonymous_1)
FNDA:0,blockExplorerGetAddresesUTXOs
FNDA:0,(anonymous_3)
FNDA:0,blockExplorerGetAddressStatus
FNDA:0,blockExplorerGetFeeEstimate
FNDA:0,blockExplorerBroadcastTransaction
DA:6,1
DA:7,0
DA:17,0
DA:18,0
DA:21,0
DA:22,0
DA:26,0
DA:28,0
DA:31,0
DA:32,0
DA:33,0
DA:45,0
DA:50,0
DA:52,0
DA:54,0
DA:57,0
DA:58,0
DA:64,0
DA:69,0
DA:70,0
DA:73,0
DA:74,0
DA:76,0
DA:84,0
DA:85,0
DA:89,0
DA:91,0
LF:27
LH:1
BRDA:45,0,0,0
BRDA:45,0,1,0
BRDA:45,0,2,0
BRDA:60,1,0,0
BRDA:60,1,1,0
BRDA:64,2,0,0
BRDA:64,2,1,0
BRDA:64,2,2,0
BRDA:76,3,0,0
BRDA:76,3,1,0
BRDA:76,3,2,0
BRDA:91,4,0,0
BRDA:91,4,1,0
BRDA:91,4,2,0
BRF:14
BRH:0
end_of_record
TN:
SF:src/blockchain.js
FN:21,fetchAddressUTXOsUnsorted
FN:39,fetchAddressUTXOs
FN:72,(anonymous_2)
FN:74,(anonymous_3)
FN:87,getAddressStatus
FN:97,fetchFeeEstimate
FN:107,broadcastTransaction
FNF:7
FNH:0
FNDA:0,fetchAddressUTXOsUnsorted
FNDA:0,fetchAddressUTXOs
FNDA:0,(anonymous_2)
FNDA:0,(anonymous_3)
FNDA:0,getAddressStatus
FNDA:0,fetchFeeEstimate
FNDA:0,broadcastTransaction
DA:18,1
DA:19,1
DA:22,0
DA:23,0
DA:25,0
DA:42,0
DA:48,0
DA:49,0
DA:51,0
DA:52,0
DA:60,0
DA:65,0
DA:68,0
DA:71,0
DA:72,0
DA:74,0
DA:78,0
DA:88,0
DA:89,0
DA:91,0
DA:98,0
DA:99,0
DA:101,0
DA:108,0
DA:109,0
DA:111,0
LF:26
LH:2
BRDA:22,0,0,0
BRDA:22,0,1,0
BRDA:51,1,0,0
BRDA:51,1,1,0
BRDA:51,2,0,0
BRDA:51,2,1,0
BRDA:65,3,0,0
BRDA:65,3,1,0
BRDA:88,4,0,0
BRDA:88,4,1,0
BRDA:98,5,0,0
BRDA:98,5,1,0
BRDA:108,6,0,0
BRDA:108,6,1,0
BRF:14
BRH:0
end_of_record
TN:
SF:src/actions/errorNotificationActions.js
FN:4,setErrorNotification
FN:11,clearErrorNotification
FNF:2
FNH:0
FNDA:0,setErrorNotification
FNDA:0,clearErrorNotification
DA:1,1
DA:2,1
DA:5,0
DA:12,0
LF:4
LH:2
BRF:0
BRH:0
end_of_record
TN:
SF:src/actions/settingsActions.js
FN:8,setNetwork
FN:15,setTotalSigners
FN:22,setRequiredSigners
FN:29,setStartingAddressIndex
FN:36,setAddressType
FN:43,setFrozen
FNF:6
FNH:0
FNDA:0,setNetwork
FNDA:0,setTotalSigners
FNDA:0,setRequiredSigners
FNDA:0,setStartingAddressIndex
FNDA:0,setAddressType
FNDA:0,setFrozen
DA:1,1
DA:2,1
DA:3,1
DA:4,1
DA:5,1
DA:6,1
DA:9,0
DA:16,0
DA:23,0
DA:30,0
DA:37,0
DA:44,0
LF:12
LH:6
BRF:0
BRH:0
end_of_record
TN:
SF:src/actions/transactionActions.js
FN:46,choosePerformSpend
FN:52,setRequiredSigners
FN:59,setTotalSigners
FN:66,setInputs
FN:73,addOutput
FN:79,setChangeOutputIndex
FN:86,setChangeOutputMultisig
FN:94,setOutputAddress
FN:102,setOutputAmount
FN:110,setChangeAddressAction
FN:117,setChangeOutput
FN:118,(anonymous_11)
FN:138,deleteOutput
FN:145,deleteChangeOutput
FN:146,(anonymous_14)
FN:154,setFeeRate
FN:161,setFee
FN:168,finalizeOutputs
FN:175,resetOutputs
FN:181,setBalanceError
FN:188,setUnsignedPSBT
FN:195,resetPSBT
FN:201,resetTransaction
FN:207,setTXID
FN:214,setIsWallet
FN:220,updateAutoSpendAction
FN:227,setSigningKey
FN:235,setSpendStep
FN:250,setMaxSpendOnOutput
FN:251,(anonymous_29)
FN:261,(anonymous_30)
FN:274,(anonymous_31)
FN:302,importPSBT
FN:303,(anonymous_33)
FN:321,(anonymous_34)
FN:324,(anonymous_35)
FN:331,(anonymous_36)
FN:332,(anonymous_37)
FN:358,(anonymous_38)
FN:388,importHermitPSBT
FN:389,(anonymous_40)
FN:416,importLegacyPSBT
FN:417,(anonymous_42)
FNF:43
FNH:0
FNDA:0,choosePerformSpend
FNDA:0,setRequiredSigners
FNDA:0,setTotalSigners
FNDA:0,setInputs
FNDA:0,addOutput
FNDA:0,setChangeOutputIndex
FNDA:0,setChangeOutputMultisig
FNDA:0,setOutputAddress
FNDA:0,setOutputAmount
FNDA:0,setChangeAddressAction
FNDA:0,setChangeOutput
FNDA:0,(anonymous_11)
FNDA:0,deleteOutput
FNDA:0,deleteChangeOutput
FNDA:0,(anonymous_14)
FNDA:0,setFeeRate
FNDA:0,setFee
FNDA:0,finalizeOutputs
FNDA:0,resetOutputs
FNDA:0,setBalanceError
FNDA:0,setUnsignedPSBT
FNDA:0,resetPSBT
FNDA:0,resetTransaction
FNDA:0,setTXID
FNDA:0,setIsWallet
FNDA:0,updateAutoSpendAction
FNDA:0,setSigningKey
FNDA:0,setSpendStep
FNDA:0,setMaxSpendOnOutput
FNDA:0,(anonymous_29)
FNDA:0,(anonymous_30)
FNDA:0,(anonymous_31)
FNDA:0,importPSBT
FNDA:0,(anonymous_33)
FNDA:0,(anonymous_34)
FNDA:0,(anonymous_35)
FNDA:0,(anonymous_36)
FNDA:0,(anonymous_37)
FNDA:0,(anonymous_38)
FNDA:0,importHermitPSBT
FNDA:0,(anonymous_40)
FNDA:0,importLegacyPSBT
FNDA:0,(anonymous_42)
DA:12,1
DA:14,1
DA:15,1
DA:17,1
DA:19,1
DA:20,1
DA:21,1
DA:22,1
DA:24,1
DA:25,1
DA:27,1
DA:28,1
DA:30,1
DA:31,1
DA:32,1
DA:33,1
DA:34,1
DA:35,1
DA:36,1
DA:37,1
DA:38,1
DA:39,1
DA:40,1
DA:41,1
DA:42,1
DA:43,1
DA:44,1
DA:47,0
DA:53,0
DA:60,0
DA:67,0
DA:74,0
DA:80,0
DA:87,0
DA:95,0
DA:103,0
DA:111,0
DA:118,0
DA:123,0
DA:127,0
DA:130,0
DA:131,0
DA:132,0
DA:133,0
DA:134,0
DA:139,0
DA:146,0
DA:147,0
DA:148,0
DA:150,0
DA:155,0
DA:162,0
DA:169,0
DA:176,0
DA:182,0
DA:189,0
DA:196,0
DA:202,0
DA:208,0
DA:215,0
DA:221,0
DA:228,0
DA:236,0
DA:251,0
DA:252,0
DA:253,0
DA:259,0
DA:260,0
DA:261,0
DA:264,0
DA:273,0
DA:275,0
DA:279,0
DA:288,0
DA:293,0
DA:298,0
DA:303,0
DA:304,0
DA:305,0
DA:306,0
DA:307,0
DA:308,0
DA:311,0
DA:312,0
DA:314,0
DA:315,0
DA:318,0
DA:319,0
DA:321,0
DA:323,0
DA:325,0
DA:326,0
DA:330,0
DA:331,0
DA:332,0
DA:333,0
DA:334,0
DA:335,0
DA:341,0
DA:346,0
DA:347,0
DA:349,0
DA:350,0
DA:355,0
DA:357,0
DA:358,0
DA:359,0
DA:360,0
DA:361,0
DA:362,0
DA:365,0
DA:366,0
DA:367,0
DA:369,0
DA:370,0
DA:373,0
DA:374,0
DA:375,0
DA:376,0
DA:377,0
DA:379,0
DA:389,0
DA:390,0
DA:391,0
DA:392,0
DA:393,0
DA:394,0
DA:397,0
DA:398,0
DA:400,0
DA:401,0
DA:404,0
DA:405,0
DA:417,0
DA:418,0
DA:419,0
DA:420,0
DA:421,0
DA:422,0
DA:424,0
LF:140
LH:27
BRDA:127,0,0,0
BRDA:127,0,1,0
BRDA:130,1,0,0
BRDA:130,1,1,0
BRDA:148,2,0,0
BRDA:148,2,1,0
BRDA:275,3,0,0
BRDA:275,3,1,0
BRDA:282,4,0,0
BRDA:282,4,1,0
BRDA:288,5,0,0
BRDA:288,5,1,0
BRDA:289,6,0,0
BRDA:289,6,1,0
BRDA:289,6,2,0
BRDA:307,7,0,0
BRDA:307,7,1,0
BRDA:311,8,0,0
BRDA:311,8,1,0
BRDA:314,9,0,0
BRDA:314,9,1,0
BRDA:334,10,0,0
BRDA:334,10,1,0
BRDA:346,11,0,0
BRDA:346,11,1,0
BRDA:349,12,0,0
BRDA:349,12,1,0
BRDA:361,13,0,0
BRDA:361,13,1,0
BRDA:365,14,0,0
BRDA:365,14,1,0
BRDA:393,15,0,0
BRDA:393,15,1,0
BRDA:397,16,0,0
BRDA:397,16,1,0
BRDA:400,17,0,0
BRDA:400,17,1,0
BRDA:421,18,0,0
BRDA:421,18,1,0
BRF:39
BRH:0
end_of_record
TN:
SF:src/actions/walletActions.js
FN:39,updateDepositSliceAction
FN:49,updateChangeSliceAction
FN:59,resetNodesSpend
FN:74,autoSelectCoins
FN:76,(anonymous_4)
FN:124,(anonymous_5)
FN:128,(anonymous_6)
FN:168,updateTxSlices
FN:174,(anonymous_8)
FN:189,(anonymous_9)
FN:218,(anonymous_10)
FN:265,(anonymous_11)
FN:296,setWalletModeAction
FN:303,updateWalletNameAction
FN:310,updateWalletUuidAction
FN:317,updateWalletPolicyRegistrationsAction
FN:327,resetWalletView
FN:333,resetWallet
FN:339,initialLoadComplete
FN:345,resetNodesFetchErrors
FNF:20
FNH:0
FNDA:0,updateDepositSliceAction
FNDA:0,updateChangeSliceAction
FNDA:0,resetNodesSpend
FNDA:0,autoSelectCoins
FNDA:0,(anonymous_4)
FNDA:0,(anonymous_5)
FNDA:0,(anonymous_6)
FNDA:0,updateTxSlices
FNDA:0,(anonymous_8)
FNDA:0,(anonymous_9)
FNDA:0,(anonymous_10)
FNDA:0,(anonymous_11)
FNDA:0,setWalletModeAction
FNDA:0,updateWalletNameAction
FNDA:0,updateWalletUuidAction
FNDA:0,updateWalletPolicyRegistrationsAction
FNDA:0,resetWalletView
FNDA:0,resetWallet
FNDA:0,initialLoadComplete
FNDA:0,resetNodesFetchErrors
DA:20,1
DA:21,1
DA:22,1
DA:23,1
DA:24,1
DA:25,1
DA:26,1
DA:27,1
DA:28,1
DA:29,1
DA:30,1
DA:31,1
DA:33,1
DA:40,0
DA:50,0
DA:60,0
DA:76,0
DA:87,0
DA:88,0
DA:89,0
DA:90,0
DA:96,0
DA:97,0
DA:106,0
DA:112,0
DA:121,0
DA:123,0
DA:124,0
DA:127,0
DA:128,0
DA:131,0
DA:136,0
DA:141,0
DA:148,0
DA:154,0
DA:156,0
DA:157,0
DA:174,0
DA:185,0
DA:189,0
DA:190,0
DA:191,0
DA:201,0
DA:205,0
DA:206,0
DA:210,0
DA:215,0
DA:218,0
DA:219,0
DA:223,0
DA:224,0
DA:226,0
DA:231,0
DA:232,0
DA:234,0
DA:243,0
DA:244,0
DA:245,0
DA:251,0
DA:252,0
DA:256,0
DA:263,0
DA:264,0
DA:265,0
DA:271,0
DA:272,0
DA:274,0
DA:275,0
DA:281,0
DA:288,0
DA:292,0
DA:297,0
DA:304,0
DA:311,0
DA:318,0
DA:328,0
DA:334,0
DA:340,0
DA:346,0
LF:79
LH:13
BRDA:121,0,0,0
BRDA:121,0,1,0
BRDA:170,1,0,0
BRDA:171,2,0,0
BRDA:205,3,0,0
BRDA:205,3,1,0
BRDA:205,4,0,0
BRDA:205,4,1,0
BRDA:223,5,0,0
BRDA:223,5,1,0
BRDA:223,6,0,0
BRDA:223,6,1,0
BRDA:245,7,0,0
BRDA:245,7,1,0
BRDA:251,8,0,0
BRDA:251,8,1,0
BRDA:251,9,0,0
BRDA:251,9,1,0
BRDA:251,9,2,0
BRDA:253,10,0,0
BRDA:253,10,1,0
BRDA:263,11,0,0
BRDA:263,11,1,0
BRDA:263,12,0,0
BRDA:263,12,1,0
BRDA:271,13,0,0
BRDA:271,13,1,0
BRDA:274,14,0,0
BRDA:274,14,1,0
BRDA:274,15,0,0
BRDA:274,15,1,0
BRDA:288,16,0,0
BRDA:288,16,1,0
BRF:33
BRH:0
end_of_record
TN:
SF:src/components/BitcoinIcon.tsx
FN:13,(anonymous_0)
FNF:1
FNH:1
FNDA:5,(anonymous_0)
DA:13,2
DA:14,5
LF:2
LH:2
BRDA:13,0,0,0
BRDA:16,1,0,1
BRDA:16,1,1,4
BRF:3
BRH:2
end_of_record
TN:
SF:src/components/EditableName.tsx
FN:11,(anonymous_0)
FN:16,(anonymous_1)
FN:20,(anonymous_2)
FN:28,(anonymous_3)
FN:41,(anonymous_4)
FN:46,(anonymous_5)
FN:52,(anonymous_6)
FN:63,(anonymous_7)
FN:66,(anonymous_8)
FNF:9
FNH:8
FNDA:20,(anonymous_0)
FNDA:18,(anonymous_1)
FNDA:6,(anonymous_2)
FNDA:3,(anonymous_3)
FNDA:1,(anonymous_4)
FNDA:1,(anonymous_5)
FNDA:20,(anonymous_6)
FNDA:6,(anonymous_7)
FNDA:0,(anonymous_8)
DA:11,2
DA:12,20
DA:13,20
DA:14,20
DA:16,20
DA:17,18
DA:20,20
DA:23,6
DA:24,6
DA:25,6
DA:28,20
DA:29,3
DA:31,3
DA:36,1
DA:38,3
DA:41,20
DA:42,1
DA:43,1
DA:46,20
DA:47,1
DA:48,1
DA:49,1
DA:52,20
DA:53,20
DA:54,9
DA:64,6
DA:66,0
DA:96,11
DA:112,20
LF:29
LH:28
BRDA:31,0,0,1
BRDA:31,0,1,2
BRDA:32,1,0,3
BRDA:32,1,1,3
BRDA:32,1,2,3
BRDA:53,2,0,9
BRDA:53,2,1,11
BRDA:66,3,0,0
BRDA:66,3,1,0
BRF:9
BRH:7
end_of_record
TN:
SF:src/components/theme.js
FNF:0
FNH:0
DA:3,1
LF:1
LH:1
BRF:0
BRH:0
end_of_record
TN:
SF:src/components/Wallet/WalletInfoCard.jsx
FN:11,(anonymous_0)
FN:29,(anonymous_1)
FNF:2
FNH:2
FNDA:4,(anonymous_0)
FNDA:4,(anonymous_1)
DA:11,4
DA:29,1
DA:37,4
DA:38,4
DA:99,1
DA:108,1
LF:6
LH:6
BRDA:32,0,0,0
BRDA:42,1,0,1
BRDA:42,1,1,3
BRDA:72,2,0,1
BRDA:72,2,1,2
BRDA:76,3,0,1
BRDA:76,3,1,0
BRDA:80,4,0,1
BRDA:80,4,1,0
BRF:9
BRH:6
end_of_record
TN:
SF:src/reducers/transactionReducer.js
FN:49,sortInputs
FN:67,(anonymous_1)
FN:75,(anonymous_2)
FN:77,(anonymous_3)
FN:104,updateInputs
FN:106,(anonymous_5)
FN:115,calcOutputTotalSats
FN:117,(anonymous_7)
FN:123,setFeeForRate
FN:136,deleteOutput
FN:157,updateFeeRate
FN:185,updateFee
FN:197,addOutput
FN:208,updateOutputAddress
FN:247,updateOutputMultisig
FN:256,updateOutputAmount
FN:278,finalizeOutputs
FN:305,updateRequiredSigners
FN:312,updateSigningKey
FN:318,outputInitialStateForMode
FN:327,resetTransactionState
FN:341,validateTransaction
FN:346,(anonymous_22)
FN:393,(anonymous_23)
FNF:24
FNH:18
FNDA:0,sortInputs
FNDA:13,(anonymous_1)
FNDA:3,(anonymous_2)
FNDA:2,(anonymous_3)
FNDA:1,updateInputs
FNDA:1,(anonymous_5)
FNDA:0,calcOutputTotalSats
FNDA:0,(anonymous_7)
FNDA:3,setFeeForRate
FNDA:1,deleteOutput
FNDA:1,updateFeeRate
FNDA:1,updateFee
FNDA:1,addOutput
FNDA:3,updateOutputAddress
FNDA:0,updateOutputMultisig
FNDA:1,updateOutputAmount
FNDA:1,finalizeOutputs
FNDA:7,updateRequiredSigners
FNDA:0,updateSigningKey
FNDA:1,outputInitialStateForMode
FNDA:0,resetTransactionState
FNDA:9,validateTransaction
FNDA:8,(anonymous_22)
FNDA:28,(anonymous_23)
DA:50,0
DA:51,0
DA:52,0
DA:53,0
DA:55,0
DA:56,0
DA:58,0
DA:59,0
DA:61,0
DA:62,0
DA:64,0
DA:67,13
DA:75,3
DA:77,2
DA:105,1
DA:106,1
DA:109,1
DA:116,0
DA:118,0
DA:124,3
DA:137,1
DA:138,1
DA:139,1
DA:140,2
DA:141,1
DA:142,1
DA:143,0
DA:145,2
DA:146,0
DA:148,1
DA:158,1
DA:161,1
DA:166,1
DA:173,1
DA:177,1
DA:186,1
DA:187,1
DA:188,1
DA:190,1
DA:198,1
DA:199,1
DA:209,3
DA:210,3
DA:211,3
DA:212,3
DA:213,2
DA:214,2
DA:218,1
DA:219,1
DA:220,1
DA:221,1
DA:225,3
DA:226,1
DA:227,1
DA:231,1
DA:232,1
DA:233,1
DA:234,1
DA:239,3
DA:240,3
DA:241,3
DA:248,0
DA:249,0
DA:250,0
DA:257,1
DA:258,1
DA:259,1
DA:260,1
DA:262,1
DA:263,0
DA:264,1
DA:266,1
DA:267,1
DA:269,1
DA:270,1
DA:271,1
DA:272,1
DA:282,1
DA:283,1
DA:288,0
DA:293,1
DA:299,1
DA:306,7
DA:313,0
DA:314,0
DA:315,0
DA:319,1
DA:328,0
DA:336,0
DA:337,0
DA:338,0
DA:342,9
DA:344,9
DA:346,8
DA:352,9
DA:357,0
DA:358,0
DA:359,0
DA:360,0
DA:362,0
DA:363,0
DA:365,0
DA:366,0
DA:367,0
DA:371,0
DA:376,0
DA:378,0
DA:379,0
DA:387,0
DA:394,28
DA:396,1
DA:398,1
DA:400,1
DA:402,7
DA:404,6
DA:406,1
DA:408,1
DA:410,0
DA:412,0
DA:414,3
DA:416,1
DA:418,0
DA:420,1
DA:422,1
DA:424,1
DA:426,1
DA:428,1
DA:430,0
DA:432,1
DA:434,0
DA:436,0
DA:438,0
DA:440,0
DA:442,0
DA:444,0
DA:446,0
DA:448,0
DA:450,0
LF:138
LH:84
BRDA:52,0,0,0
BRDA:52,0,1,0
BRDA:55,1,0,0
BRDA:55,1,1,0
BRDA:58,2,0,0
BRDA:58,2,1,0
BRDA:61,3,0,0
BRDA:61,3,1,0
BRDA:118,4,0,0
BRDA:118,4,1,0
BRDA:140,5,0,1
BRDA:140,5,1,1
BRDA:142,6,0,0
BRDA:142,6,1,1
BRDA:145,7,0,0
BRDA:145,7,1,2
BRDA:166,8,0,1
BRDA:166,8,1,0
BRDA:166,9,0,1
BRDA:166,9,1,0
BRDA:173,10,0,1
BRDA:173,10,1,0
BRDA:212,11,0,2
BRDA:212,11,1,1
BRDA:219,12,0,1
BRDA:219,12,1,0
BRDA:219,13,0,1
BRDA:219,13,1,1
BRDA:225,14,0,1
BRDA:225,14,1,2
BRDA:231,15,0,1
BRDA:231,15,1,0
BRDA:232,16,0,1
BRDA:232,16,1,0
BRDA:262,17,0,0
BRDA:262,17,1,1
BRDA:262,18,0,1
BRDA:262,18,1,0
BRDA:264,19,0,0
BRDA:264,19,1,1
BRDA:264,20,0,1
BRDA:264,20,1,0
BRDA:267,21,0,0
BRDA:267,21,1,1
BRDA:271,22,0,0
BRDA:271,22,1,1
BRDA:344,23,0,9
BRDA:344,23,1,0
BRDA:345,24,0,9
BRDA:345,24,1,4
BRDA:345,24,2,0
BRDA:345,24,3,0
BRDA:346,25,0,8
BRDA:346,25,1,3
BRDA:359,26,0,0
BRDA:359,26,1,0
BRDA:362,27,0,0
BRDA:362,27,1,0
BRDA:366,28,0,0
BRDA:366,28,1,0
BRDA:378,29,0,0
BRDA:378,29,1,0
BRDA:393,30,0,0
BRDA:394,31,0,1
BRDA:394,31,1,1
BRDA:394,31,2,1
BRDA:394,31,3,7
BRDA:394,31,4,6
BRDA:394,31,5,1
BRDA:394,31,6,1
BRDA:394,31,7,0
BRDA:394,31,8,0
BRDA:394,31,9,3
BRDA:394,31,10,1
BRDA:394,31,11,0
BRDA:394,31,12,1
BRDA:394,31,13,1
BRDA:394,31,14,1
BRDA:394,31,15,1
BRDA:394,31,16,1
BRDA:394,31,17,0
BRDA:394,31,18,1
BRDA:394,31,19,0
BRDA:394,31,20,0
BRDA:394,31,21,0
BRDA:394,31,22,0
BRDA:394,31,23,0
BRDA:394,31,24,0
BRDA:394,31,25,0
BRDA:394,31,26,0
BRDA:394,31,27,0
BRF:91
BRH:42
end_of_record
TN:
SF:src/reducers/utils.js
FN:1,updateState
FNF:1
FNH:1
FNDA:21,updateState
DA:2,21
LF:1
LH:1
BRF:0
BRH:0
end_of_record
TN:
SF:src/selectors/wallet.js
FN:5,(anonymous_0)
FN:6,(anonymous_1)
FN:11,(anonymous_2)
FN:12,(anonymous_3)
FN:13,(anonymous_4)
FN:14,(anonymous_5)
FN:15,(anonymous_6)
FN:16,(anonymous_7)
FN:17,(anonymous_8)
FN:18,(anonymous_9)
FN:20,(anonymous_10)
FN:22,(anonymous_11)
FN:35,(anonymous_12)
FN:62,(anonymous_13)
FN:79,(anonymous_14)
FN:80,(anonymous_15)
FN:81,(anonymous_16)
FN:91,(anonymous_17)
FN:93,(anonymous_18)
FN:98,(anonymous_19)
FN:115,(anonymous_20)
FN:124,(anonymous_21)
FN:125,(anonymous_22)
FN:133,(anonymous_23)
FN:157,(anonymous_24)
FN:159,(anonymous_25)
FN:172,(anonymous_26)
FN:173,(anonymous_27)
FN:181,(anonymous_28)
FN:181,(anonymous_29)
FN:190,(anonymous_30)
FN:192,(anonymous_31)
FN:202,(anonymous_32)
FN:202,(anonymous_33)
FN:211,(anonymous_34)
FN:211,(anonymous_35)
FN:218,(anonymous_36)
FN:220,(anonymous_37)
FN:241,(anonymous_38)
FN:280,(anonymous_39)
FN:282,(anonymous_40)
FN:284,(anonymous_41)
FN:288,(anonymous_42)
FNF:43
FNH:14
FNDA:2,(anonymous_0)
FNDA:7,(anonymous_1)
FNDA:0,(anonymous_2)
FNDA:0,(anonymous_3)
FNDA:0,(anonymous_4)
FNDA:0,(anonymous_5)
FNDA:0,(anonymous_6)
FNDA:0,(anonymous_7)
FNDA:0,(anonymous_8)
FNDA:0,(anonymous_9)
FNDA:0,(anonymous_10)
FNDA:0,(anonymous_11)
FNDA:0,(anonymous_12)
FNDA:0,(anonymous_13)
FNDA:2,(anonymous_14)
FNDA:8,(anonymous_15)
FNDA:14,(anonymous_16)
FNDA:2,(anonymous_17)
FNDA:4,(anonymous_18)
FNDA:8,(anonymous_19)
FNDA:1,(anonymous_20)
FNDA:5,(anonymous_21)
FNDA:21,(anonymous_22)
FNDA:27,(anonymous_23)
FNDA:5,(anonymous_24)
FNDA:21,(anonymous_25)
FNDA:0,(anonymous_26)
FNDA:0,(anonymous_27)
FNDA:0,(anonymous_28)
FNDA:0,(anonymous_29)
FNDA:0,(anonymous_30)
FNDA:0,(anonymous_31)
FNDA:0,(anonymous_32)
FNDA:0,(anonymous_33)
FNDA:0,(anonymous_34)
FNDA:0,(anonymous_35)
FNDA:0,(anonymous_36)
FNDA:0,(anonymous_37)
FNDA:0,(anonymous_38)
FNDA:0,(anonymous_39)
FNDA:0,(anonymous_40)
FNDA:0,(anonymous_41)
FNDA:0,(anonymous_42)
DA:5,3
DA:6,7
DA:11,3
DA:12,3
DA:13,3
DA:14,3
DA:15,3
DA:16,3
DA:17,3
DA:18,3
DA:19,0
DA:20,3
DA:21,0
DA:22,3
DA:23,0
DA:24,0
DA:30,0
DA:35,3
DA:36,0
DA:37,0
DA:39,0
DA:43,0
DA:46,0
DA:62,3
DA:63,0
DA:64,0
DA:65,0
DA:66,0
DA:72,0
DA:79,3
DA:80,2
DA:81,8
DA:82,14
DA:84,8
DA:88,3
DA:93,2
DA:95,4
DA:98,4
DA:99,8
DA:100,6
DA:104,4
DA:113,3
DA:115,1
DA:122,3
DA:125,5
DA:126,21
DA:127,0
DA:130,21
DA:133,27
DA:137,12
DA:141,2
DA:142,10
DA:155,3
DA:158,5
DA:161,21
DA:172,3
DA:173,0
DA:179,3
DA:181,0
DA:188,3
DA:191,0
DA:192,0
DA:200,3
DA:202,0
DA:209,3
DA:211,0
DA:218,3
DA:219,0
DA:220,0
DA:228,3
DA:253,0
DA:272,3
DA:277,3
DA:281,0
DA:283,0
DA:284,0
DA:286,0
DA:288,0
LF:78
LH:48
BRDA:23,0,0,0
BRDA:23,0,1,0
BRDA:39,1,0,0
BRDA:39,1,1,0
BRDA:43,2,0,0
BRDA:43,2,1,0
BRDA:46,3,0,0
BRDA:46,3,1,0
BRDA:68,4,0,0
BRDA:68,4,1,0
BRDA:95,5,0,0
BRDA:95,5,1,4
BRDA:99,6,0,2
BRDA:99,6,1,6
BRDA:126,7,0,0
BRDA:126,7,1,21
BRDA:126,8,0,21
BRDA:126,8,1,9
BRDA:130,9,0,9
BRDA:130,9,1,12
BRDA:130,10,0,21
BRDA:130,10,1,9
BRDA:137,11,0,2
BRDA:137,11,1,10
BRDA:138,12,0,12
BRDA:138,12,1,10
BRDA:138,12,2,10
BRDA:161,13,0,21
BRDA:161,13,1,2
BRDA:161,13,2,20
BRDA:161,13,3,20
BRDA:173,14,0,0
BRDA:173,14,1,0
BRDA:192,15,0,0
BRDA:192,15,1,0
BRDA:220,16,0,0
BRDA:220,16,1,0
BRDA:251,17,0,0
BRF:38
BRH:19
end_of_record
TN:
SF:src/utils/WrapText.jsx
FN:3,wrapText
FNF:1
FNH:0
FNDA:0,wrapText
DA:4,0
DA:5,0
DA:6,0
DA:7,0
DA:8,0
DA:11,0
DA:12,0
DA:14,0
LF:8
LH:0
BRDA:9,0,0,0
BRDA:9,0,1,0
BRF:2
BRH:0
end_of_record
TN:
SF:src/utils/constants.js
FNF:0
FNH:0
DA:3,3
DA:4,3
DA:5,3
DA:6,3
DA:7,3
LF:5
LH:5
BRF:0
BRH:0
end_of_record
TN:
SF:src/utils/custom-test-queries.js
FN:7,(anonymous_0)
FN:10,(anonymous_1)
FN:12,(anonymous_2)
FNF:3
FNH:1
FNDA:36,(anonymous_0)
FNDA:0,(anonymous_1)
FNDA:0,(anonymous_2)
DA:7,3
DA:8,36
DA:10,3
DA:11,0
DA:12,3
DA:13,0
DA:21,3
LF:7
LH:5
BRF:0
BRH:0
end_of_record
TN:
SF:src/utils/fixtures.js
FN:11,getMockState
FN:72,(anonymous_1)
FN:74,(anonymous_2)
FN:79,(anonymous_3)
FN:81,(anonymous_4)
FNF:5
FNH:5
FNDA:8,getMockState
FNDA:16,(anonymous_1)
FNDA:28,(anonymous_2)
FNDA:16,(anonymous_3)
FNDA:20,(anonymous_4)
DA:17,8
DA:19,8
DA:26,8
DA:38,8
DA:72,8
DA:73,16
DA:74,28
DA:79,8
DA:80,16
DA:81,20
DA:85,8
LF:11
LH:11
BRDA:15,0,0,8
BRDA:16,1,0,8
BRDA:26,2,0,4
BRDA:26,2,1,4
BRDA:26,3,0,8
BRDA:26,3,1,8
BRF:6
BRH:6
end_of_record
TN:
SF:src/utils/index.js
FN:8,validatePositiveInteger
FN:28,downloadFile
FN:56,isSpendAll
FN:62,(anonymous_3)
FN:95,naiveCoinSelection
FN:98,(anonymous_5)
FN:111,(anonymous_6)
FNF:7
FNH:5
FNDA:0,validatePositiveInteger
FNDA:0,downloadFile
FNDA:30,isSpendAll
FNDA:54,(anonymous_3)
FNDA:6,naiveCoinSelection
FNDA:12,(anonymous_5)
FNDA:6,(anonymous_6)
DA:9,0
DA:14,0
DA:16,0
DA:17,0
DA:22,0
DA:25,0
DA:29,0
DA:30,0
DA:31,0
DA:33,0
DA:34,0
DA:35,0
DA:36,0
DA:37,0
DA:38,0
DA:57,30
DA:61,30
DA:62,30
DA:63,54
DA:66,30
DA:67,7
DA:72,23
DA:96,6
DA:97,6
DA:99,12
DA:110,6
DA:111,6
DA:115,6
DA:117,6
DA:120,6
DA:126,5
DA:129,5
DA:130,8
DA:131,8
DA:133,8
DA:134,21
DA:142,8
DA:145,8
DA:148,4
DA:153,4
DA:159,4
DA:160,4
DA:168,2
DA:169,2
DA:170,2
DA:173,1
DA:174,1
DA:180,5
LF:48
LH:33
BRDA:9,0,0,0
BRDA:9,0,1,0
BRDA:10,1,0,0
BRDA:10,1,1,0
BRDA:10,1,2,0
BRDA:17,2,0,0
BRDA:17,2,1,0
BRDA:18,3,0,0
BRDA:18,3,1,0
BRDA:18,3,2,0
BRDA:30,4,0,0
BRDA:30,4,1,0
BRDA:66,5,0,7
BRDA:66,5,1,23
BRDA:126,6,0,2
BRDA:126,6,1,3
BRDA:145,7,0,4
BRDA:145,7,1,4
BRDA:160,8,0,2
BRDA:160,8,1,2
BRDA:161,9,0,4
BRDA:161,9,1,3
BRDA:170,10,0,1
BRDA:170,10,1,1
BRF:24
BRH:12
end_of_record
TN:
SF:src/utils/slices.js
FN:3,(anonymous_0)
FN:12,compareSlicesByPath
FN:32,compareSlicesByBalance
FN:49,compareSlicesByUTXOCount
FN:65,compareSlicesByTime
FN:95,(anonymous_5)
FN:96,(anonymous_6)
FN:104,isChange
FNF:8
FNH:5
FNDA:15,(anonymous_0)
FNDA:0,compareSlicesByPath
FNDA:0,compareSlicesByBalance
FNDA:0,compareSlicesByUTXOCount
FNDA:15,compareSlicesByTime
FNDA:4,(anonymous_5)
FNDA:4,(anonymous_6)
FNDA:9,isChange
DA:3,15
DA:13,0
DA:14,0
DA:16,0
DA:18,0
DA:19,0
DA:20,0
DA:21,0
DA:22,0
DA:33,0
DA:34,0
DA:36,0
DA:38,0
DA:39,0
DA:50,0
DA:51,0
DA:52,0
DA:53,0
DA:54,0
DA:66,15
DA:67,15
DA:70,15
DA:71,0
DA:72,15
DA:73,4
DA:76,11
DA:77,4
DA:78,3
DA:81,7
DA:82,1
DA:85,6
DA:86,1
DA:89,5
DA:90,3
DA:92,2
DA:93,0
DA:95,4
DA:96,4
DA:98,2
DA:99,2
DA:100,2
DA:101,2
DA:107,9
DA:108,9
DA:113,2
DA:117,7
DA:118,7
DA:121,7
DA:124,11
DA:129,6
DA:130,5
LF:51
LH:31
BRDA:3,0,0,10
BRDA:3,0,1,5
BRDA:12,1,0,0
BRDA:13,2,0,0
BRDA:13,2,1,0
BRDA:13,3,0,0
BRDA:13,3,1,0
BRDA:18,4,0,0
BRDA:18,4,1,0
BRDA:18,5,0,0
BRDA:18,5,1,0
BRDA:19,6,0,0
BRDA:19,6,1,0
BRDA:19,7,0,0
BRDA:19,7,1,0
BRDA:22,8,0,0
BRDA:22,8,1,0
BRDA:32,9,0,0
BRDA:33,10,0,0
BRDA:33,10,1,0
BRDA:33,11,0,0
BRDA:33,11,1,0
BRDA:38,12,0,0
BRDA:38,12,1,0
BRDA:39,13,0,0
BRDA:39,13,1,0
BRDA:49,14,0,0
BRDA:50,15,0,0
BRDA:50,15,1,0
BRDA:50,16,0,0
BRDA:50,16,1,0
BRDA:53,17,0,0
BRDA:53,17,1,0
BRDA:54,18,0,0
BRDA:54,18,1,0
BRDA:65,19,0,10
BRDA:67,20,0,0
BRDA:67,20,1,15
BRDA:67,21,0,15
BRDA:67,21,1,0
BRDA:67,21,2,0
BRDA:67,21,3,0
BRDA:70,22,0,0
BRDA:70,22,1,15
BRDA:71,23,0,0
BRDA:71,23,1,0
BRDA:71,24,0,0
BRDA:71,24,1,0
BRDA:72,25,0,4
BRDA:72,25,1,11
BRDA:73,26,0,4
BRDA:73,26,1,0
BRDA:73,27,0,4
BRDA:73,27,1,4
BRDA:76,28,0,4
BRDA:76,28,1,7
BRDA:76,29,0,11
BRDA:76,29,1,5
BRDA:77,30,0,1
BRDA:77,30,1,3
BRDA:78,31,0,1
BRDA:78,31,1,2
BRDA:81,32,0,1
BRDA:81,32,1,6
BRDA:81,33,0,7
BRDA:81,33,1,1
BRDA:81,33,2,0
BRDA:85,34,0,1
BRDA:85,34,1,5
BRDA:85,35,0,6
BRDA:85,35,1,1
BRDA:85,35,2,0
BRDA:89,36,0,3
BRDA:89,36,1,2
BRDA:90,37,0,1
BRDA:90,37,1,2
BRDA:92,38,0,0
BRDA:92,38,1,2
BRDA:93,39,0,0
BRDA:93,39,1,0
BRDA:98,40,0,0
BRDA:98,40,1,2
BRDA:98,41,0,2
BRDA:98,41,1,0
BRDA:99,42,0,0
BRDA:99,42,1,2
BRDA:100,43,0,0
BRDA:100,43,1,2
BRDA:101,44,0,0
BRDA:101,44,1,2
BRDA:108,45,0,2
BRDA:108,45,1,7
BRDA:109,46,0,9
BRDA:109,46,1,2
BRDA:124,47,0,1
BRDA:124,47,1,10
BRDA:129,48,0,1
BRDA:129,48,1,5
BRDA:129,49,0,6
BRDA:129,49,1,3
BRF:100
BRH:47
end_of_record
TN:
SF:src/utils/test-utils.js
FN:8,(anonymous_0)
FNF:1
FNH:1
FNDA:14,(anonymous_0)
DA:8,3
DA:9,14
LF:2
LH:2
BRF:0
BRH:0
end_of_record
